#
# There is insufficient memory for the Java Runtime Environment to continue.
# Native memory allocation (malloc) failed to allocate 130023424 bytes for committing reserved memory.
# Possible reasons:
#   The system is out of physical RAM or swap space
#   In 32 bit mode, the process size limit was hit
# Possible solutions:
#   Reduce memory load on the system
#   Increase physical memory or swap space
#   Check if swap backing store is full
#   Use 64 bit Java on a 64 bit OS
#   Decrease Java heap size (-Xmx/-Xms)
#   Decrease number of Java threads
#   Decrease Java thread stack sizes (-Xss)
#   Set larger code cache with -XX:ReservedCodeCacheSize=
# This output file may be truncated or incomplete.
#
#  Out of Memory Error (os_linux.cpp:2756), pid=4502, tid=139665385903872
#
# JRE version: Java(TM) SE Runtime Environment (7.0_76-b13) (build 1.7.0_76-b13)
# Java VM: Java HotSpot(TM) 64-Bit Server VM (24.76-b04 mixed mode linux-amd64 compressed oops)
# Failed to write core dump. Core dumps have been disabled. To enable core dumping, try "ulimit -c unlimited" before starting Java again
#

---------------  T H R E A D  ---------------

Current thread (0x00007f066c131000):  VMThread [stack: 0x00007f0661a6d000,0x00007f0661b6e000] [id=4515]

Stack: [0x00007f0661a6d000,0x00007f0661b6e000],  sp=0x00007f0661b6c240,  free space=1020k
Native frames: (J=compiled Java code, j=interpreted, Vv=VM code, C=native code)
V  [libjvm.so+0x9a32ba]  VMError::report_and_die()+0x2ea
V  [libjvm.so+0x497f7b]  report_vm_out_of_memory(char const*, int, unsigned long, char const*)+0x9b
V  [libjvm.so+0x81fcce]  os::Linux::commit_memory_impl(char*, unsigned long, bool)+0xfe
V  [libjvm.so+0x820219]  os::pd_commit_memory(char*, unsigned long, unsigned long, bool)+0x29
V  [libjvm.so+0x819faa]  os::commit_memory(char*, unsigned long, unsigned long, bool)+0x2a
V  [libjvm.so+0x88d843]  PSVirtualSpace::expand_by(unsigned long)+0x53
V  [libjvm.so+0x88ec18]  PSYoungGen::resize_generation(unsigned long, unsigned long)+0xf8
V  [libjvm.so+0x88dd82]  PSYoungGen::resize(unsigned long, unsigned long)+0x22
V  [libjvm.so+0x88b13d]  PSScavenge::invoke_no_policy()+0xf3d
V  [libjvm.so+0x88b981]  PSScavenge::invoke()+0x41
V  [libjvm.so+0x842300]  ParallelScavengeHeap::failed_mem_allocate(unsigned long)+0x70
V  [libjvm.so+0x9a4b47]  VM_ParallelGCFailedAllocation::doit()+0x97
V  [libjvm.so+0x9abfe5]  VM_Operation::evaluate()+0x55
V  [libjvm.so+0x9aa3aa]  VMThread::evaluate_operation(VM_Operation*)+0xba
V  [libjvm.so+0x9aa72e]  VMThread::loop()+0x1ce
V  [libjvm.so+0x9aaba0]  VMThread::run()+0x70
V  [libjvm.so+0x821ca8]  java_start(Thread*)+0x108

VM_Operation (0x00007f06737ea1d0): ParallelGCFailedAllocation, mode: safepoint, requested by thread 0x00007f066c00a000


---------------  P R O C E S S  ---------------

Java Threads: ( => current thread )
  0x00007f066c15f800 JavaThread "Service Thread" daemon [_thread_blocked, id=4521, stack(0x00007f0660d85000,0x00007f0660e86000)]
  0x00007f066c15d800 JavaThread "C2 CompilerThread1" daemon [_thread_blocked, id=4520, stack(0x00007f0660e86000,0x00007f0660f87000)]
  0x00007f066c15a800 JavaThread "C2 CompilerThread0" daemon [_thread_blocked, id=4519, stack(0x00007f0660f87000,0x00007f0661088000)]
  0x00007f066c158000 JavaThread "Signal Dispatcher" daemon [_thread_blocked, id=4518, stack(0x00007f0661088000,0x00007f0661189000)]
  0x00007f066c137000 JavaThread "Finalizer" daemon [_thread_blocked, id=4517, stack(0x00007f066186b000,0x00007f066196c000)]
  0x00007f066c135000 JavaThread "Reference Handler" daemon [_thread_blocked, id=4516, stack(0x00007f066196c000,0x00007f0661a6d000)]
  0x00007f066c00a000 JavaThread "main" [_thread_blocked, id=4510, stack(0x00007f06736eb000,0x00007f06737ec000)]

Other Threads:
=>0x00007f066c131000 VMThread [stack: 0x00007f0661a6d000,0x00007f0661b6e000] [id=4515]
  0x00007f066c16a800 WatcherThread [stack: 0x00007f0660c84000,0x00007f0660d85000] [id=4522]

VM state:at safepoint (normal execution)

VM Mutex/Monitor currently owned by a thread:  ([mutex/lock_event])
[0x00007f066c006260] Threads_lock - owner thread: 0x00007f066c131000
[0x00007f066c006760] Heap_lock - owner thread: 0x00007f066c00a000

Heap
 PSYoungGen      total 99840K, used 3574K [0x00000000eaa80000, 0x00000000f0f80000, 0x0000000100000000)
  eden space 96256K, 0% used [0x00000000eaa80000,0x00000000eaa80000,0x00000000f0880000)
  from space 3584K, 99% used [0x00000000f0880000,0x00000000f0bfdbf0,0x00000000f0c00000)
  to   space 3584K, 0% used [0x00000000f0c00000,0x00000000f0c00000,0x00000000f0f80000)
 ParOldGen       total 62464K, used 41207K [0x00000000c0000000, 0x00000000c3d00000, 0x00000000eaa80000)
  object space 62464K, 65% used [0x00000000c0000000,0x00000000c283dd00,0x00000000c3d00000)
 PSPermGen       total 21504K, used 6394K [0x00000000bae00000, 0x00000000bc300000, 0x00000000c0000000)
  object space 21504K, 29% used [0x00000000bae00000,0x00000000bb43e9e8,0x00000000bc300000)

Card table byte_map: [0x00007f06707b2000,0x00007f06709dc000] byte_map_base: 0x00007f06701db000

Polling page: 0x00007f0673811000

Code Cache  [0x00007f0669000000, 0x00007f0669270000, 0x00007f066c000000)
 total_blobs=891 nmethods=644 adapters=200 free_code_cache=47386Kb largest_free_block=48484608

Compilation events (10 events):
Event: 5.018 Thread 0x00007f066c15d800  648             com.android.dx.merge.DexMerger::transformClassDef (160 bytes)
Event: 5.019 Thread 0x00007f066c15a800  649             com.android.dx.merge.IndexMap::adjustAnnotationDirectory (18 bytes)
Event: 5.023 Thread 0x00007f066c15a800 nmethod 649 0x00007f06691b0e50 code [0x00007f06691b0fc0, 0x00007f06691b1278]
Event: 5.023 Thread 0x00007f066c15a800  650             com.android.dx.merge.IndexMap::adjustStaticValues (18 bytes)
Event: 5.027 Thread 0x00007f066c15a800 nmethod 650 0x00007f06691b06d0 code [0x00007f06691b0840, 0x00007f06691b0af8]
Event: 5.032 Thread 0x00007f066c15a800  651             com.android.dx.io.instructions.InstructionCodec$11::decode (38 bytes)
Event: 5.034 Thread 0x00007f066c15a800 nmethod 651 0x00007f06691af990 code [0x00007f06691afae0, 0x00007f06691afc98]
Event: 5.034 Thread 0x00007f066c15a800  652             com.android.dx.io.instructions.InstructionCodec$11::encode (22 bytes)
Event: 5.035 Thread 0x00007f066c15a800 nmethod 652 0x00007f06691b00d0 code [0x00007f06691b0240, 0x00007f06691b0438]
Event: 5.048 Thread 0x00007f066c15a800  653             com.android.dex.Dex::readClassData (28 bytes)

GC Heap History (9 events):
Event: 1.742 GC heap before
{Heap before GC invocations=1 (full 0):
 PSYoungGen      total 27648K, used 24064K [0x00000000eaa80000, 0x00000000ec900000, 0x0000000100000000)
  eden space 24064K, 100% used [0x00000000eaa80000,0x00000000ec200000,0x00000000ec200000)
  from space 3584K, 0% used [0x00000000ec580000,0x00000000ec580000,0x00000000ec900000)
  to   space 3584K, 0% used [0x00000000ec200000,0x00000000ec200000,0x00000000ec580000)
 ParOldGen       total 62464K, used 0K [0x00000000c0000000, 0x00000000c3d00000, 0x00000000eaa80000)
  object space 62464K, 0% used [0x00000000c0000000,0x00000000c0000000,0x00000000c3d00000)
 PSPermGen       total 21504K, used 4960K [0x00000000bae00000, 0x00000000bc300000, 0x00000000c0000000)
  object space 21504K, 23% used [0x00000000bae00000,0x00000000bb2d8378,0x00000000bc300000)
Event: 1.767 GC heap after
Heap after GC invocations=1 (full 0):
 PSYoungGen      total 27648K, used 3571K [0x00000000eaa80000, 0x00000000ee080000, 0x0000000100000000)
  eden space 24064K, 0% used [0x00000000eaa80000,0x00000000eaa80000,0x00000000ec200000)
  from space 3584K, 99% used [0x00000000ec200000,0x00000000ec57cc00,0x00000000ec580000)
  to   space 3584K, 0% used [0x00000000edd00000,0x00000000edd00000,0x00000000ee080000)
 ParOldGen       total 62464K, used 7154K [0x00000000c0000000, 0x00000000c3d00000, 0x00000000eaa80000)
  object space 62464K, 11% used [0x00000000c0000000,0x00000000c06fc870,0x00000000c3d00000)
 PSPermGen       total 21504K, used 4960K [0x00000000bae00000, 0x00000000bc300000, 0x00000000c0000000)
  object space 21504K, 23% used [0x00000000bae00000,0x00000000bb2d8378,0x00000000bc300000)
}
Event: 3.428 GC heap before
{Heap before GC invocations=2 (full 0):
 PSYoungGen      total 27648K, used 27635K [0x00000000eaa80000, 0x00000000ee080000, 0x0000000100000000)
  eden space 24064K, 100% used [0x00000000eaa80000,0x00000000ec200000,0x00000000ec200000)
  from space 3584K, 99% used [0x00000000ec200000,0x00000000ec57cc00,0x00000000ec580000)
  to   space 3584K, 0% used [0x00000000edd00000,0x00000000edd00000,0x00000000ee080000)
 ParOldGen       total 62464K, used 7154K [0x00000000c0000000, 0x00000000c3d00000, 0x00000000eaa80000)
  object space 62464K, 11% used [0x00000000c0000000,0x00000000c06fc870,0x00000000c3d00000)
 PSPermGen       total 21504K, used 6289K [0x00000000bae00000, 0x00000000bc300000, 0x00000000c0000000)
  object space 21504K, 29% used [0x00000000bae00000,0x00000000bb4246d0,0x00000000bc300000)
Event: 3.446 GC heap after
Heap after GC invocations=2 (full 0):
 PSYoungGen      total 51712K, used 3568K [0x00000000eaa80000, 0x00000000ee080000, 0x0000000100000000)
  eden space 48128K, 0% used [0x00000000eaa80000,0x00000000eaa80000,0x00000000ed980000)
  from space 3584K, 99% used [0x00000000edd00000,0x00000000ee07c2b0,0x00000000ee080000)
  to   space 3584K, 0% used [0x00000000ed980000,0x00000000ed980000,0x00000000edd00000)
 ParOldGen       total 62464K, used 12777K [0x00000000c0000000, 0x00000000c3d00000, 0x00000000eaa80000)
  object space 62464K, 20% used [0x00000000c0000000,0x00000000c0c7a440,0x00000000c3d00000)
 PSPermGen       total 21504K, used 6289K [0x00000000bae00000, 0x00000000bc300000, 0x00000000c0000000)
  object space 21504K, 29% used [0x00000000bae00000,0x00000000bb4246d0,0x00000000bc300000)
}
Event: 3.934 GC heap before
{Heap before GC invocations=3 (full 0):
 PSYoungGen      total 51712K, used 51696K [0x00000000eaa80000, 0x00000000ee080000, 0x0000000100000000)
  eden space 48128K, 100% used [0x00000000eaa80000,0x00000000ed980000,0x00000000ed980000)
  from space 3584K, 99% used [0x00000000edd00000,0x00000000ee07c2b0,0x00000000ee080000)
  to   space 3584K, 0% used [0x00000000ed980000,0x00000000ed980000,0x00000000edd00000)
 ParOldGen       total 62464K, used 12777K [0x00000000c0000000, 0x00000000c3d00000, 0x00000000eaa80000)
  object space 62464K, 20% used [0x00000000c0000000,0x00000000c0c7a440,0x00000000c3d00000)
 PSPermGen       total 21504K, used 6358K [0x00000000bae00000, 0x00000000bc300000, 0x00000000c0000000)
  object space 21504K, 29% used [0x00000000bae00000,0x00000000bb435ac0,0x00000000bc300000)
Event: 3.945 GC heap after
Heap after GC invocations=3 (full 0):
 PSYoungGen      total 51712K, used 3568K [0x00000000eaa80000, 0x00000000f0f80000, 0x0000000100000000)
  eden space 48128K, 0% used [0x00000000eaa80000,0x00000000eaa80000,0x00000000ed980000)
  from space 3584K, 99% used [0x00000000ed980000,0x00000000edcfc2b0,0x00000000edd00000)
  to   space 3584K, 0% used [0x00000000f0c00000,0x00000000f0c00000,0x00000000f0f80000)
 ParOldGen       total 62464K, used 16677K [0x00000000c0000000, 0x00000000c3d00000, 0x00000000eaa80000)
  object space 62464K, 26% used [0x00000000c0000000,0x00000000c1049480,0x00000000c3d00000)
 PSPermGen       total 21504K, used 6358K [0x00000000bae00000, 0x00000000bc300000, 0x00000000c0000000)
  object space 21504K, 29% used [0x00000000bae00000,0x00000000bb435ac0,0x00000000bc300000)
}
Event: 4.244 GC heap before
{Heap before GC invocations=4 (full 0):
 PSYoungGen      total 51712K, used 51696K [0x00000000eaa80000, 0x00000000f0f80000, 0x0000000100000000)
  eden space 48128K, 100% used [0x00000000eaa80000,0x00000000ed980000,0x00000000ed980000)
  from space 3584K, 99% used [0x00000000ed980000,0x00000000edcfc2b0,0x00000000edd00000)
  to   space 3584K, 0% used [0x00000000f0c00000,0x00000000f0c00000,0x00000000f0f80000)
 ParOldGen       total 62464K, used 16677K [0x00000000c0000000, 0x00000000c3d00000, 0x00000000eaa80000)
  object space 62464K, 26% used [0x00000000c0000000,0x00000000c1049480,0x00000000c3d00000)
 PSPermGen       total 21504K, used 6380K [0x00000000bae00000, 0x00000000bc300000, 0x00000000c0000000)
  object space 21504K, 29% used [0x00000000bae00000,0x00000000bb43b2d8,0x00000000bc300000)
Event: 4.254 GC heap after
Heap after GC invocations=4 (full 0):
 PSYoungGen      total 99840K, used 3574K [0x00000000eaa80000, 0x00000000f0f80000, 0x0000000100000000)
  eden space 96256K, 0% used [0x00000000eaa80000,0x00000000eaa80000,0x00000000f0880000)
  from space 3584K, 99% used [0x00000000f0c00000,0x00000000f0f7da20,0x00000000f0f80000)
  to   space 3584K, 0% used [0x00000000f0880000,0x00000000f0880000,0x00000000f0c00000)
 ParOldGen       total 62464K, used 28011K [0x00000000c0000000, 0x00000000c3d00000, 0x00000000eaa80000)
  object space 62464K, 44% used [0x00000000c0000000,0x00000000c1b5ad30,0x00000000c3d00000)
 PSPermGen       total 21504K, used 6380K [0x00000000bae00000, 0x00000000bc300000, 0x00000000c0000000)
  object space 21504K, 29% used [0x00000000bae00000,0x00000000bb43b2d8,0x00000000bc300000)
}
Event: 5.055 GC heap before
{Heap before GC invocations=5 (full 0):
 PSYoungGen      total 99840K, used 99830K [0x00000000eaa80000, 0x00000000f0f80000, 0x0000000100000000)
  eden space 96256K, 100% used [0x00000000eaa80000,0x00000000f0880000,0x00000000f0880000)
  from space 3584K, 99% used [0x00000000f0c00000,0x00000000f0f7da20,0x00000000f0f80000)
  to   space 3584K, 0% used [0x00000000f0880000,0x00000000f0880000,0x00000000f0c00000)
 ParOldGen       total 62464K, used 28011K [0x00000000c0000000, 0x00000000c3d00000, 0x00000000eaa80000)
  object space 62464K, 44% used [0x00000000c0000000,0x00000000c1b5ad30,0x00000000c3d00000)
 PSPermGen       total 21504K, used 6394K [0x00000000bae00000, 0x00000000bc300000, 0x00000000c0000000)
  object space 21504K, 29% used [0x00000000bae00000,0x00000000bb43e9e8,0x00000000bc300000)

Deoptimization events (10 events):
Event: 3.987 Thread 0x00007f066c00a000 Uncommon trap: reason=array_check action=maybe_recompile pc=0x00007f06691734d0 method=java.util.ComparableTimSort.binarySort([Ljava/lang/Object;III)V @ 193
Event: 4.238 Thread 0x00007f066c00a000 Uncommon trap: reason=array_check action=maybe_recompile pc=0x00007f06691734d0 method=java.util.ComparableTimSort.binarySort([Ljava/lang/Object;III)V @ 193
Event: 4.281 Thread 0x00007f066c00a000 Uncommon trap: reason=predicate action=maybe_recompile pc=0x00007f0669177618 method=java.util.TimSort.binarySort([Ljava/lang/Object;IIILjava/util/Comparator;)V @ 37
Event: 4.342 Thread 0x00007f066c00a000 Uncommon trap: reason=array_check action=maybe_recompile pc=0x00007f06691734d0 method=java.util.ComparableTimSort.binarySort([Ljava/lang/Object;III)V @ 193
Event: 4.363 Thread 0x00007f066c00a000 Uncommon trap: reason=array_check action=maybe_recompile pc=0x00007f06690d3708 method=java.util.TimSort.binarySort([Ljava/lang/Object;IIILjava/util/Comparator;)V @ 193
Event: 4.363 Thread 0x00007f066c00a000 Uncommon trap: reason=array_check action=maybe_recompile pc=0x00007f06690d37cc method=java.util.TimSort.binarySort([Ljava/lang/Object;IIILjava/util/Comparator;)V @ 183
Event: 4.363 Thread 0x00007f066c00a000 Uncommon trap: reason=array_check action=maybe_recompile pc=0x00007f06690d3708 method=java.util.TimSort.binarySort([Ljava/lang/Object;IIILjava/util/Comparator;)V @ 193
Event: 4.363 Thread 0x00007f066c00a000 Uncommon trap: reason=array_check action=maybe_recompile pc=0x00007f06690d3708 method=java.util.TimSort.binarySort([Ljava/lang/Object;IIILjava/util/Comparator;)V @ 193
Event: 4.470 Thread 0x00007f066c00a000 Uncommon trap: reason=array_check action=maybe_recompile pc=0x00007f066919f6d4 method=java.util.TimSort.binarySort([Ljava/lang/Object;IIILjava/util/Comparator;)V @ 215
Event: 4.471 Thread 0x00007f066c00a000 Uncommon trap: reason=array_check action=maybe_recompile pc=0x00007f066919f6d4 method=java.util.TimSort.binarySort([Ljava/lang/Object;IIILjava/util/Comparator;)V @ 215

Internal exceptions (10 events):
Event: 3.092 Thread 0x00007f066c00a000 Threw 0x00000000ebb7fd58 at /HUDSON/workspace/7u-2-build-linux-amd64/jdk7u76/1941/hotspot/src/share/vm/prims/jvm.cpp:1304
Event: 3.092 Thread 0x00007f066c00a000 Threw 0x00000000ebb82e60 at /HUDSON/workspace/7u-2-build-linux-amd64/jdk7u76/1941/hotspot/src/share/vm/prims/jvm.cpp:1304
Event: 3.092 Thread 0x00007f066c00a000 Threw 0x00000000ebb86048 at /HUDSON/workspace/7u-2-build-linux-amd64/jdk7u76/1941/hotspot/src/share/vm/prims/jvm.cpp:1304
Event: 3.093 Thread 0x00007f066c00a000 Threw 0x00000000ebb89a08 at /HUDSON/workspace/7u-2-build-linux-amd64/jdk7u76/1941/hotspot/src/share/vm/prims/jvm.cpp:1304
Event: 3.094 Thread 0x00007f066c00a000 Threw 0x00000000ebb8c8e8 at /HUDSON/workspace/7u-2-build-linux-amd64/jdk7u76/1941/hotspot/src/share/vm/prims/jvm.cpp:1304
Event: 3.094 Thread 0x00007f066c00a000 Threw 0x00000000ebb8f988 at /HUDSON/workspace/7u-2-build-linux-amd64/jdk7u76/1941/hotspot/src/share/vm/prims/jvm.cpp:1304
Event: 3.094 Thread 0x00007f066c00a000 Threw 0x00000000ebb92e50 at /HUDSON/workspace/7u-2-build-linux-amd64/jdk7u76/1941/hotspot/src/share/vm/prims/jvm.cpp:1304
Event: 3.096 Thread 0x00007f066c00a000 Threw 0x00000000ebb9a0c8 at /HUDSON/workspace/7u-2-build-linux-amd64/jdk7u76/1941/hotspot/src/share/vm/prims/jvm.cpp:1304
Event: 3.096 Thread 0x00007f066c00a000 Threw 0x00000000ebb9c318 at /HUDSON/workspace/7u-2-build-linux-amd64/jdk7u76/1941/hotspot/src/share/vm/prims/jvm.cpp:1304
Event: 3.654 Thread 0x00007f066c00a000 Threw 0x00000000ebd4a7a0 at /HUDSON/workspace/7u-2-build-linux-amd64/jdk7u76/1941/hotspot/src/share/vm/prims/jvm.cpp:1304

Events (10 events):
Event: 4.363 Thread 0x00007f066c00a000 Uncommon trap: trap_request=0xffffffd6 fr.pc=0x00007f06690d3708
Event: 4.363 Thread 0x00007f066c00a000 DEOPT PACKING pc=0x00007f06690d3708 sp=0x00007f06737ea460
Event: 4.363 Thread 0x00007f066c00a000 DEOPT UNPACKING pc=0x00007f0669039445 sp=0x00007f06737ea428 mode 2
Event: 4.470 Thread 0x00007f066c00a000 Uncommon trap: trap_request=0xffffffd6 fr.pc=0x00007f066919f6d4
Event: 4.470 Thread 0x00007f066c00a000 DEOPT PACKING pc=0x00007f066919f6d4 sp=0x00007f06737ea460
Event: 4.470 Thread 0x00007f066c00a000 DEOPT UNPACKING pc=0x00007f0669039445 sp=0x00007f06737ea428 mode 2
Event: 4.471 Thread 0x00007f066c00a000 Uncommon trap: trap_request=0xffffffd6 fr.pc=0x00007f066919f6d4
Event: 4.471 Thread 0x00007f066c00a000 DEOPT PACKING pc=0x00007f066919f6d4 sp=0x00007f06737ea460
Event: 4.471 Thread 0x00007f066c00a000 DEOPT UNPACKING pc=0x00007f0669039445 sp=0x00007f06737ea428 mode 2
Event: 5.055 Executing VM operation: ParallelGCFailedAllocation


Dynamic libraries:
00400000-00401000 r-xp 00000000 08:05 1977939                            /usr/lib/jvm/java-7-oracle/jre/bin/java
00600000-00601000 rw-p 00000000 08:05 1977939                            /usr/lib/jvm/java-7-oracle/jre/bin/java
011cd000-011ee000 rw-p 00000000 00:00 0                                  [heap]
bae00000-bc300000 rw-p 00000000 00:00 0 
bc300000-c0000000 rw-p 00000000 00:00 0 
c0000000-c3d00000 rw-p 00000000 00:00 0 
c3d00000-eaa80000 rw-p 00000000 00:00 0 
eaa80000-f0f80000 rw-p 00000000 00:00 0 
f8b80000-100000000 rw-p 00000000 00:00 0 
7f062c000000-7f062c021000 rw-p 00000000 00:00 0 
7f062c021000-7f0630000000 ---p 00000000 00:00 0 
7f0634000000-7f0634aa6000 rw-p 00000000 00:00 0 
7f0634aa6000-7f0638000000 ---p 00000000 00:00 0 
7f0638000000-7f0638021000 rw-p 00000000 00:00 0 
7f0638021000-7f063c000000 ---p 00000000 00:00 0 
7f063c000000-7f063c021000 rw-p 00000000 00:00 0 
7f063c021000-7f0640000000 ---p 00000000 00:00 0 
7f0640000000-7f06409e3000 rw-p 00000000 00:00 0 
7f06409e3000-7f0644000000 ---p 00000000 00:00 0 
7f0644000000-7f0644021000 rw-p 00000000 00:00 0 
7f0644021000-7f0648000000 ---p 00000000 00:00 0 
7f0648000000-7f0648021000 rw-p 00000000 00:00 0 
7f0648021000-7f064c000000 ---p 00000000 00:00 0 
7f064c000000-7f064c021000 rw-p 00000000 00:00 0 
7f064c021000-7f0650000000 ---p 00000000 00:00 0 
7f0650000000-7f06500e2000 rw-p 00000000 00:00 0 
7f06500e2000-7f0654000000 ---p 00000000 00:00 0 
7f0654000000-7f0654021000 rw-p 00000000 00:00 0 
7f0654021000-7f0658000000 ---p 00000000 00:00 0 
7f065c000000-7f065c021000 rw-p 00000000 00:00 0 
7f065c021000-7f0660000000 ---p 00000000 00:00 0 
7f06606ef000-7f066085c000 rw-p 00000000 00:00 0 
7f066085c000-7f0660872000 r-xp 00000000 08:05 1978792                    /usr/lib/jvm/java-7-oracle/jre/lib/amd64/libnet.so
7f0660872000-7f0660a72000 ---p 00016000 08:05 1978792                    /usr/lib/jvm/java-7-oracle/jre/lib/amd64/libnet.so
7f0660a72000-7f0660a73000 rw-p 00016000 08:05 1978792                    /usr/lib/jvm/java-7-oracle/jre/lib/amd64/libnet.so
7f0660a73000-7f0660a83000 r-xp 00000000 08:05 1978795                    /usr/lib/jvm/java-7-oracle/jre/lib/amd64/libnio.so
7f0660a83000-7f0660c83000 ---p 00010000 08:05 1978795                    /usr/lib/jvm/java-7-oracle/jre/lib/amd64/libnio.so
7f0660c83000-7f0660c84000 rw-p 00010000 08:05 1978795                    /usr/lib/jvm/java-7-oracle/jre/lib/amd64/libnio.so
7f0660c84000-7f0660c85000 ---p 00000000 00:00 0 
7f0660c85000-7f0660d85000 rw-p 00000000 00:00 0                          [stack:4522]
7f0660d85000-7f0660d88000 ---p 00000000 00:00 0 
7f0660d88000-7f0660e86000 rw-p 00000000 00:00 0                          [stack:4521]
7f0660e86000-7f0660e89000 ---p 00000000 00:00 0 
7f0660e89000-7f0660f87000 rw-p 00000000 00:00 0                          [stack:4520]
7f0660f87000-7f0660f8a000 ---p 00000000 00:00 0 
7f0660f8a000-7f0661088000 rw-p 00000000 00:00 0                          [stack:4519]
7f0661088000-7f066108b000 ---p 00000000 00:00 0 
7f066108b000-7f0661189000 rw-p 00000000 00:00 0                          [stack:4518]
7f0661189000-7f066186b000 r--p 00000000 08:05 1973176                    /usr/lib/locale/locale-archive
7f066186b000-7f066186e000 ---p 00000000 00:00 0 
7f066186e000-7f066196c000 rw-p 00000000 00:00 0                          [stack:4517]
7f066196c000-7f066196f000 ---p 00000000 00:00 0 
7f066196f000-7f0661a6d000 rw-p 00000000 00:00 0                          [stack:4516]
7f0661a6d000-7f0661a6e000 ---p 00000000 00:00 0 
7f0661a6e000-7f0664000000 rw-p 00000000 00:00 0                          [stack:4515]
7f0664000000-7f0664021000 rw-p 00000000 00:00 0 
7f0664021000-7f0668000000 ---p 00000000 00:00 0 
7f0668018000-7f0668d70000 rw-p 00000000 00:00 0 
7f0668d70000-7f0668f2f000 r--s 039f0000 08:05 1978874                    /usr/lib/jvm/java-7-oracle/jre/lib/rt.jar
7f0668f2f000-7f0669000000 rw-p 00000000 00:00 0 
7f0669000000-7f0669270000 rwxp 00000000 00:00 0 
7f0669270000-7f066c339000 rw-p 00000000 00:00 0 
7f066c339000-7f0670000000 ---p 00000000 00:00 0 
7f0670006000-7f067022f000 rw-p 00000000 00:00 0 
7f067022f000-7f0670230000 ---p 00000000 00:00 0 
7f0670230000-7f0670330000 rw-p 00000000 00:00 0                          [stack:4514]
7f0670330000-7f0670331000 ---p 00000000 00:00 0 
7f0670331000-7f0670431000 rw-p 00000000 00:00 0                          [stack:4513]
7f0670431000-7f0670432000 ---p 00000000 00:00 0 
7f0670432000-7f0670532000 rw-p 00000000 00:00 0                          [stack:4512]
7f0670532000-7f0670533000 ---p 00000000 00:00 0 
7f0670533000-7f067063e000 rw-p 00000000 00:00 0                          [stack:4511]
7f067063e000-7f067065c000 rw-p 00000000 00:00 0 
7f067065c000-7f067067b000 rw-p 00000000 00:00 0 
7f067067b000-7f06707b2000 rw-p 00000000 00:00 0 
7f06707b2000-7f06707bd000 rw-p 00000000 00:00 0 
7f06707bd000-7f06707db000 rw-p 00000000 00:00 0 
7f06707db000-7f06707fa000 rw-p 00000000 00:00 0 
7f06707fa000-7f0670930000 rw-p 00000000 00:00 0 
7f0670930000-7f0670963000 rw-p 00000000 00:00 0 
7f0670963000-7f06709db000 rw-p 00000000 00:00 0 
7f06709db000-7f06709dc000 rw-p 00000000 00:00 0 
7f06709dc000-7f06709f6000 r-xp 00000000 08:05 1978068                    /usr/lib/jvm/java-7-oracle/jre/lib/amd64/libzip.so
7f06709f6000-7f0670bf6000 ---p 0001a000 08:05 1978068                    /usr/lib/jvm/java-7-oracle/jre/lib/amd64/libzip.so
7f0670bf6000-7f0670bf7000 rw-p 0001a000 08:05 1978068                    /usr/lib/jvm/java-7-oracle/jre/lib/amd64/libzip.so
7f0670bf7000-7f0670c02000 r-xp 00000000 08:05 2505604                    /lib/x86_64-linux-gnu/libnss_files-2.19.so
7f0670c02000-7f0670e01000 ---p 0000b000 08:05 2505604                    /lib/x86_64-linux-gnu/libnss_files-2.19.so
7f0670e01000-7f0670e02000 r--p 0000a000 08:05 2505604                    /lib/x86_64-linux-gnu/libnss_files-2.19.so
7f0670e02000-7f0670e03000 rw-p 0000b000 08:05 2505604                    /lib/x86_64-linux-gnu/libnss_files-2.19.so
7f0670e03000-7f0670e0e000 r-xp 00000000 08:05 2505645                    /lib/x86_64-linux-gnu/libnss_nis-2.19.so
7f0670e0e000-7f067100d000 ---p 0000b000 08:05 2505645                    /lib/x86_64-linux-gnu/libnss_nis-2.19.so
7f067100d000-7f067100e000 r--p 0000a000 08:05 2505645                    /lib/x86_64-linux-gnu/libnss_nis-2.19.so
7f067100e000-7f067100f000 rw-p 0000b000 08:05 2505645                    /lib/x86_64-linux-gnu/libnss_nis-2.19.so
7f067100f000-7f0671026000 r-xp 00000000 08:05 2505623                    /lib/x86_64-linux-gnu/libnsl-2.19.so
7f0671026000-7f0671225000 ---p 00017000 08:05 2505623                    /lib/x86_64-linux-gnu/libnsl-2.19.so
7f0671225000-7f0671226000 r--p 00016000 08:05 2505623                    /lib/x86_64-linux-gnu/libnsl-2.19.so
7f0671226000-7f0671227000 rw-p 00017000 08:05 2505623                    /lib/x86_64-linux-gnu/libnsl-2.19.so
7f0671227000-7f0671229000 rw-p 00000000 00:00 0 
7f0671229000-7f0671232000 r-xp 00000000 08:05 2505621                    /lib/x86_64-linux-gnu/libnss_compat-2.19.so
7f0671232000-7f0671431000 ---p 00009000 08:05 2505621                    /lib/x86_64-linux-gnu/libnss_compat-2.19.so
7f0671431000-7f0671432000 r--p 00008000 08:05 2505621                    /lib/x86_64-linux-gnu/libnss_compat-2.19.so
7f0671432000-7f0671433000 rw-p 00009000 08:05 2505621                    /lib/x86_64-linux-gnu/libnss_compat-2.19.so
7f0671433000-7f067145c000 r-xp 00000000 08:05 1978065                    /usr/lib/jvm/java-7-oracle/jre/lib/amd64/libjava.so
7f067145c000-7f067165c000 ---p 00029000 08:05 1978065                    /usr/lib/jvm/java-7-oracle/jre/lib/amd64/libjava.so
7f067165c000-7f067165e000 rw-p 00029000 08:05 1978065                    /usr/lib/jvm/java-7-oracle/jre/lib/amd64/libjava.so
7f067165e000-7f067166b000 r-xp 00000000 08:05 1978791                    /usr/lib/jvm/java-7-oracle/jre/lib/amd64/libverify.so
7f067166b000-7f067186a000 ---p 0000d000 08:05 1978791                    /usr/lib/jvm/java-7-oracle/jre/lib/amd64/libverify.so
7f067186a000-7f067186c000 rw-p 0000c000 08:05 1978791                    /usr/lib/jvm/java-7-oracle/jre/lib/amd64/libverify.so
7f067186c000-7f0671873000 r-xp 00000000 08:05 2505639                    /lib/x86_64-linux-gnu/librt-2.19.so
7f0671873000-7f0671a72000 ---p 00007000 08:05 2505639                    /lib/x86_64-linux-gnu/librt-2.19.so
7f0671a72000-7f0671a73000 r--p 00006000 08:05 2505639                    /lib/x86_64-linux-gnu/librt-2.19.so
7f0671a73000-7f0671a74000 rw-p 00007000 08:05 2505639                    /lib/x86_64-linux-gnu/librt-2.19.so
7f0671a74000-7f0671b79000 r-xp 00000000 08:05 2505603                    /lib/x86_64-linux-gnu/libm-2.19.so
7f0671b79000-7f0671d78000 ---p 00105000 08:05 2505603                    /lib/x86_64-linux-gnu/libm-2.19.so
7f0671d78000-7f0671d79000 r--p 00104000 08:05 2505603                    /lib/x86_64-linux-gnu/libm-2.19.so
7f0671d79000-7f0671d7a000 rw-p 00105000 08:05 2505603                    /lib/x86_64-linux-gnu/libm-2.19.so
7f0671d7a000-7f06728ef000 r-xp 00000000 08:05 1978771                    /usr/lib/jvm/java-7-oracle/jre/lib/amd64/server/libjvm.so
7f06728ef000-7f0672aef000 ---p 00b75000 08:05 1978771                    /usr/lib/jvm/java-7-oracle/jre/lib/amd64/server/libjvm.so
7f0672aef000-7f0672bb3000 rw-p 00b75000 08:05 1978771                    /usr/lib/jvm/java-7-oracle/jre/lib/amd64/server/libjvm.so
7f0672bb3000-7f0672bf4000 rw-p 00000000 00:00 0 
7f0672bf4000-7f0672daf000 r-xp 00000000 08:05 2505633                    /lib/x86_64-linux-gnu/libc-2.19.so
7f0672daf000-7f0672fae000 ---p 001bb000 08:05 2505633                    /lib/x86_64-linux-gnu/libc-2.19.so
7f0672fae000-7f0672fb2000 r--p 001ba000 08:05 2505633                    /lib/x86_64-linux-gnu/libc-2.19.so
7f0672fb2000-7f0672fb4000 rw-p 001be000 08:05 2505633                    /lib/x86_64-linux-gnu/libc-2.19.so
7f0672fb4000-7f0672fb9000 rw-p 00000000 00:00 0 
7f0672fb9000-7f0672fbc000 r-xp 00000000 08:05 2505614                    /lib/x86_64-linux-gnu/libdl-2.19.so
7f0672fbc000-7f06731bb000 ---p 00003000 08:05 2505614                    /lib/x86_64-linux-gnu/libdl-2.19.so
7f06731bb000-7f06731bc000 r--p 00002000 08:05 2505614                    /lib/x86_64-linux-gnu/libdl-2.19.so
7f06731bc000-7f06731bd000 rw-p 00003000 08:05 2505614                    /lib/x86_64-linux-gnu/libdl-2.19.so
7f06731bd000-7f06731d3000 r-xp 00000000 08:05 1978802                    /usr/lib/jvm/java-7-oracle/jre/lib/amd64/jli/libjli.so
7f06731d3000-7f06733d3000 ---p 00016000 08:05 1978802                    /usr/lib/jvm/java-7-oracle/jre/lib/amd64/jli/libjli.so
7f06733d3000-7f06733d4000 rw-p 00016000 08:05 1978802                    /usr/lib/jvm/java-7-oracle/jre/lib/amd64/jli/libjli.so
7f06733d4000-7f06733ed000 r-xp 00000000 08:05 2505635                    /lib/x86_64-linux-gnu/libpthread-2.19.so
7f06733ed000-7f06735ec000 ---p 00019000 08:05 2505635                    /lib/x86_64-linux-gnu/libpthread-2.19.so
7f06735ec000-7f06735ed000 r--p 00018000 08:05 2505635                    /lib/x86_64-linux-gnu/libpthread-2.19.so
7f06735ed000-7f06735ee000 rw-p 00019000 08:05 2505635                    /lib/x86_64-linux-gnu/libpthread-2.19.so
7f06735ee000-7f06735f2000 rw-p 00000000 00:00 0 
7f06735f2000-7f0673615000 r-xp 00000000 08:05 2505627                    /lib/x86_64-linux-gnu/ld-2.19.so
7f0673618000-7f067361c000 r--s 0008b000 08:05 1978053                    /usr/lib/jvm/java-7-oracle/jre/lib/jsse.jar
7f067361c000-7f067362b000 r--s 000dd000 08:05 3948531                    /home/vladislav/Development/android-sdk-linux/build-tools/22.0.0/lib/dx.jar
7f067362b000-7f0673635000 rw-p 00000000 00:00 0 
7f0673635000-7f06736eb000 rw-p 00000000 00:00 0 
7f06736eb000-7f06736ee000 ---p 00000000 00:00 0 
7f06736ee000-7f06737f0000 rw-p 00000000 00:00 0                          [stack:4510]
7f06737f1000-7f0673808000 rw-p 00000000 00:00 0 
7f0673808000-7f0673810000 rw-s 00000000 08:05 1723786                    /tmp/hsperfdata_vladislav/4502
7f0673810000-7f0673811000 rw-p 00000000 00:00 0 
7f0673811000-7f0673812000 ---p 00000000 00:00 0 
7f0673812000-7f0673814000 rw-p 00000000 00:00 0 
7f0673814000-7f0673815000 r--p 00022000 08:05 2505627                    /lib/x86_64-linux-gnu/ld-2.19.so
7f0673815000-7f0673816000 rw-p 00023000 08:05 2505627                    /lib/x86_64-linux-gnu/ld-2.19.so
7f0673816000-7f0673817000 rw-p 00000000 00:00 0 
7fff11148000-7fff1116a000 rw-p 00000000 00:00 0                          [stack]
7fff111c9000-7fff111cb000 r-xp 00000000 00:00 0                          [vdso]
ffffffffff600000-ffffffffff601000 r-xp 00000000 00:00 0                  [vsyscall]

VM Arguments:
jvm_args: -Xmx1024M 
java_command: /home/vladislav/Development/android-sdk-linux/build-tools/22.0.0/lib/dx.jar --dex --no-optimize --output /home/vladislav/workspace/helper-android/app/build/intermediates/dex/debug --input-list=/home/vladislav/workspace/helper-android/app/build/intermediates/tmp/dex/debug/inputList.txt
Launcher Type: SUN_STANDARD

Environment Variables:
PATH=/home/vladislav/.rvm/gems/ruby-2.1.3/bin:/home/vladislav/.rvm/gems/ruby-2.1.3@global/bin:/home/vladislav/.rvm/rubies/ruby-2.1.3/bin:/usr/local/sbin:/usr/local/bin:/usr/sbin:/usr/bin:/sbin:/bin:/usr/games:/usr/local/games:/home/vladislav/Development/android-sdk-linux/tools:/home/vladislav/Development/android-sdk-linux/platform-tools:/home/vladislav/Development/idea-IC-139.224.1/bin:/home/vladislav/.rvm/bin:/home/vladislav/Development/android-studio/bin:/home/vladislav/Development/gradle-2.2.1:/home/vladislav/Development/android-sdk-linux/tools:/home/vladislav/Development/android-sdk-linux/platform-tools:/home/vladislav/Development/idea-IC-139.224.1/bin:/home/vladislav/.rvm/bin:/home/vladislav/.rvm/bin:/home/vladislav/Development/android-studio/bin:/home/vladislav/Development/gradle-2.2.1
LD_LIBRARY_PATH=/home/vladislav/Development/android-studio/bin:
SHELL=/bin/bash
DISPLAY=:0

Signal Handlers:
SIGSEGV: [libjvm.so+0x9a3bd0], sa_mask[0]=0x7ffbfeff, sa_flags=0x10000004
SIGBUS: [libjvm.so+0x9a3bd0], sa_mask[0]=0x7ffbfeff, sa_flags=0x10000004
SIGFPE: [libjvm.so+0x81cb60], sa_mask[0]=0x7ffbfeff, sa_flags=0x10000004
SIGPIPE: [libjvm.so+0x81cb60], sa_mask[0]=0x7ffbfeff, sa_flags=0x10000004
SIGXFSZ: [libjvm.so+0x81cb60], sa_mask[0]=0x7ffbfeff, sa_flags=0x10000004
SIGILL: [libjvm.so+0x81cb60], sa_mask[0]=0x7ffbfeff, sa_flags=0x10000004
SIGUSR1: SIG_DFL, sa_mask[0]=0x00000000, sa_flags=0x00000000
SIGUSR2: [libjvm.so+0x81e360], sa_mask[0]=0x00000004, sa_flags=0x10000004
SIGHUP: [libjvm.so+0x81f480], sa_mask[0]=0x7ffbfeff, sa_flags=0x10000004
SIGINT: [libjvm.so+0x81f480], sa_mask[0]=0x7ffbfeff, sa_flags=0x10000004
SIGTERM: [libjvm.so+0x81f480], sa_mask[0]=0x7ffbfeff, sa_flags=0x10000004
SIGQUIT: [libjvm.so+0x81f480], sa_mask[0]=0x7ffbfeff, sa_flags=0x10000004


---------------  S Y S T E M  ---------------

OS:jessie/sid

uname:Linux 3.13.0-46-generic #77-Ubuntu SMP Mon Mar 2 18:23:39 UTC 2015 x86_64
libc:glibc 2.19 NPTL 2.19 
rlimit: STACK 8192k, CORE 0k, NPROC 46672, NOFILE 4096, AS infinity
load average:4.06 3.25 2.26

/proc/meminfo:
MemTotal:        5995700 kB
MemFree:          113148 kB
Buffers:            3044 kB
Cached:           804676 kB
SwapCached:            0 kB
Active:          3459356 kB
Inactive:         750940 kB
Active(anon):    3406772 kB
Inactive(anon):   698812 kB
Active(file):      52584 kB
Inactive(file):    52128 kB
Unevictable:          32 kB
Mlocked:              32 kB
SwapTotal:             0 kB
SwapFree:              0 kB
Dirty:             21544 kB
Writeback:             0 kB
AnonPages:       3402896 kB
Mapped:          1706320 kB
Shmem:            702808 kB
Slab:              91852 kB
SReclaimable:      36616 kB
SUnreclaim:        55236 kB
KernelStack:        6080 kB
PageTables:        47708 kB
NFS_Unstable:          0 kB
Bounce:                0 kB
WritebackTmp:          0 kB
CommitLimit:     2997848 kB
Committed_AS:   10694808 kB
VmallocTotal:   34359738367 kB
VmallocUsed:      412192 kB
VmallocChunk:   34359298276 kB
HardwareCorrupted:     0 kB
AnonHugePages:   1308672 kB
HugePages_Total:       0
HugePages_Free:        0
HugePages_Rsvd:        0
HugePages_Surp:        0
Hugepagesize:       2048 kB
DirectMap4k:       92184 kB
DirectMap2M:     6082560 kB


CPU:total 4 (2 cores per cpu, 2 threads per core) family 6 model 58 stepping 9, cmov, cx8, fxsr, mmx, sse, sse2, sse3, ssse3, sse4.1, sse4.2, popcnt, avx, aes, erms, ht, tsc, tscinvbit, tscinv

/proc/cpuinfo:
processor	: 0
vendor_id	: GenuineIntel
cpu family	: 6
model		: 58
model name	: Intel(R) Core(TM) i5-3230M CPU @ 2.60GHz
stepping	: 9
microcode	: 0x15
cpu MHz		: 1200.000
cache size	: 3072 KB
physical id	: 0
siblings	: 4
core id		: 0
cpu cores	: 2
apicid		: 0
initial apicid	: 0
fpu		: yes
fpu_exception	: yes
cpuid level	: 13
wp		: yes
flags		: fpu vme de pse tsc msr pae mce cx8 apic sep mtrr pge mca cmov pat pse36 clflush dts acpi mmx fxsr sse sse2 ss ht tm pbe syscall nx rdtscp lm constant_tsc arch_perfmon pebs bts rep_good nopl xtopology nonstop_tsc aperfmperf eagerfpu pni pclmulqdq dtes64 monitor ds_cpl vmx est tm2 ssse3 cx16 xtpr pdcm pcid sse4_1 sse4_2 x2apic popcnt tsc_deadline_timer aes xsave avx f16c rdrand lahf_lm ida arat epb xsaveopt pln pts dtherm tpr_shadow vnmi flexpriority ept vpid fsgsbase smep erms
bogomips	: 5188.27
clflush size	: 64
cache_alignment	: 64
address sizes	: 36 bits physical, 48 bits virtual
power management:

processor	: 1
vendor_id	: GenuineIntel
cpu family	: 6
model		: 58
model name	: Intel(R) Core(TM) i5-3230M CPU @ 2.60GHz
stepping	: 9
microcode	: 0x15
cpu MHz		: 1200.000
cache size	: 3072 KB
physical id	: 0
siblings	: 4
core id		: 1
cpu cores	: 2
apicid		: 2
initial apicid	: 2
fpu		: yes
fpu_exception	: yes
cpuid level	: 13
wp		: yes
flags		: fpu vme de pse tsc msr pae mce cx8 apic sep mtrr pge mca cmov pat pse36 clflush dts acpi mmx fxsr sse sse2 ss ht tm pbe syscall nx rdtscp lm constant_tsc arch_perfmon pebs bts rep_good nopl xtopology nonstop_tsc aperfmperf eagerfpu pni pclmulqdq dtes64 monitor ds_cpl vmx est tm2 ssse3 cx16 xtpr pdcm pcid sse4_1 sse4_2 x2apic popcnt tsc_deadline_timer aes xsave avx f16c rdrand lahf_lm ida arat epb xsaveopt pln pts dtherm tpr_shadow vnmi flexpriority ept vpid fsgsbase smep erms
bogomips	: 5188.27
clflush size	: 64
cache_alignment	: 64
address sizes	: 36 bits physical, 48 bits virtual
power management:

processor	: 2
vendor_id	: GenuineIntel
cpu family	: 6
model		: 58
model name	: Intel(R) Core(TM) i5-3230M CPU @ 2.60GHz
stepping	: 9
microcode	: 0x15
cpu MHz		: 1800.000
cache size	: 3072 KB
physical id	: 0
siblings	: 4
core id		: 0
cpu cores	: 2
apicid		: 1
initial apicid	: 1
fpu		: yes
fpu_exception	: yes
cpuid level	: 13
wp		: yes
flags		: fpu vme de pse tsc msr pae mce cx8 apic sep mtrr pge mca cmov pat pse36 clflush dts acpi mmx fxsr sse sse2 ss ht tm pbe syscall nx rdtscp lm constant_tsc arch_perfmon pebs bts rep_good nopl xtopology nonstop_tsc aperfmperf eagerfpu pni pclmulqdq dtes64 monitor ds_cpl vmx est tm2 ssse3 cx16 xtpr pdcm pcid sse4_1 sse4_2 x2apic popcnt tsc_deadline_timer aes xsave avx f16c rdrand lahf_lm ida arat epb xsaveopt pln pts dtherm tpr_shadow vnmi flexpriority ept vpid fsgsbase smep erms
bogomips	: 5188.27
clflush size	: 64
cache_alignment	: 64
address sizes	: 36 bits physical, 48 bits virtual
power management:

processor	: 3
vendor_id	: GenuineIntel
cpu family	: 6
model		: 58
model name	: Intel(R) Core(TM) i5-3230M CPU @ 2.60GHz
stepping	: 9
microcode	: 0x15
cpu MHz		: 2601.000
cache size	: 3072 KB
physical id	: 0
siblings	: 4
core id		: 1
cpu cores	: 2
apicid		: 3
initial apicid	: 3
fpu		: yes
fpu_exception	: yes
cpuid level	: 13
wp		: yes
flags		: fpu vme de pse tsc msr pae mce cx8 apic sep mtrr pge mca cmov pat pse36 clflush dts acpi mmx fxsr sse sse2 ss ht tm pbe syscall nx rdtscp lm constant_tsc arch_perfmon pebs bts rep_good nopl xtopology nonstop_tsc aperfmperf eagerfpu pni pclmulqdq dtes64 monitor ds_cpl vmx est tm2 ssse3 cx16 xtpr pdcm pcid sse4_1 sse4_2 x2apic popcnt tsc_deadline_timer aes xsave avx f16c rdrand lahf_lm ida arat epb xsaveopt pln pts dtherm tpr_shadow vnmi flexpriority ept vpid fsgsbase smep erms
bogomips	: 5188.27
clflush size	: 64
cache_alignment	: 64
address sizes	: 36 bits physical, 48 bits virtual
power management:



Memory: 4k page, physical 5995700k(113148k free), swap 0k(0k free)

vm_info: Java HotSpot(TM) 64-Bit Server VM (24.76-b04) for linux-amd64 JRE (1.7.0_76-b13), built on Dec 18 2014 16:58:39 by "java_re" with gcc 4.3.0 20080428 (Red Hat 4.3.0-8)

time: Sun Apr 19 17:31:49 2015
elapsed time: 5 seconds

