#
# There is insufficient memory for the Java Runtime Environment to continue.
# Native memory allocation (malloc) failed to allocate 71303168 bytes for committing reserved memory.
# Possible reasons:
#   The system is out of physical RAM or swap space
#   In 32 bit mode, the process size limit was hit
# Possible solutions:
#   Reduce memory load on the system
#   Increase physical memory or swap space
#   Check if swap backing store is full
#   Use 64 bit Java on a 64 bit OS
#   Decrease Java heap size (-Xmx/-Xms)
#   Decrease number of Java threads
#   Decrease Java thread stack sizes (-Xss)
#   Set larger code cache with -XX:ReservedCodeCacheSize=
# This output file may be truncated or incomplete.
#
#  Out of Memory Error (os_linux.cpp:2756), pid=6008, tid=140487915685632
#
# JRE version: Java(TM) SE Runtime Environment (7.0_76-b13) (build 1.7.0_76-b13)
# Java VM: Java HotSpot(TM) 64-Bit Server VM (24.76-b04 mixed mode linux-amd64 compressed oops)
# Failed to write core dump. Core dumps have been disabled. To enable core dumping, try "ulimit -c unlimited" before starting Java again
#

---------------  T H R E A D  ---------------

Current thread (0x00007fc5e8131000):  VMThread [stack: 0x00007fc5e43f4000,0x00007fc5e44f5000] [id=6022]

Stack: [0x00007fc5e43f4000,0x00007fc5e44f5000],  sp=0x00007fc5e44f3140,  free space=1020k
Native frames: (J=compiled Java code, j=interpreted, Vv=VM code, C=native code)
V  [libjvm.so+0x9a32ba]  VMError::report_and_die()+0x2ea
V  [libjvm.so+0x497f7b]  report_vm_out_of_memory(char const*, int, unsigned long, char const*)+0x9b
V  [libjvm.so+0x81fcce]  os::Linux::commit_memory_impl(char*, unsigned long, bool)+0xfe
V  [libjvm.so+0x820219]  os::pd_commit_memory(char*, unsigned long, unsigned long, bool)+0x29
V  [libjvm.so+0x819faa]  os::commit_memory(char*, unsigned long, unsigned long, bool)+0x2a
V  [libjvm.so+0x88d843]  PSVirtualSpace::expand_by(unsigned long)+0x53
V  [libjvm.so+0x88ec18]  PSYoungGen::resize_generation(unsigned long, unsigned long)+0xf8
V  [libjvm.so+0x88dd82]  PSYoungGen::resize(unsigned long, unsigned long)+0x22
V  [libjvm.so+0x88b13d]  PSScavenge::invoke_no_policy()+0xf3d
V  [libjvm.so+0x88b981]  PSScavenge::invoke()+0x41
V  [libjvm.so+0x842300]  ParallelScavengeHeap::failed_mem_allocate(unsigned long)+0x70
V  [libjvm.so+0x9a4b47]  VM_ParallelGCFailedAllocation::doit()+0x97
V  [libjvm.so+0x9abfe5]  VM_Operation::evaluate()+0x55
V  [libjvm.so+0x9aa3aa]  VMThread::evaluate_operation(VM_Operation*)+0xba
V  [libjvm.so+0x9aa72e]  VMThread::loop()+0x1ce
V  [libjvm.so+0x9aaba0]  VMThread::run()+0x70
V  [libjvm.so+0x821ca8]  java_start(Thread*)+0x108

VM_Operation (0x00007fc5eff6d350): ParallelGCFailedAllocation, mode: safepoint, requested by thread 0x00007fc5e800a000


---------------  P R O C E S S  ---------------

Java Threads: ( => current thread )
  0x00007fc5e815f800 JavaThread "Service Thread" daemon [_thread_blocked, id=6028, stack(0x00007fc5dd38b000,0x00007fc5dd48c000)]
  0x00007fc5e815d800 JavaThread "C2 CompilerThread1" daemon [_thread_blocked, id=6027, stack(0x00007fc5dd48c000,0x00007fc5dd58d000)]
  0x00007fc5e815a800 JavaThread "C2 CompilerThread0" daemon [_thread_blocked, id=6026, stack(0x00007fc5dd58d000,0x00007fc5dd68e000)]
  0x00007fc5e8158000 JavaThread "Signal Dispatcher" daemon [_thread_blocked, id=6025, stack(0x00007fc5e40f1000,0x00007fc5e41f2000)]
  0x00007fc5e8137000 JavaThread "Finalizer" daemon [_thread_blocked, id=6024, stack(0x00007fc5e41f2000,0x00007fc5e42f3000)]
  0x00007fc5e8135000 JavaThread "Reference Handler" daemon [_thread_blocked, id=6023, stack(0x00007fc5e42f3000,0x00007fc5e43f4000)]
  0x00007fc5e800a000 JavaThread "main" [_thread_blocked, id=6017, stack(0x00007fc5efe6e000,0x00007fc5eff6f000)]

Other Threads:
=>0x00007fc5e8131000 VMThread [stack: 0x00007fc5e43f4000,0x00007fc5e44f5000] [id=6022]
  0x00007fc5e816a800 WatcherThread [stack: 0x00007fc5dd28a000,0x00007fc5dd38b000] [id=6029]

VM state:at safepoint (normal execution)

VM Mutex/Monitor currently owned by a thread:  ([mutex/lock_event])
[0x00007fc5e8006260] Threads_lock - owner thread: 0x00007fc5e8131000
[0x00007fc5e8006760] Heap_lock - owner thread: 0x00007fc5e800a000

Heap
 PSYoungGen      total 51712K, used 3552K [0x00000000eaa80000, 0x00000000ee080000, 0x0000000100000000)
  eden space 48128K, 0% used [0x00000000eaa80000,0x00000000eaa80000,0x00000000ed980000)
  from space 3584K, 99% used [0x00000000ed980000,0x00000000edcf8010,0x00000000edd00000)
  to   space 3584K, 0% used [0x00000000edd00000,0x00000000edd00000,0x00000000ee080000)
 ParOldGen       total 62464K, used 30617K [0x00000000c0000000, 0x00000000c3d00000, 0x00000000eaa80000)
  object space 62464K, 49% used [0x00000000c0000000,0x00000000c1de67d0,0x00000000c3d00000)
 PSPermGen       total 21504K, used 6383K [0x00000000bae00000, 0x00000000bc300000, 0x00000000c0000000)
  object space 21504K, 29% used [0x00000000bae00000,0x00000000bb43bdb8,0x00000000bc300000)

Card table byte_map: [0x00007fc5ecf35000,0x00007fc5ed15f000] byte_map_base: 0x00007fc5ec95e000

Polling page: 0x00007fc5eff94000

Code Cache  [0x00007fc5e5000000, 0x00007fc5e5270000, 0x00007fc5e8000000)
 total_blobs=848 nmethods=601 adapters=200 free_code_cache=47500Kb largest_free_block=48590848

Compilation events (10 events):
Event: 9.462 Thread 0x00007fc5e815d800  605             com.android.dx.io.instructions.ThreeRegisterDecodedInstruction::getRegisterCount (2 bytes)
Event: 9.462 Thread 0x00007fc5e815d800 nmethod 605 0x00007fc5e51a2b10 code [0x00007fc5e51a2c40, 0x00007fc5e51a2c98]
Event: 9.462 Thread 0x00007fc5e815d800  606             java.nio.HeapByteBuffer::get (54 bytes)
Event: 9.463 Thread 0x00007fc5e815d800 nmethod 606 0x00007fc5e51a2d10 code [0x00007fc5e51a2e60, 0x00007fc5e51a3018]
Event: 9.463 Thread 0x00007fc5e815d800  607             com.android.dx.merge.DexMerger$2::write (9 bytes)
Event: 9.465 Thread 0x00007fc5e815d800 nmethod 607 0x00007fc5e51a1250 code [0x00007fc5e51a13c0, 0x00007fc5e51a15e8]
Event: 9.465 Thread 0x00007fc5e815d800  608             com.android.dx.merge.DexMerger$2::write (15 bytes)
Event: 9.467 Thread 0x00007fc5e815d800 nmethod 608 0x00007fc5e51a0b50 code [0x00007fc5e51a0cc0, 0x00007fc5e51a0ec8]
Event: 9.488 Thread 0x00007fc5e815a800 nmethod 574 0x00007fc5e51a4ad0 code [0x00007fc5e51a4ee0, 0x00007fc5e51a68c0]
Event: 9.491 Thread 0x00007fc5e815d800  609             com.android.dx.merge.IndexMap::adjustAnnotationSet (18 bytes)

GC Heap History (9 events):
Event: 3.648 GC heap before
{Heap before GC invocations=1 (full 0):
 PSYoungGen      total 27648K, used 24064K [0x00000000eaa80000, 0x00000000ec900000, 0x0000000100000000)
  eden space 24064K, 100% used [0x00000000eaa80000,0x00000000ec200000,0x00000000ec200000)
  from space 3584K, 0% used [0x00000000ec580000,0x00000000ec580000,0x00000000ec900000)
  to   space 3584K, 0% used [0x00000000ec200000,0x00000000ec200000,0x00000000ec580000)
 ParOldGen       total 62464K, used 0K [0x00000000c0000000, 0x00000000c3d00000, 0x00000000eaa80000)
  object space 62464K, 0% used [0x00000000c0000000,0x00000000c0000000,0x00000000c3d00000)
 PSPermGen       total 21504K, used 4582K [0x00000000bae00000, 0x00000000bc300000, 0x00000000c0000000)
  object space 21504K, 21% used [0x00000000bae00000,0x00000000bb279a30,0x00000000bc300000)
Event: 3.667 GC heap after
Heap after GC invocations=1 (full 0):
 PSYoungGen      total 27648K, used 3568K [0x00000000eaa80000, 0x00000000ec900000, 0x0000000100000000)
  eden space 24064K, 0% used [0x00000000eaa80000,0x00000000eaa80000,0x00000000ec200000)
  from space 3584K, 99% used [0x00000000ec200000,0x00000000ec57c038,0x00000000ec580000)
  to   space 3584K, 0% used [0x00000000ec580000,0x00000000ec580000,0x00000000ec900000)
 ParOldGen       total 62464K, used 6922K [0x00000000c0000000, 0x00000000c3d00000, 0x00000000eaa80000)
  object space 62464K, 11% used [0x00000000c0000000,0x00000000c06c29a0,0x00000000c3d00000)
 PSPermGen       total 21504K, used 4582K [0x00000000bae00000, 0x00000000bc300000, 0x00000000c0000000)
  object space 21504K, 21% used [0x00000000bae00000,0x00000000bb279a30,0x00000000bc300000)
}
Event: 8.192 GC heap before
{Heap before GC invocations=2 (full 0):
 PSYoungGen      total 27648K, used 27632K [0x00000000eaa80000, 0x00000000ec900000, 0x0000000100000000)
  eden space 24064K, 100% used [0x00000000eaa80000,0x00000000ec200000,0x00000000ec200000)
  from space 3584K, 99% used [0x00000000ec200000,0x00000000ec57c038,0x00000000ec580000)
  to   space 3584K, 0% used [0x00000000ec580000,0x00000000ec580000,0x00000000ec900000)
 ParOldGen       total 62464K, used 6922K [0x00000000c0000000, 0x00000000c3d00000, 0x00000000eaa80000)
  object space 62464K, 11% used [0x00000000c0000000,0x00000000c06c29a0,0x00000000c3d00000)
 PSPermGen       total 21504K, used 6285K [0x00000000bae00000, 0x00000000bc300000, 0x00000000c0000000)
  object space 21504K, 29% used [0x00000000bae00000,0x00000000bb4235f8,0x00000000bc300000)
Event: 8.211 GC heap after
Heap after GC invocations=2 (full 0):
 PSYoungGen      total 27648K, used 3552K [0x00000000eaa80000, 0x00000000ec900000, 0x0000000100000000)
  eden space 24064K, 0% used [0x00000000eaa80000,0x00000000eaa80000,0x00000000ec200000)
  from space 3584K, 99% used [0x00000000ec580000,0x00000000ec8f8010,0x00000000ec900000)
  to   space 3584K, 0% used [0x00000000ec200000,0x00000000ec200000,0x00000000ec580000)
 ParOldGen       total 62464K, used 13026K [0x00000000c0000000, 0x00000000c3d00000, 0x00000000eaa80000)
  object space 62464K, 20% used [0x00000000c0000000,0x00000000c0cb8898,0x00000000c3d00000)
 PSPermGen       total 21504K, used 6285K [0x00000000bae00000, 0x00000000bc300000, 0x00000000c0000000)
  object space 21504K, 29% used [0x00000000bae00000,0x00000000bb4235f8,0x00000000bc300000)
}
Event: 8.509 GC heap before
{Heap before GC invocations=3 (full 0):
 PSYoungGen      total 27648K, used 27322K [0x00000000eaa80000, 0x00000000ec900000, 0x0000000100000000)
  eden space 24064K, 98% used [0x00000000eaa80000,0x00000000ec1b69d8,0x00000000ec200000)
  from space 3584K, 99% used [0x00000000ec580000,0x00000000ec8f8010,0x00000000ec900000)
  to   space 3584K, 0% used [0x00000000ec200000,0x00000000ec200000,0x00000000ec580000)
 ParOldGen       total 62464K, used 13026K [0x00000000c0000000, 0x00000000c3d00000, 0x00000000eaa80000)
  object space 62464K, 20% used [0x00000000c0000000,0x00000000c0cb8898,0x00000000c3d00000)
 PSPermGen       total 21504K, used 6330K [0x00000000bae00000, 0x00000000bc300000, 0x00000000c0000000)
  object space 21504K, 29% used [0x00000000bae00000,0x00000000bb42e9d0,0x00000000bc300000)
Event: 8.558 GC heap after
Heap after GC invocations=3 (full 0):
 PSYoungGen      total 27648K, used 3552K [0x00000000eaa80000, 0x00000000ee080000, 0x0000000100000000)
  eden space 24064K, 0% used [0x00000000eaa80000,0x00000000eaa80000,0x00000000ec200000)
  from space 3584K, 99% used [0x00000000ec200000,0x00000000ec578010,0x00000000ec580000)
  to   space 3584K, 0% used [0x00000000edd00000,0x00000000edd00000,0x00000000ee080000)
 ParOldGen       total 62464K, used 19033K [0x00000000c0000000, 0x00000000c3d00000, 0x00000000eaa80000)
  object space 62464K, 30% used [0x00000000c0000000,0x00000000c12965a0,0x00000000c3d00000)
 PSPermGen       total 21504K, used 6330K [0x00000000bae00000, 0x00000000bc300000, 0x00000000c0000000)
  object space 21504K, 29% used [0x00000000bae00000,0x00000000bb42e9d0,0x00000000bc300000)
}
Event: 8.978 GC heap before
{Heap before GC invocations=4 (full 0):
 PSYoungGen      total 27648K, used 27616K [0x00000000eaa80000, 0x00000000ee080000, 0x0000000100000000)
  eden space 24064K, 100% used [0x00000000eaa80000,0x00000000ec200000,0x00000000ec200000)
  from space 3584K, 99% used [0x00000000ec200000,0x00000000ec578010,0x00000000ec580000)
  to   space 3584K, 0% used [0x00000000edd00000,0x00000000edd00000,0x00000000ee080000)
 ParOldGen       total 62464K, used 19033K [0x00000000c0000000, 0x00000000c3d00000, 0x00000000eaa80000)
  object space 62464K, 30% used [0x00000000c0000000,0x00000000c12965a0,0x00000000c3d00000)
 PSPermGen       total 21504K, used 6356K [0x00000000bae00000, 0x00000000bc300000, 0x00000000c0000000)
  object space 21504K, 29% used [0x00000000bae00000,0x00000000bb4353e0,0x00000000bc300000)
Event: 8.989 GC heap after
Heap after GC invocations=4 (full 0):
 PSYoungGen      total 51712K, used 3562K [0x00000000eaa80000, 0x00000000ee080000, 0x0000000100000000)
  eden space 48128K, 0% used [0x00000000eaa80000,0x00000000eaa80000,0x00000000ed980000)
  from space 3584K, 99% used [0x00000000edd00000,0x00000000ee07ab18,0x00000000ee080000)
  to   space 3584K, 0% used [0x00000000ed980000,0x00000000ed980000,0x00000000edd00000)
 ParOldGen       total 62464K, used 21327K [0x00000000c0000000, 0x00000000c3d00000, 0x00000000eaa80000)
  object space 62464K, 34% used [0x00000000c0000000,0x00000000c14d3fc8,0x00000000c3d00000)
 PSPermGen       total 21504K, used 6356K [0x00000000bae00000, 0x00000000bc300000, 0x00000000c0000000)
  object space 21504K, 29% used [0x00000000bae00000,0x00000000bb4353e0,0x00000000bc300000)
}
Event: 9.493 GC heap before
{Heap before GC invocations=5 (full 0):
 PSYoungGen      total 51712K, used 51690K [0x00000000eaa80000, 0x00000000ee080000, 0x0000000100000000)
  eden space 48128K, 100% used [0x00000000eaa80000,0x00000000ed980000,0x00000000ed980000)
  from space 3584K, 99% used [0x00000000edd00000,0x00000000ee07ab18,0x00000000ee080000)
  to   space 3584K, 0% used [0x00000000ed980000,0x00000000ed980000,0x00000000edd00000)
 ParOldGen       total 62464K, used 21327K [0x00000000c0000000, 0x00000000c3d00000, 0x00000000eaa80000)
  object space 62464K, 34% used [0x00000000c0000000,0x00000000c14d3fc8,0x00000000c3d00000)
 PSPermGen       total 21504K, used 6383K [0x00000000bae00000, 0x00000000bc300000, 0x00000000c0000000)
  object space 21504K, 29% used [0x00000000bae00000,0x00000000bb43bdb8,0x00000000bc300000)

Deoptimization events (10 events):
Event: 5.097 Thread 0x00007fc5e800a000 Uncommon trap: reason=bimorphic action=maybe_recompile pc=0x00007fc5e50f2718 method=com.android.dx.dex.code.OutputFinisher.calculateReservedCount([Lcom/android/dx/dex/code/Dop;)I @ 72
Event: 5.099 Thread 0x00007fc5e800a000 Uncommon trap: reason=bimorphic action=maybe_recompile pc=0x00007fc5e50f2718 method=com.android.dx.dex.code.OutputFinisher.calculateReservedCount([Lcom/android/dx/dex/code/Dop;)I @ 72
Event: 5.101 Thread 0x00007fc5e800a000 Uncommon trap: reason=bimorphic action=maybe_recompile pc=0x00007fc5e50f2718 method=com.android.dx.dex.code.OutputFinisher.calculateReservedCount([Lcom/android/dx/dex/code/Dop;)I @ 72
Event: 7.330 Thread 0x00007fc5e800a000 Uncommon trap: reason=class_check action=maybe_recompile pc=0x00007fc5e5117f78 method=com.android.dex.Leb128.writeUnsignedLeb128(Lcom/android/dex/util/ByteOutput;I)V @ 40
Event: 7.330 Thread 0x00007fc5e800a000 Uncommon trap: reason=class_check action=maybe_recompile pc=0x00007fc5e5117f78 method=com.android.dex.Leb128.writeUnsignedLeb128(Lcom/android/dex/util/ByteOutput;I)V @ 40
Event: 7.330 Thread 0x00007fc5e800a000 Uncommon trap: reason=class_check action=maybe_recompile pc=0x00007fc5e5117f78 method=com.android.dex.Leb128.writeUnsignedLeb128(Lcom/android/dex/util/ByteOutput;I)V @ 40
Event: 7.330 Thread 0x00007fc5e800a000 Uncommon trap: reason=predicate action=maybe_recompile pc=0x00007fc5e51180c8 method=com.android.dex.Leb128.writeUnsignedLeb128(Lcom/android/dex/util/ByteOutput;I)V @ 9
Event: 8.172 Thread 0x00007fc5e800a000 Uncommon trap: reason=predicate action=maybe_recompile pc=0x00007fc5e5123718 method=com.android.dex.Leb128.readUnsignedLeb128(Lcom/android/dex/util/ByteInput;)I @ 41
Event: 8.845 Thread 0x00007fc5e800a000 Uncommon trap: reason=unloaded action=reinterpret pc=0x00007fc5e5152de4 method=com.android.dx.merge.IndexMap$EncodedValueTransformer.transform(Lcom/android/dex/EncodedValueReader;)V @ 263
Event: 8.905 Thread 0x00007fc5e800a000 Uncommon trap: reason=predicate action=maybe_recompile pc=0x00007fc5e509b310 method=java.util.ComparableTimSort.binarySort([Ljava/lang/Object;III)V @ 37

Internal exceptions (10 events):
Event: 7.458 Thread 0x00007fc5e800a000 Threw 0x00000000ebe6d540 at /HUDSON/workspace/7u-2-build-linux-amd64/jdk7u76/1941/hotspot/src/share/vm/prims/jvm.cpp:1304
Event: 7.458 Thread 0x00007fc5e800a000 Threw 0x00000000ebe70910 at /HUDSON/workspace/7u-2-build-linux-amd64/jdk7u76/1941/hotspot/src/share/vm/prims/jvm.cpp:1304
Event: 7.458 Thread 0x00007fc5e800a000 Threw 0x00000000ebe73e30 at /HUDSON/workspace/7u-2-build-linux-amd64/jdk7u76/1941/hotspot/src/share/vm/prims/jvm.cpp:1304
Event: 7.459 Thread 0x00007fc5e800a000 Threw 0x00000000ebe79208 at /HUDSON/workspace/7u-2-build-linux-amd64/jdk7u76/1941/hotspot/src/share/vm/prims/jvm.cpp:1304
Event: 7.459 Thread 0x00007fc5e800a000 Threw 0x00000000ebe7c0e8 at /HUDSON/workspace/7u-2-build-linux-amd64/jdk7u76/1941/hotspot/src/share/vm/prims/jvm.cpp:1304
Event: 7.460 Thread 0x00007fc5e800a000 Threw 0x00000000ebe7f188 at /HUDSON/workspace/7u-2-build-linux-amd64/jdk7u76/1941/hotspot/src/share/vm/prims/jvm.cpp:1304
Event: 7.460 Thread 0x00007fc5e800a000 Threw 0x00000000ebe82650 at /HUDSON/workspace/7u-2-build-linux-amd64/jdk7u76/1941/hotspot/src/share/vm/prims/jvm.cpp:1304
Event: 7.462 Thread 0x00007fc5e800a000 Threw 0x00000000ebe898c8 at /HUDSON/workspace/7u-2-build-linux-amd64/jdk7u76/1941/hotspot/src/share/vm/prims/jvm.cpp:1304
Event: 7.462 Thread 0x00007fc5e800a000 Threw 0x00000000ebe8bb18 at /HUDSON/workspace/7u-2-build-linux-amd64/jdk7u76/1941/hotspot/src/share/vm/prims/jvm.cpp:1304
Event: 8.482 Thread 0x00007fc5e800a000 Threw 0x00000000ebfce690 at /HUDSON/workspace/7u-2-build-linux-amd64/jdk7u76/1941/hotspot/src/share/vm/prims/jvm.cpp:1304

Events (10 events):
Event: 8.784 loading class 0x00007fc5ec75df60 done
Event: 8.845 Thread 0x00007fc5e800a000 Uncommon trap: trap_request=0x0000006d fr.pc=0x00007fc5e5152de4
Event: 8.845 Thread 0x00007fc5e800a000 DEOPT PACKING pc=0x00007fc5e5152de4 sp=0x00007fc5eff6d420
Event: 8.845 Thread 0x00007fc5e800a000 DEOPT UNPACKING pc=0x00007fc5e5039445 sp=0x00007fc5eff6d3b8 mode 2
Event: 8.905 Thread 0x00007fc5e800a000 Uncommon trap: trap_request=0xffffff86 fr.pc=0x00007fc5e509b310
Event: 8.905 Thread 0x00007fc5e800a000 DEOPT PACKING pc=0x00007fc5e509b310 sp=0x00007fc5eff6d410
Event: 8.905 Thread 0x00007fc5e800a000 DEOPT UNPACKING pc=0x00007fc5e5039445 sp=0x00007fc5eff6d400 mode 2
Event: 8.978 Executing VM operation: ParallelGCFailedAllocation
Event: 8.989 Executing VM operation: ParallelGCFailedAllocation done
Event: 9.493 Executing VM operation: ParallelGCFailedAllocation


Dynamic libraries:
00400000-00401000 r-xp 00000000 08:05 1977939                            /usr/lib/jvm/java-7-oracle/jre/bin/java
00600000-00601000 rw-p 00000000 08:05 1977939                            /usr/lib/jvm/java-7-oracle/jre/bin/java
01852000-01873000 rw-p 00000000 00:00 0                                  [heap]
bae00000-bc300000 rw-p 00000000 00:00 0 
bc300000-c0000000 rw-p 00000000 00:00 0 
c0000000-c3d00000 rw-p 00000000 00:00 0 
c3d00000-eaa80000 rw-p 00000000 00:00 0 
eaa80000-ee080000 rw-p 00000000 00:00 0 
f2480000-100000000 rw-p 00000000 00:00 0 
7fc5b0000000-7fc5b0021000 rw-p 00000000 00:00 0 
7fc5b0021000-7fc5b4000000 ---p 00000000 00:00 0 
7fc5b4000000-7fc5b4021000 rw-p 00000000 00:00 0 
7fc5b4021000-7fc5b8000000 ---p 00000000 00:00 0 
7fc5b8000000-7fc5b8c39000 rw-p 00000000 00:00 0 
7fc5b8c39000-7fc5bc000000 ---p 00000000 00:00 0 
7fc5bc000000-7fc5bcb74000 rw-p 00000000 00:00 0 
7fc5bcb74000-7fc5c0000000 ---p 00000000 00:00 0 
7fc5c0000000-7fc5c0021000 rw-p 00000000 00:00 0 
7fc5c0021000-7fc5c4000000 ---p 00000000 00:00 0 
7fc5c4000000-7fc5c4021000 rw-p 00000000 00:00 0 
7fc5c4021000-7fc5c8000000 ---p 00000000 00:00 0 
7fc5c8000000-7fc5c80e2000 rw-p 00000000 00:00 0 
7fc5c80e2000-7fc5cc000000 ---p 00000000 00:00 0 
7fc5cc000000-7fc5cc021000 rw-p 00000000 00:00 0 
7fc5cc021000-7fc5d0000000 ---p 00000000 00:00 0 
7fc5d0000000-7fc5d0021000 rw-p 00000000 00:00 0 
7fc5d0021000-7fc5d4000000 ---p 00000000 00:00 0 
7fc5d4000000-7fc5d4021000 rw-p 00000000 00:00 0 
7fc5d4021000-7fc5d8000000 ---p 00000000 00:00 0 
7fc5d8000000-7fc5d8021000 rw-p 00000000 00:00 0 
7fc5d8021000-7fc5dc000000 ---p 00000000 00:00 0 
7fc5dccf5000-7fc5dce62000 rw-p 00000000 00:00 0 
7fc5dce62000-7fc5dce78000 r-xp 00000000 08:05 1978792                    /usr/lib/jvm/java-7-oracle/jre/lib/amd64/libnet.so
7fc5dce78000-7fc5dd078000 ---p 00016000 08:05 1978792                    /usr/lib/jvm/java-7-oracle/jre/lib/amd64/libnet.so
7fc5dd078000-7fc5dd079000 rw-p 00016000 08:05 1978792                    /usr/lib/jvm/java-7-oracle/jre/lib/amd64/libnet.so
7fc5dd079000-7fc5dd089000 r-xp 00000000 08:05 1978795                    /usr/lib/jvm/java-7-oracle/jre/lib/amd64/libnio.so
7fc5dd089000-7fc5dd289000 ---p 00010000 08:05 1978795                    /usr/lib/jvm/java-7-oracle/jre/lib/amd64/libnio.so
7fc5dd289000-7fc5dd28a000 rw-p 00010000 08:05 1978795                    /usr/lib/jvm/java-7-oracle/jre/lib/amd64/libnio.so
7fc5dd28a000-7fc5dd28b000 ---p 00000000 00:00 0 
7fc5dd28b000-7fc5dd38b000 rw-p 00000000 00:00 0                          [stack:6029]
7fc5dd38b000-7fc5dd38e000 ---p 00000000 00:00 0 
7fc5dd38e000-7fc5dd48c000 rw-p 00000000 00:00 0                          [stack:6028]
7fc5dd48c000-7fc5dd48f000 ---p 00000000 00:00 0 
7fc5dd48f000-7fc5dd58d000 rw-p 00000000 00:00 0                          [stack:6027]
7fc5dd58d000-7fc5dd590000 ---p 00000000 00:00 0 
7fc5dd590000-7fc5dd68e000 rw-p 00000000 00:00 0                          [stack:6026]
7fc5dd68e000-7fc5ddd70000 r--p 00000000 08:05 1973176                    /usr/lib/locale/locale-archive
7fc5ddd70000-7fc5e0000000 rw-p 00000000 00:00 0 
7fc5e0000000-7fc5e0021000 rw-p 00000000 00:00 0 
7fc5e0021000-7fc5e4000000 ---p 00000000 00:00 0 
7fc5e40f1000-7fc5e40f4000 ---p 00000000 00:00 0 
7fc5e40f4000-7fc5e41f2000 rw-p 00000000 00:00 0                          [stack:6025]
7fc5e41f2000-7fc5e41f5000 ---p 00000000 00:00 0 
7fc5e41f5000-7fc5e42f3000 rw-p 00000000 00:00 0                          [stack:6024]
7fc5e42f3000-7fc5e42f6000 ---p 00000000 00:00 0 
7fc5e42f6000-7fc5e43f4000 rw-p 00000000 00:00 0                          [stack:6023]
7fc5e43f4000-7fc5e43f5000 ---p 00000000 00:00 0 
7fc5e43f5000-7fc5e5000000 rw-p 00000000 00:00 0                          [stack:6022]
7fc5e5000000-7fc5e5270000 rwxp 00000000 00:00 0 
7fc5e5270000-7fc5e82e7000 rw-p 00000000 00:00 0 
7fc5e82e7000-7fc5ec000000 ---p 00000000 00:00 0 
7fc5ec0aa000-7fc5ec4f9000 rw-p 00000000 00:00 0 
7fc5ec4f9000-7fc5ec6b8000 r--s 039f0000 08:05 1978874                    /usr/lib/jvm/java-7-oracle/jre/lib/rt.jar
7fc5ec6b8000-7fc5ec9b2000 rw-p 00000000 00:00 0 
7fc5ec9b2000-7fc5ec9b3000 ---p 00000000 00:00 0 
7fc5ec9b3000-7fc5ecab3000 rw-p 00000000 00:00 0                          [stack:6021]
7fc5ecab3000-7fc5ecab4000 ---p 00000000 00:00 0 
7fc5ecab4000-7fc5ecbb4000 rw-p 00000000 00:00 0                          [stack:6020]
7fc5ecbb4000-7fc5ecbb5000 ---p 00000000 00:00 0 
7fc5ecbb5000-7fc5eccb5000 rw-p 00000000 00:00 0                          [stack:6019]
7fc5eccb5000-7fc5eccb6000 ---p 00000000 00:00 0 
7fc5eccb6000-7fc5ecdc1000 rw-p 00000000 00:00 0                          [stack:6018]
7fc5ecdc1000-7fc5ecddf000 rw-p 00000000 00:00 0 
7fc5ecddf000-7fc5ecdfe000 rw-p 00000000 00:00 0 
7fc5ecdfe000-7fc5ecf35000 rw-p 00000000 00:00 0 
7fc5ecf35000-7fc5ecf40000 rw-p 00000000 00:00 0 
7fc5ecf40000-7fc5ecf5e000 rw-p 00000000 00:00 0 
7fc5ecf5e000-7fc5ecf7d000 rw-p 00000000 00:00 0 
7fc5ecf7d000-7fc5ed0b3000 rw-p 00000000 00:00 0 
7fc5ed0b3000-7fc5ed0cf000 rw-p 00000000 00:00 0 
7fc5ed0cf000-7fc5ed15e000 rw-p 00000000 00:00 0 
7fc5ed15e000-7fc5ed15f000 rw-p 00000000 00:00 0 
7fc5ed15f000-7fc5ed179000 r-xp 00000000 08:05 1978068                    /usr/lib/jvm/java-7-oracle/jre/lib/amd64/libzip.so
7fc5ed179000-7fc5ed379000 ---p 0001a000 08:05 1978068                    /usr/lib/jvm/java-7-oracle/jre/lib/amd64/libzip.so
7fc5ed379000-7fc5ed37a000 rw-p 0001a000 08:05 1978068                    /usr/lib/jvm/java-7-oracle/jre/lib/amd64/libzip.so
7fc5ed37a000-7fc5ed385000 r-xp 00000000 08:05 2505604                    /lib/x86_64-linux-gnu/libnss_files-2.19.so
7fc5ed385000-7fc5ed584000 ---p 0000b000 08:05 2505604                    /lib/x86_64-linux-gnu/libnss_files-2.19.so
7fc5ed584000-7fc5ed585000 r--p 0000a000 08:05 2505604                    /lib/x86_64-linux-gnu/libnss_files-2.19.so
7fc5ed585000-7fc5ed586000 rw-p 0000b000 08:05 2505604                    /lib/x86_64-linux-gnu/libnss_files-2.19.so
7fc5ed586000-7fc5ed591000 r-xp 00000000 08:05 2505645                    /lib/x86_64-linux-gnu/libnss_nis-2.19.so
7fc5ed591000-7fc5ed790000 ---p 0000b000 08:05 2505645                    /lib/x86_64-linux-gnu/libnss_nis-2.19.so
7fc5ed790000-7fc5ed791000 r--p 0000a000 08:05 2505645                    /lib/x86_64-linux-gnu/libnss_nis-2.19.so
7fc5ed791000-7fc5ed792000 rw-p 0000b000 08:05 2505645                    /lib/x86_64-linux-gnu/libnss_nis-2.19.so
7fc5ed792000-7fc5ed7a9000 r-xp 00000000 08:05 2505623                    /lib/x86_64-linux-gnu/libnsl-2.19.so
7fc5ed7a9000-7fc5ed9a8000 ---p 00017000 08:05 2505623                    /lib/x86_64-linux-gnu/libnsl-2.19.so
7fc5ed9a8000-7fc5ed9a9000 r--p 00016000 08:05 2505623                    /lib/x86_64-linux-gnu/libnsl-2.19.so
7fc5ed9a9000-7fc5ed9aa000 rw-p 00017000 08:05 2505623                    /lib/x86_64-linux-gnu/libnsl-2.19.so
7fc5ed9aa000-7fc5ed9ac000 rw-p 00000000 00:00 0 
7fc5ed9ac000-7fc5ed9b5000 r-xp 00000000 08:05 2505621                    /lib/x86_64-linux-gnu/libnss_compat-2.19.so
7fc5ed9b5000-7fc5edbb4000 ---p 00009000 08:05 2505621                    /lib/x86_64-linux-gnu/libnss_compat-2.19.so
7fc5edbb4000-7fc5edbb5000 r--p 00008000 08:05 2505621                    /lib/x86_64-linux-gnu/libnss_compat-2.19.so
7fc5edbb5000-7fc5edbb6000 rw-p 00009000 08:05 2505621                    /lib/x86_64-linux-gnu/libnss_compat-2.19.so
7fc5edbb6000-7fc5edbdf000 r-xp 00000000 08:05 1978065                    /usr/lib/jvm/java-7-oracle/jre/lib/amd64/libjava.so
7fc5edbdf000-7fc5edddf000 ---p 00029000 08:05 1978065                    /usr/lib/jvm/java-7-oracle/jre/lib/amd64/libjava.so
7fc5edddf000-7fc5edde1000 rw-p 00029000 08:05 1978065                    /usr/lib/jvm/java-7-oracle/jre/lib/amd64/libjava.so
7fc5edde1000-7fc5eddee000 r-xp 00000000 08:05 1978791                    /usr/lib/jvm/java-7-oracle/jre/lib/amd64/libverify.so
7fc5eddee000-7fc5edfed000 ---p 0000d000 08:05 1978791                    /usr/lib/jvm/java-7-oracle/jre/lib/amd64/libverify.so
7fc5edfed000-7fc5edfef000 rw-p 0000c000 08:05 1978791                    /usr/lib/jvm/java-7-oracle/jre/lib/amd64/libverify.so
7fc5edfef000-7fc5edff6000 r-xp 00000000 08:05 2505639                    /lib/x86_64-linux-gnu/librt-2.19.so
7fc5edff6000-7fc5ee1f5000 ---p 00007000 08:05 2505639                    /lib/x86_64-linux-gnu/librt-2.19.so
7fc5ee1f5000-7fc5ee1f6000 r--p 00006000 08:05 2505639                    /lib/x86_64-linux-gnu/librt-2.19.so
7fc5ee1f6000-7fc5ee1f7000 rw-p 00007000 08:05 2505639                    /lib/x86_64-linux-gnu/librt-2.19.so
7fc5ee1f7000-7fc5ee2fc000 r-xp 00000000 08:05 2505603                    /lib/x86_64-linux-gnu/libm-2.19.so
7fc5ee2fc000-7fc5ee4fb000 ---p 00105000 08:05 2505603                    /lib/x86_64-linux-gnu/libm-2.19.so
7fc5ee4fb000-7fc5ee4fc000 r--p 00104000 08:05 2505603                    /lib/x86_64-linux-gnu/libm-2.19.so
7fc5ee4fc000-7fc5ee4fd000 rw-p 00105000 08:05 2505603                    /lib/x86_64-linux-gnu/libm-2.19.so
7fc5ee4fd000-7fc5ef072000 r-xp 00000000 08:05 1978771                    /usr/lib/jvm/java-7-oracle/jre/lib/amd64/server/libjvm.so
7fc5ef072000-7fc5ef272000 ---p 00b75000 08:05 1978771                    /usr/lib/jvm/java-7-oracle/jre/lib/amd64/server/libjvm.so
7fc5ef272000-7fc5ef336000 rw-p 00b75000 08:05 1978771                    /usr/lib/jvm/java-7-oracle/jre/lib/amd64/server/libjvm.so
7fc5ef336000-7fc5ef377000 rw-p 00000000 00:00 0 
7fc5ef377000-7fc5ef532000 r-xp 00000000 08:05 2505633                    /lib/x86_64-linux-gnu/libc-2.19.so
7fc5ef532000-7fc5ef731000 ---p 001bb000 08:05 2505633                    /lib/x86_64-linux-gnu/libc-2.19.so
7fc5ef731000-7fc5ef735000 r--p 001ba000 08:05 2505633                    /lib/x86_64-linux-gnu/libc-2.19.so
7fc5ef735000-7fc5ef737000 rw-p 001be000 08:05 2505633                    /lib/x86_64-linux-gnu/libc-2.19.so
7fc5ef737000-7fc5ef73c000 rw-p 00000000 00:00 0 
7fc5ef73c000-7fc5ef73f000 r-xp 00000000 08:05 2505614                    /lib/x86_64-linux-gnu/libdl-2.19.so
7fc5ef73f000-7fc5ef93e000 ---p 00003000 08:05 2505614                    /lib/x86_64-linux-gnu/libdl-2.19.so
7fc5ef93e000-7fc5ef93f000 r--p 00002000 08:05 2505614                    /lib/x86_64-linux-gnu/libdl-2.19.so
7fc5ef93f000-7fc5ef940000 rw-p 00003000 08:05 2505614                    /lib/x86_64-linux-gnu/libdl-2.19.so
7fc5ef940000-7fc5ef956000 r-xp 00000000 08:05 1978802                    /usr/lib/jvm/java-7-oracle/jre/lib/amd64/jli/libjli.so
7fc5ef956000-7fc5efb56000 ---p 00016000 08:05 1978802                    /usr/lib/jvm/java-7-oracle/jre/lib/amd64/jli/libjli.so
7fc5efb56000-7fc5efb57000 rw-p 00016000 08:05 1978802                    /usr/lib/jvm/java-7-oracle/jre/lib/amd64/jli/libjli.so
7fc5efb57000-7fc5efb70000 r-xp 00000000 08:05 2505635                    /lib/x86_64-linux-gnu/libpthread-2.19.so
7fc5efb70000-7fc5efd6f000 ---p 00019000 08:05 2505635                    /lib/x86_64-linux-gnu/libpthread-2.19.so
7fc5efd6f000-7fc5efd70000 r--p 00018000 08:05 2505635                    /lib/x86_64-linux-gnu/libpthread-2.19.so
7fc5efd70000-7fc5efd71000 rw-p 00019000 08:05 2505635                    /lib/x86_64-linux-gnu/libpthread-2.19.so
7fc5efd71000-7fc5efd75000 rw-p 00000000 00:00 0 
7fc5efd75000-7fc5efd98000 r-xp 00000000 08:05 2505627                    /lib/x86_64-linux-gnu/ld-2.19.so
7fc5efd9b000-7fc5efd9f000 r--s 0008b000 08:05 1978053                    /usr/lib/jvm/java-7-oracle/jre/lib/jsse.jar
7fc5efd9f000-7fc5efdae000 r--s 000dd000 08:05 3948531                    /home/vladislav/Development/android-sdk-linux/build-tools/22.0.0/lib/dx.jar
7fc5efdae000-7fc5efdb8000 rw-p 00000000 00:00 0 
7fc5efdb8000-7fc5efe6e000 rw-p 00000000 00:00 0 
7fc5efe6e000-7fc5efe71000 ---p 00000000 00:00 0 
7fc5efe71000-7fc5eff73000 rw-p 00000000 00:00 0                          [stack:6017]
7fc5eff74000-7fc5eff8b000 rw-p 00000000 00:00 0 
7fc5eff8b000-7fc5eff93000 rw-s 00000000 08:05 1855597                    /tmp/hsperfdata_vladislav/6008
7fc5eff93000-7fc5eff94000 rw-p 00000000 00:00 0 
7fc5eff94000-7fc5eff95000 ---p 00000000 00:00 0 
7fc5eff95000-7fc5eff97000 rw-p 00000000 00:00 0 
7fc5eff97000-7fc5eff98000 r--p 00022000 08:05 2505627                    /lib/x86_64-linux-gnu/ld-2.19.so
7fc5eff98000-7fc5eff99000 rw-p 00023000 08:05 2505627                    /lib/x86_64-linux-gnu/ld-2.19.so
7fc5eff99000-7fc5eff9a000 rw-p 00000000 00:00 0 
7fff2e0d0000-7fff2e0f2000 rw-p 00000000 00:00 0                          [stack]
7fff2e1df000-7fff2e1e1000 r-xp 00000000 00:00 0                          [vdso]
ffffffffff600000-ffffffffff601000 r-xp 00000000 00:00 0                  [vsyscall]

VM Arguments:
jvm_args: -Xmx1024M 
java_command: /home/vladislav/Development/android-sdk-linux/build-tools/22.0.0/lib/dx.jar --dex --no-optimize --output /home/vladislav/workspace/helper-android/app/build/intermediates/dex/debug --input-list=/home/vladislav/workspace/helper-android/app/build/intermediates/tmp/dex/debug/inputList.txt
Launcher Type: SUN_STANDARD

Environment Variables:
PATH=/home/vladislav/.rvm/gems/ruby-2.1.3/bin:/home/vladislav/.rvm/gems/ruby-2.1.3@global/bin:/home/vladislav/.rvm/rubies/ruby-2.1.3/bin:/usr/local/sbin:/usr/local/bin:/usr/sbin:/usr/bin:/sbin:/bin:/usr/games:/usr/local/games:/home/vladislav/Development/android-sdk-linux/tools:/home/vladislav/Development/android-sdk-linux/platform-tools:/home/vladislav/Development/idea-IC-139.224.1/bin:/home/vladislav/.rvm/bin:/home/vladislav/Development/android-studio/bin:/home/vladislav/Development/gradle-2.2.1:/home/vladislav/Development/android-sdk-linux/tools:/home/vladislav/Development/android-sdk-linux/platform-tools:/home/vladislav/Development/idea-IC-139.224.1/bin:/home/vladislav/.rvm/bin:/home/vladislav/.rvm/bin:/home/vladislav/Development/android-studio/bin:/home/vladislav/Development/gradle-2.2.1
LD_LIBRARY_PATH=/home/vladislav/Development/android-studio/bin:
SHELL=/bin/bash
DISPLAY=:0

Signal Handlers:
SIGSEGV: [libjvm.so+0x9a3bd0], sa_mask[0]=0x7ffbfeff, sa_flags=0x10000004
SIGBUS: [libjvm.so+0x9a3bd0], sa_mask[0]=0x7ffbfeff, sa_flags=0x10000004
SIGFPE: [libjvm.so+0x81cb60], sa_mask[0]=0x7ffbfeff, sa_flags=0x10000004
SIGPIPE: [libjvm.so+0x81cb60], sa_mask[0]=0x7ffbfeff, sa_flags=0x10000004
SIGXFSZ: [libjvm.so+0x81cb60], sa_mask[0]=0x7ffbfeff, sa_flags=0x10000004
SIGILL: [libjvm.so+0x81cb60], sa_mask[0]=0x7ffbfeff, sa_flags=0x10000004
SIGUSR1: SIG_DFL, sa_mask[0]=0x00000000, sa_flags=0x00000000
SIGUSR2: [libjvm.so+0x81e360], sa_mask[0]=0x00000004, sa_flags=0x10000004
SIGHUP: [libjvm.so+0x81f480], sa_mask[0]=0x7ffbfeff, sa_flags=0x10000004
SIGINT: [libjvm.so+0x81f480], sa_mask[0]=0x7ffbfeff, sa_flags=0x10000004
SIGTERM: [libjvm.so+0x81f480], sa_mask[0]=0x7ffbfeff, sa_flags=0x10000004
SIGQUIT: [libjvm.so+0x81f480], sa_mask[0]=0x7ffbfeff, sa_flags=0x10000004


---------------  S Y S T E M  ---------------

OS:jessie/sid

uname:Linux 3.13.0-46-generic #77-Ubuntu SMP Mon Mar 2 18:23:39 UTC 2015 x86_64
libc:glibc 2.19 NPTL 2.19 
rlimit: STACK 8192k, CORE 0k, NPROC 46672, NOFILE 4096, AS infinity
load average:10.78 7.14 3.84

/proc/meminfo:
MemTotal:        5995700 kB
MemFree:          103112 kB
Buffers:             484 kB
Cached:           620316 kB
SwapCached:            0 kB
Active:          3887352 kB
Inactive:         614512 kB
Active(anon):    3883508 kB
Inactive(anon):   606348 kB
Active(file):       3844 kB
Inactive(file):     8164 kB
Unevictable:          32 kB
Mlocked:              32 kB
SwapTotal:             0 kB
SwapFree:              0 kB
Dirty:               992 kB
Writeback:             0 kB
AnonPages:       3881356 kB
Mapped:          1368644 kB
Shmem:            608536 kB
Slab:              80768 kB
SReclaimable:      36896 kB
SUnreclaim:        43872 kB
KernelStack:        5112 kB
PageTables:        41672 kB
NFS_Unstable:          0 kB
Bounce:                0 kB
WritebackTmp:          0 kB
CommitLimit:     2997848 kB
Committed_AS:    8970460 kB
VmallocTotal:   34359738367 kB
VmallocUsed:      412096 kB
VmallocChunk:   34359317072 kB
HardwareCorrupted:     0 kB
AnonHugePages:   1638400 kB
HugePages_Total:       0
HugePages_Free:        0
HugePages_Rsvd:        0
HugePages_Surp:        0
Hugepagesize:       2048 kB
DirectMap4k:       90136 kB
DirectMap2M:     6084608 kB


CPU:total 4 (2 cores per cpu, 2 threads per core) family 6 model 58 stepping 9, cmov, cx8, fxsr, mmx, sse, sse2, sse3, ssse3, sse4.1, sse4.2, popcnt, avx, aes, erms, ht, tsc, tscinvbit, tscinv

/proc/cpuinfo:
processor	: 0
vendor_id	: GenuineIntel
cpu family	: 6
model		: 58
model name	: Intel(R) Core(TM) i5-3230M CPU @ 2.60GHz
stepping	: 9
microcode	: 0x15
cpu MHz		: 1400.000
cache size	: 3072 KB
physical id	: 0
siblings	: 4
core id		: 0
cpu cores	: 2
apicid		: 0
initial apicid	: 0
fpu		: yes
fpu_exception	: yes
cpuid level	: 13
wp		: yes
flags		: fpu vme de pse tsc msr pae mce cx8 apic sep mtrr pge mca cmov pat pse36 clflush dts acpi mmx fxsr sse sse2 ss ht tm pbe syscall nx rdtscp lm constant_tsc arch_perfmon pebs bts rep_good nopl xtopology nonstop_tsc aperfmperf eagerfpu pni pclmulqdq dtes64 monitor ds_cpl vmx est tm2 ssse3 cx16 xtpr pdcm pcid sse4_1 sse4_2 x2apic popcnt tsc_deadline_timer aes xsave avx f16c rdrand lahf_lm ida arat epb xsaveopt pln pts dtherm tpr_shadow vnmi flexpriority ept vpid fsgsbase smep erms
bogomips	: 5188.04
clflush size	: 64
cache_alignment	: 64
address sizes	: 36 bits physical, 48 bits virtual
power management:

processor	: 1
vendor_id	: GenuineIntel
cpu family	: 6
model		: 58
model name	: Intel(R) Core(TM) i5-3230M CPU @ 2.60GHz
stepping	: 9
microcode	: 0x15
cpu MHz		: 2601.000
cache size	: 3072 KB
physical id	: 0
siblings	: 4
core id		: 1
cpu cores	: 2
apicid		: 2
initial apicid	: 2
fpu		: yes
fpu_exception	: yes
cpuid level	: 13
wp		: yes
flags		: fpu vme de pse tsc msr pae mce cx8 apic sep mtrr pge mca cmov pat pse36 clflush dts acpi mmx fxsr sse sse2 ss ht tm pbe syscall nx rdtscp lm constant_tsc arch_perfmon pebs bts rep_good nopl xtopology nonstop_tsc aperfmperf eagerfpu pni pclmulqdq dtes64 monitor ds_cpl vmx est tm2 ssse3 cx16 xtpr pdcm pcid sse4_1 sse4_2 x2apic popcnt tsc_deadline_timer aes xsave avx f16c rdrand lahf_lm ida arat epb xsaveopt pln pts dtherm tpr_shadow vnmi flexpriority ept vpid fsgsbase smep erms
bogomips	: 5188.04
clflush size	: 64
cache_alignment	: 64
address sizes	: 36 bits physical, 48 bits virtual
power management:

processor	: 2
vendor_id	: GenuineIntel
cpu family	: 6
model		: 58
model name	: Intel(R) Core(TM) i5-3230M CPU @ 2.60GHz
stepping	: 9
microcode	: 0x15
cpu MHz		: 2601.000
cache size	: 3072 KB
physical id	: 0
siblings	: 4
core id		: 0
cpu cores	: 2
apicid		: 1
initial apicid	: 1
fpu		: yes
fpu_exception	: yes
cpuid level	: 13
wp		: yes
flags		: fpu vme de pse tsc msr pae mce cx8 apic sep mtrr pge mca cmov pat pse36 clflush dts acpi mmx fxsr sse sse2 ss ht tm pbe syscall nx rdtscp lm constant_tsc arch_perfmon pebs bts rep_good nopl xtopology nonstop_tsc aperfmperf eagerfpu pni pclmulqdq dtes64 monitor ds_cpl vmx est tm2 ssse3 cx16 xtpr pdcm pcid sse4_1 sse4_2 x2apic popcnt tsc_deadline_timer aes xsave avx f16c rdrand lahf_lm ida arat epb xsaveopt pln pts dtherm tpr_shadow vnmi flexpriority ept vpid fsgsbase smep erms
bogomips	: 5188.04
clflush size	: 64
cache_alignment	: 64
address sizes	: 36 bits physical, 48 bits virtual
power management:

processor	: 3
vendor_id	: GenuineIntel
cpu family	: 6
model		: 58
model name	: Intel(R) Core(TM) i5-3230M CPU @ 2.60GHz
stepping	: 9
microcode	: 0x15
cpu MHz		: 1200.000
cache size	: 3072 KB
physical id	: 0
siblings	: 4
core id		: 1
cpu cores	: 2
apicid		: 3
initial apicid	: 3
fpu		: yes
fpu_exception	: yes
cpuid level	: 13
wp		: yes
flags		: fpu vme de pse tsc msr pae mce cx8 apic sep mtrr pge mca cmov pat pse36 clflush dts acpi mmx fxsr sse sse2 ss ht tm pbe syscall nx rdtscp lm constant_tsc arch_perfmon pebs bts rep_good nopl xtopology nonstop_tsc aperfmperf eagerfpu pni pclmulqdq dtes64 monitor ds_cpl vmx est tm2 ssse3 cx16 xtpr pdcm pcid sse4_1 sse4_2 x2apic popcnt tsc_deadline_timer aes xsave avx f16c rdrand lahf_lm ida arat epb xsaveopt pln pts dtherm tpr_shadow vnmi flexpriority ept vpid fsgsbase smep erms
bogomips	: 5188.04
clflush size	: 64
cache_alignment	: 64
address sizes	: 36 bits physical, 48 bits virtual
power management:



Memory: 4k page, physical 5995700k(101624k free), swap 0k(0k free)

vm_info: Java HotSpot(TM) 64-Bit Server VM (24.76-b04) for linux-amd64 JRE (1.7.0_76-b13), built on Dec 18 2014 16:58:39 by "java_re" with gcc 4.3.0 20080428 (Red Hat 4.3.0-8)

time: Wed Apr 22 18:09:44 2015
elapsed time: 39 seconds

