#
# There is insufficient memory for the Java Runtime Environment to continue.
# Native memory allocation (malloc) failed to allocate 74448896 bytes for committing reserved memory.
# Possible reasons:
#   The system is out of physical RAM or swap space
#   In 32 bit mode, the process size limit was hit
# Possible solutions:
#   Reduce memory load on the system
#   Increase physical memory or swap space
#   Check if swap backing store is full
#   Use 64 bit Java on a 64 bit OS
#   Decrease Java heap size (-Xmx/-Xms)
#   Decrease number of Java threads
#   Decrease Java thread stack sizes (-Xss)
#   Set larger code cache with -XX:ReservedCodeCacheSize=
# This output file may be truncated or incomplete.
#
#  Out of Memory Error (os_linux.cpp:2756), pid=2997, tid=140103805945600
#
# JRE version: Java(TM) SE Runtime Environment (7.0_76-b13) (build 1.7.0_76-b13)
# Java VM: Java HotSpot(TM) 64-Bit Server VM (24.76-b04 mixed mode linux-amd64 compressed oops)
# Failed to write core dump. Core dumps have been disabled. To enable core dumping, try "ulimit -c unlimited" before starting Java again
#

---------------  T H R E A D  ---------------

Current thread (0x00007f6c7c131000):  VMThread [stack: 0x00007f6c7585c000,0x00007f6c7595d000] [id=3019]

Stack: [0x00007f6c7585c000,0x00007f6c7595d000],  sp=0x00007f6c7595b2c0,  free space=1020k
Native frames: (J=compiled Java code, j=interpreted, Vv=VM code, C=native code)
V  [libjvm.so+0x9a32ba]  VMError::report_and_die()+0x2ea
V  [libjvm.so+0x497f7b]  report_vm_out_of_memory(char const*, int, unsigned long, char const*)+0x9b
V  [libjvm.so+0x81fcce]  os::Linux::commit_memory_impl(char*, unsigned long, bool)+0xfe
V  [libjvm.so+0x820219]  os::pd_commit_memory(char*, unsigned long, unsigned long, bool)+0x29
V  [libjvm.so+0x819faa]  os::commit_memory(char*, unsigned long, unsigned long, bool)+0x2a
V  [libjvm.so+0x88d843]  PSVirtualSpace::expand_by(unsigned long)+0x53
V  [libjvm.so+0x88ec18]  PSYoungGen::resize_generation(unsigned long, unsigned long)+0xf8
V  [libjvm.so+0x88dd82]  PSYoungGen::resize(unsigned long, unsigned long)+0x22
V  [libjvm.so+0x88b13d]  PSScavenge::invoke_no_policy()+0xf3d
V  [libjvm.so+0x88b981]  PSScavenge::invoke()+0x41
V  [libjvm.so+0x842300]  ParallelScavengeHeap::failed_mem_allocate(unsigned long)+0x70
V  [libjvm.so+0x9a4b47]  VM_ParallelGCFailedAllocation::doit()+0x97
V  [libjvm.so+0x9abfe5]  VM_Operation::evaluate()+0x55
V  [libjvm.so+0x9aa3aa]  VMThread::evaluate_operation(VM_Operation*)+0xba
V  [libjvm.so+0x9aa72e]  VMThread::loop()+0x1ce
V  [libjvm.so+0x9aaba0]  VMThread::run()+0x70
V  [libjvm.so+0x821ca8]  java_start(Thread*)+0x108

VM_Operation (0x00007f6c835e33e0): ParallelGCFailedAllocation, mode: safepoint, requested by thread 0x00007f6c7c00a000


---------------  P R O C E S S  ---------------

Java Threads: ( => current thread )
  0x00007f6c7c167800 JavaThread "Service Thread" daemon [_thread_blocked, id=3028, stack(0x00007f6c74b74000,0x00007f6c74c75000)]
  0x00007f6c7c165000 JavaThread "C2 CompilerThread1" daemon [_thread_blocked, id=3027, stack(0x00007f6c74c75000,0x00007f6c74d76000)]
  0x00007f6c7c162800 JavaThread "C2 CompilerThread0" daemon [_thread_blocked, id=3026, stack(0x00007f6c74d76000,0x00007f6c74e77000)]
  0x00007f6c7c160000 JavaThread "Signal Dispatcher" daemon [_thread_blocked, id=3023, stack(0x00007f6c74e77000,0x00007f6c74f78000)]
  0x00007f6c7c137000 JavaThread "Finalizer" daemon [_thread_blocked, id=3022, stack(0x00007f6c7565a000,0x00007f6c7575b000)]
  0x00007f6c7c135000 JavaThread "Reference Handler" daemon [_thread_blocked, id=3020, stack(0x00007f6c7575b000,0x00007f6c7585c000)]
  0x00007f6c7c00a000 JavaThread "main" [_thread_blocked, id=3009, stack(0x00007f6c834e4000,0x00007f6c835e5000)]

Other Threads:
=>0x00007f6c7c131000 VMThread [stack: 0x00007f6c7585c000,0x00007f6c7595d000] [id=3019]
  0x00007f6c7c172800 WatcherThread [stack: 0x00007f6c74a73000,0x00007f6c74b74000] [id=3029]

VM state:at safepoint (normal execution)

VM Mutex/Monitor currently owned by a thread:  ([mutex/lock_event])
[0x00007f6c7c006260] Threads_lock - owner thread: 0x00007f6c7c131000
[0x00007f6c7c006760] Heap_lock - owner thread: 0x00007f6c7c00a000

Heap
 PSYoungGen      total 51712K, used 3583K [0x00000000eaa80000, 0x00000000ee080000, 0x0000000100000000)
  eden space 48128K, 0% used [0x00000000eaa80000,0x00000000eaa80000,0x00000000ed980000)
  from space 3584K, 99% used [0x00000000ed980000,0x00000000edcffe90,0x00000000edd00000)
  to   space 3584K, 0% used [0x00000000edd00000,0x00000000edd00000,0x00000000ee080000)
 ParOldGen       total 62464K, used 33353K [0x00000000c0000000, 0x00000000c3d00000, 0x00000000eaa80000)
  object space 62464K, 53% used [0x00000000c0000000,0x00000000c20925d0,0x00000000c3d00000)
 PSPermGen       total 21504K, used 6380K [0x00000000bae00000, 0x00000000bc300000, 0x00000000c0000000)
  object space 21504K, 29% used [0x00000000bae00000,0x00000000bb43b328,0x00000000bc300000)

Card table byte_map: [0x00007f6c805ab000,0x00007f6c807d5000] byte_map_base: 0x00007f6c7ffd4000

Polling page: 0x00007f6c8360a000

Code Cache  [0x00007f6c79000000, 0x00007f6c79270000, 0x00007f6c7c000000)
 total_blobs=847 nmethods=600 adapters=200 free_code_cache=47551Kb largest_free_block=48662912

Compilation events (10 events):
Event: 6.743 Thread 0x00007f6c7c162800  604             com.android.dx.io.instructions.InstructionCodec$6::decode (40 bytes)
Event: 6.746 Thread 0x00007f6c7c162800 nmethod 604 0x00007f6c79185b90 code [0x00007f6c79185ce0, 0x00007f6c79185e38]
Event: 6.746 Thread 0x00007f6c7c162800  605             com.android.dx.io.instructions.InstructionCodec$6::encode (26 bytes)
Event: 6.747 Thread 0x00007f6c7c162800 nmethod 605 0x00007f6c79195550 code [0x00007f6c791956a0, 0x00007f6c791957f8]
Event: 6.747 Thread 0x00007f6c7c162800  606             com.android.dx.io.instructions.DecodedInstruction::getTargetByte (48 bytes)
Event: 6.748 Thread 0x00007f6c7c162800 nmethod 606 0x00007f6c791959d0 code [0x00007f6c79195b00, 0x00007f6c79195b78]
Event: 6.748 Thread 0x00007f6c7c162800  607             com.android.dex.Leb128::readSignedLeb128 (93 bytes)
Event: 6.755 Thread 0x00007f6c7c162800 nmethod 607 0x00007f6c79194650 code [0x00007f6c791947c0, 0x00007f6c79194b18]
Event: 6.769 Thread 0x00007f6c7c162800  608             java.nio.HeapByteBuffer::get (54 bytes)
Event: 6.772 Thread 0x00007f6c7c162800 nmethod 608 0x00007f6c791941d0 code [0x00007f6c79194320, 0x00007f6c791944d8]

GC Heap History (9 events):
Event: 4.407 GC heap before
{Heap before GC invocations=1 (full 0):
 PSYoungGen      total 27648K, used 24064K [0x00000000eaa80000, 0x00000000ec900000, 0x0000000100000000)
  eden space 24064K, 100% used [0x00000000eaa80000,0x00000000ec200000,0x00000000ec200000)
  from space 3584K, 0% used [0x00000000ec580000,0x00000000ec580000,0x00000000ec900000)
  to   space 3584K, 0% used [0x00000000ec200000,0x00000000ec200000,0x00000000ec580000)
 ParOldGen       total 62464K, used 0K [0x00000000c0000000, 0x00000000c3d00000, 0x00000000eaa80000)
  object space 62464K, 0% used [0x00000000c0000000,0x00000000c0000000,0x00000000c3d00000)
 PSPermGen       total 21504K, used 4960K [0x00000000bae00000, 0x00000000bc300000, 0x00000000c0000000)
  object space 21504K, 23% used [0x00000000bae00000,0x00000000bb2d82d0,0x00000000bc300000)
Event: 4.427 GC heap after
Heap after GC invocations=1 (full 0):
 PSYoungGen      total 27648K, used 3552K [0x00000000eaa80000, 0x00000000ec900000, 0x0000000100000000)
  eden space 24064K, 0% used [0x00000000eaa80000,0x00000000eaa80000,0x00000000ec200000)
  from space 3584K, 99% used [0x00000000ec200000,0x00000000ec578048,0x00000000ec580000)
  to   space 3584K, 0% used [0x00000000ec580000,0x00000000ec580000,0x00000000ec900000)
 ParOldGen       total 62464K, used 6940K [0x00000000c0000000, 0x00000000c3d00000, 0x00000000eaa80000)
  object space 62464K, 11% used [0x00000000c0000000,0x00000000c06c7150,0x00000000c3d00000)
 PSPermGen       total 21504K, used 4960K [0x00000000bae00000, 0x00000000bc300000, 0x00000000c0000000)
  object space 21504K, 23% used [0x00000000bae00000,0x00000000bb2d82d0,0x00000000bc300000)
}
Event: 5.950 GC heap before
{Heap before GC invocations=2 (full 0):
 PSYoungGen      total 27648K, used 27616K [0x00000000eaa80000, 0x00000000ec900000, 0x0000000100000000)
  eden space 24064K, 100% used [0x00000000eaa80000,0x00000000ec200000,0x00000000ec200000)
  from space 3584K, 99% used [0x00000000ec200000,0x00000000ec578048,0x00000000ec580000)
  to   space 3584K, 0% used [0x00000000ec580000,0x00000000ec580000,0x00000000ec900000)
 ParOldGen       total 62464K, used 6940K [0x00000000c0000000, 0x00000000c3d00000, 0x00000000eaa80000)
  object space 62464K, 11% used [0x00000000c0000000,0x00000000c06c7150,0x00000000c3d00000)
 PSPermGen       total 21504K, used 6289K [0x00000000bae00000, 0x00000000bc300000, 0x00000000c0000000)
  object space 21504K, 29% used [0x00000000bae00000,0x00000000bb424520,0x00000000bc300000)
Event: 5.961 GC heap after
Heap after GC invocations=2 (full 0):
 PSYoungGen      total 27648K, used 3583K [0x00000000eaa80000, 0x00000000ec900000, 0x0000000100000000)
  eden space 24064K, 0% used [0x00000000eaa80000,0x00000000eaa80000,0x00000000ec200000)
  from space 3584K, 99% used [0x00000000ec580000,0x00000000ec8ffde8,0x00000000ec900000)
  to   space 3584K, 0% used [0x00000000ec200000,0x00000000ec200000,0x00000000ec580000)
 ParOldGen       total 62464K, used 12586K [0x00000000c0000000, 0x00000000c3d00000, 0x00000000eaa80000)
  object space 62464K, 20% used [0x00000000c0000000,0x00000000c0c4ab98,0x00000000c3d00000)
 PSPermGen       total 21504K, used 6289K [0x00000000bae00000, 0x00000000bc300000, 0x00000000c0000000)
  object space 21504K, 29% used [0x00000000bae00000,0x00000000bb424520,0x00000000bc300000)
}
Event: 6.236 GC heap before
{Heap before GC invocations=3 (full 0):
 PSYoungGen      total 27648K, used 27647K [0x00000000eaa80000, 0x00000000ec900000, 0x0000000100000000)
  eden space 24064K, 100% used [0x00000000eaa80000,0x00000000ec200000,0x00000000ec200000)
  from space 3584K, 99% used [0x00000000ec580000,0x00000000ec8ffde8,0x00000000ec900000)
  to   space 3584K, 0% used [0x00000000ec200000,0x00000000ec200000,0x00000000ec580000)
 ParOldGen       total 62464K, used 12586K [0x00000000c0000000, 0x00000000c3d00000, 0x00000000eaa80000)
  object space 62464K, 20% used [0x00000000c0000000,0x00000000c0c4ab98,0x00000000c3d00000)
 PSPermGen       total 21504K, used 6336K [0x00000000bae00000, 0x00000000bc300000, 0x00000000c0000000)
  object space 21504K, 29% used [0x00000000bae00000,0x00000000bb430110,0x00000000bc300000)
Event: 6.247 GC heap after
Heap after GC invocations=3 (full 0):
 PSYoungGen      total 27648K, used 3583K [0x00000000eaa80000, 0x00000000ee080000, 0x0000000100000000)
  eden space 24064K, 0% used [0x00000000eaa80000,0x00000000eaa80000,0x00000000ec200000)
  from space 3584K, 99% used [0x00000000ec200000,0x00000000ec57fde8,0x00000000ec580000)
  to   space 3584K, 0% used [0x00000000edd00000,0x00000000edd00000,0x00000000ee080000)
 ParOldGen       total 62464K, used 19256K [0x00000000c0000000, 0x00000000c3d00000, 0x00000000eaa80000)
  object space 62464K, 30% used [0x00000000c0000000,0x00000000c12ce1a8,0x00000000c3d00000)
 PSPermGen       total 21504K, used 6336K [0x00000000bae00000, 0x00000000bc300000, 0x00000000c0000000)
  object space 21504K, 29% used [0x00000000bae00000,0x00000000bb430110,0x00000000bc300000)
}
Event: 6.453 GC heap before
{Heap before GC invocations=4 (full 0):
 PSYoungGen      total 27648K, used 27647K [0x00000000eaa80000, 0x00000000ee080000, 0x0000000100000000)
  eden space 24064K, 100% used [0x00000000eaa80000,0x00000000ec200000,0x00000000ec200000)
  from space 3584K, 99% used [0x00000000ec200000,0x00000000ec57fde8,0x00000000ec580000)
  to   space 3584K, 0% used [0x00000000edd00000,0x00000000edd00000,0x00000000ee080000)
 ParOldGen       total 62464K, used 19256K [0x00000000c0000000, 0x00000000c3d00000, 0x00000000eaa80000)
  object space 62464K, 30% used [0x00000000c0000000,0x00000000c12ce1a8,0x00000000c3d00000)
 PSPermGen       total 21504K, used 6358K [0x00000000bae00000, 0x00000000bc300000, 0x00000000c0000000)
  object space 21504K, 29% used [0x00000000bae00000,0x00000000bb435b10,0x00000000bc300000)
Event: 6.467 GC heap after
Heap after GC invocations=4 (full 0):
 PSYoungGen      total 51712K, used 3583K [0x00000000eaa80000, 0x00000000ee080000, 0x0000000100000000)
  eden space 48128K, 0% used [0x00000000eaa80000,0x00000000eaa80000,0x00000000ed980000)
  from space 3584K, 99% used [0x00000000edd00000,0x00000000ee07fe90,0x00000000ee080000)
  to   space 3584K, 0% used [0x00000000ed980000,0x00000000ed980000,0x00000000edd00000)
 ParOldGen       total 62464K, used 21835K [0x00000000c0000000, 0x00000000c3d00000, 0x00000000eaa80000)
  object space 62464K, 34% used [0x00000000c0000000,0x00000000c1552f68,0x00000000c3d00000)
 PSPermGen       total 21504K, used 6358K [0x00000000bae00000, 0x00000000bc300000, 0x00000000c0000000)
  object space 21504K, 29% used [0x00000000bae00000,0x00000000bb435b10,0x00000000bc300000)
}
Event: 6.779 GC heap before
{Heap before GC invocations=5 (full 0):
 PSYoungGen      total 51712K, used 51711K [0x00000000eaa80000, 0x00000000ee080000, 0x0000000100000000)
  eden space 48128K, 100% used [0x00000000eaa80000,0x00000000ed980000,0x00000000ed980000)
  from space 3584K, 99% used [0x00000000edd00000,0x00000000ee07fe90,0x00000000ee080000)
  to   space 3584K, 0% used [0x00000000ed980000,0x00000000ed980000,0x00000000edd00000)
 ParOldGen       total 62464K, used 21835K [0x00000000c0000000, 0x00000000c3d00000, 0x00000000eaa80000)
  object space 62464K, 34% used [0x00000000c0000000,0x00000000c1552f68,0x00000000c3d00000)
 PSPermGen       total 21504K, used 6380K [0x00000000bae00000, 0x00000000bc300000, 0x00000000c0000000)
  object space 21504K, 29% used [0x00000000bae00000,0x00000000bb43b328,0x00000000bc300000)

Deoptimization events (10 events):
Event: 5.011 Thread 0x00007f6c7c00a000 Uncommon trap: reason=bimorphic action=maybe_recompile pc=0x00007f6c79102818 method=com.android.dx.dex.code.OutputFinisher.calculateReservedCount([Lcom/android/dx/dex/code/Dop;)I @ 72
Event: 5.529 Thread 0x00007f6c7c00a000 Uncommon trap: reason=class_check action=maybe_recompile pc=0x00007f6c7910cb04 method=com.android.dex.Leb128.writeUnsignedLeb128(Lcom/android/dex/util/ByteOutput;I)V @ 40
Event: 5.530 Thread 0x00007f6c7c00a000 Uncommon trap: reason=class_check action=maybe_recompile pc=0x00007f6c7910cb04 method=com.android.dex.Leb128.writeUnsignedLeb128(Lcom/android/dex/util/ByteOutput;I)V @ 40
Event: 5.530 Thread 0x00007f6c7c00a000 Uncommon trap: reason=class_check action=maybe_recompile pc=0x00007f6c7910cb04 method=com.android.dex.Leb128.writeUnsignedLeb128(Lcom/android/dex/util/ByteOutput;I)V @ 40
Event: 5.530 Thread 0x00007f6c7c00a000 Uncommon trap: reason=class_check action=maybe_recompile pc=0x00007f6c7910cb04 method=com.android.dex.Leb128.writeUnsignedLeb128(Lcom/android/dex/util/ByteOutput;I)V @ 40
Event: 5.873 Thread 0x00007f6c7c00a000 Uncommon trap: reason=predicate action=maybe_recompile pc=0x00007f6c79121850 method=com.android.dex.Leb128.readUnsignedLeb128(Lcom/android/dex/util/ByteInput;)I @ 41
Event: 6.149 Thread 0x00007f6c7c00a000 Uncommon trap: reason=unloaded action=reinterpret pc=0x00007f6c7913ef64 method=com.android.dx.merge.IndexMap$EncodedValueTransformer.transform(Lcom/android/dex/EncodedValueReader;)V @ 263
Event: 6.373 Thread 0x00007f6c7c00a000 Uncommon trap: reason=predicate action=maybe_recompile pc=0x00007f6c790ac710 method=java.util.ComparableTimSort.binarySort([Ljava/lang/Object;III)V @ 37
Event: 6.513 Thread 0x00007f6c7c00a000 Uncommon trap: reason=array_check action=maybe_recompile pc=0x00007f6c790a5dd0 method=java.util.ComparableTimSort.binarySort([Ljava/lang/Object;III)V @ 193
Event: 6.772 Thread 0x00007f6c7c00a000 Uncommon trap: reason=array_check action=maybe_recompile pc=0x00007f6c790a5dd0 method=java.util.ComparableTimSort.binarySort([Ljava/lang/Object;III)V @ 193

Internal exceptions (10 events):
Event: 5.636 Thread 0x00007f6c7c00a000 Threw 0x00000000ebbdf9f0 at /HUDSON/workspace/7u-2-build-linux-amd64/jdk7u76/1941/hotspot/src/share/vm/prims/jvm.cpp:1304
Event: 5.637 Thread 0x00007f6c7c00a000 Threw 0x00000000ebbe2af8 at /HUDSON/workspace/7u-2-build-linux-amd64/jdk7u76/1941/hotspot/src/share/vm/prims/jvm.cpp:1304
Event: 5.637 Thread 0x00007f6c7c00a000 Threw 0x00000000ebbe5ce0 at /HUDSON/workspace/7u-2-build-linux-amd64/jdk7u76/1941/hotspot/src/share/vm/prims/jvm.cpp:1304
Event: 5.638 Thread 0x00007f6c7c00a000 Threw 0x00000000ebbe96a0 at /HUDSON/workspace/7u-2-build-linux-amd64/jdk7u76/1941/hotspot/src/share/vm/prims/jvm.cpp:1304
Event: 5.638 Thread 0x00007f6c7c00a000 Threw 0x00000000ebbec580 at /HUDSON/workspace/7u-2-build-linux-amd64/jdk7u76/1941/hotspot/src/share/vm/prims/jvm.cpp:1304
Event: 5.638 Thread 0x00007f6c7c00a000 Threw 0x00000000ebbef620 at /HUDSON/workspace/7u-2-build-linux-amd64/jdk7u76/1941/hotspot/src/share/vm/prims/jvm.cpp:1304
Event: 5.639 Thread 0x00007f6c7c00a000 Threw 0x00000000ebbf2ae8 at /HUDSON/workspace/7u-2-build-linux-amd64/jdk7u76/1941/hotspot/src/share/vm/prims/jvm.cpp:1304
Event: 5.640 Thread 0x00007f6c7c00a000 Threw 0x00000000ebc39d78 at /HUDSON/workspace/7u-2-build-linux-amd64/jdk7u76/1941/hotspot/src/share/vm/prims/jvm.cpp:1304
Event: 5.641 Thread 0x00007f6c7c00a000 Threw 0x00000000ebc3bfc8 at /HUDSON/workspace/7u-2-build-linux-amd64/jdk7u76/1941/hotspot/src/share/vm/prims/jvm.cpp:1304
Event: 6.179 Thread 0x00007f6c7c00a000 Threw 0x00000000ebda92b0 at /HUDSON/workspace/7u-2-build-linux-amd64/jdk7u76/1941/hotspot/src/share/vm/prims/jvm.cpp:1304

Events (10 events):
Event: 6.453 Executing VM operation: ParallelGCFailedAllocation
Event: 6.467 Executing VM operation: ParallelGCFailedAllocation done
Event: 6.513 Thread 0x00007f6c7c00a000 Uncommon trap: trap_request=0xffffffd6 fr.pc=0x00007f6c790a5dd0
Event: 6.513 Thread 0x00007f6c7c00a000 DEOPT PACKING pc=0x00007f6c790a5dd0 sp=0x00007f6c835e3410
Event: 6.513 Thread 0x00007f6c7c00a000 DEOPT UNPACKING pc=0x00007f6c79039445 sp=0x00007f6c835e33e8 mode 2
Event: 6.580 Thread 0x00007f6c7c165000 flushing nmethod 0x00007f6c790d1990
Event: 6.772 Thread 0x00007f6c7c00a000 Uncommon trap: trap_request=0xffffffd6 fr.pc=0x00007f6c790a5dd0
Event: 6.772 Thread 0x00007f6c7c00a000 DEOPT PACKING pc=0x00007f6c790a5dd0 sp=0x00007f6c835e3410
Event: 6.772 Thread 0x00007f6c7c00a000 DEOPT UNPACKING pc=0x00007f6c79039445 sp=0x00007f6c835e33e8 mode 2
Event: 6.779 Executing VM operation: ParallelGCFailedAllocation


Dynamic libraries:
00400000-00401000 r-xp 00000000 08:05 1977939                            /usr/lib/jvm/java-7-oracle/jre/bin/java
00600000-00601000 rw-p 00000000 08:05 1977939                            /usr/lib/jvm/java-7-oracle/jre/bin/java
0128f000-012b0000 rw-p 00000000 00:00 0                                  [heap]
bae00000-bc300000 rw-p 00000000 00:00 0 
bc300000-c0000000 rw-p 00000000 00:00 0 
c0000000-c3d00000 rw-p 00000000 00:00 0 
c3d00000-eaa80000 rw-p 00000000 00:00 0 
eaa80000-ee080000 rw-p 00000000 00:00 0 
f2780000-100000000 rw-p 00000000 00:00 0 
7f6c40000000-7f6c40021000 rw-p 00000000 00:00 0 
7f6c40021000-7f6c44000000 ---p 00000000 00:00 0 
7f6c44000000-7f6c44021000 rw-p 00000000 00:00 0 
7f6c44021000-7f6c48000000 ---p 00000000 00:00 0 
7f6c48000000-7f6c48eb6000 rw-p 00000000 00:00 0 
7f6c48eb6000-7f6c4c000000 ---p 00000000 00:00 0 
7f6c4c000000-7f6c4c87e000 rw-p 00000000 00:00 0 
7f6c4c87e000-7f6c50000000 ---p 00000000 00:00 0 
7f6c50000000-7f6c50021000 rw-p 00000000 00:00 0 
7f6c50021000-7f6c54000000 ---p 00000000 00:00 0 
7f6c54000000-7f6c54021000 rw-p 00000000 00:00 0 
7f6c54021000-7f6c58000000 ---p 00000000 00:00 0 
7f6c58000000-7f6c580e2000 rw-p 00000000 00:00 0 
7f6c580e2000-7f6c5c000000 ---p 00000000 00:00 0 
7f6c5c000000-7f6c5c021000 rw-p 00000000 00:00 0 
7f6c5c021000-7f6c60000000 ---p 00000000 00:00 0 
7f6c60000000-7f6c60021000 rw-p 00000000 00:00 0 
7f6c60021000-7f6c64000000 ---p 00000000 00:00 0 
7f6c68000000-7f6c68021000 rw-p 00000000 00:00 0 
7f6c68021000-7f6c6c000000 ---p 00000000 00:00 0 
7f6c6c000000-7f6c6c021000 rw-p 00000000 00:00 0 
7f6c6c021000-7f6c70000000 ---p 00000000 00:00 0 
7f6c70000000-7f6c70021000 rw-p 00000000 00:00 0 
7f6c70021000-7f6c74000000 ---p 00000000 00:00 0 
7f6c744de000-7f6c7464b000 rw-p 00000000 00:00 0 
7f6c7464b000-7f6c74661000 r-xp 00000000 08:05 1978792                    /usr/lib/jvm/java-7-oracle/jre/lib/amd64/libnet.so
7f6c74661000-7f6c74861000 ---p 00016000 08:05 1978792                    /usr/lib/jvm/java-7-oracle/jre/lib/amd64/libnet.so
7f6c74861000-7f6c74862000 rw-p 00016000 08:05 1978792                    /usr/lib/jvm/java-7-oracle/jre/lib/amd64/libnet.so
7f6c74862000-7f6c74872000 r-xp 00000000 08:05 1978795                    /usr/lib/jvm/java-7-oracle/jre/lib/amd64/libnio.so
7f6c74872000-7f6c74a72000 ---p 00010000 08:05 1978795                    /usr/lib/jvm/java-7-oracle/jre/lib/amd64/libnio.so
7f6c74a72000-7f6c74a73000 rw-p 00010000 08:05 1978795                    /usr/lib/jvm/java-7-oracle/jre/lib/amd64/libnio.so
7f6c74a73000-7f6c74a74000 ---p 00000000 00:00 0 
7f6c74a74000-7f6c74b74000 rw-p 00000000 00:00 0                          [stack:3029]
7f6c74b74000-7f6c74b77000 ---p 00000000 00:00 0 
7f6c74b77000-7f6c74c75000 rw-p 00000000 00:00 0                          [stack:3028]
7f6c74c75000-7f6c74c78000 ---p 00000000 00:00 0 
7f6c74c78000-7f6c74d76000 rw-p 00000000 00:00 0                          [stack:3027]
7f6c74d76000-7f6c74d79000 ---p 00000000 00:00 0 
7f6c74d79000-7f6c74e77000 rw-p 00000000 00:00 0                          [stack:3026]
7f6c74e77000-7f6c74e7a000 ---p 00000000 00:00 0 
7f6c74e7a000-7f6c74f78000 rw-p 00000000 00:00 0                          [stack:3023]
7f6c74f78000-7f6c7565a000 r--p 00000000 08:05 1973176                    /usr/lib/locale/locale-archive
7f6c7565a000-7f6c7565d000 ---p 00000000 00:00 0 
7f6c7565d000-7f6c7575b000 rw-p 00000000 00:00 0                          [stack:3022]
7f6c7575b000-7f6c7575e000 ---p 00000000 00:00 0 
7f6c7575e000-7f6c7585c000 rw-p 00000000 00:00 0                          [stack:3020]
7f6c7585c000-7f6c7585d000 ---p 00000000 00:00 0 
7f6c7585d000-7f6c768b7000 rw-p 00000000 00:00 0                          [stack:3019]
7f6c768b7000-7f6c76a76000 r--s 039f0000 08:05 1978874                    /usr/lib/jvm/java-7-oracle/jre/lib/rt.jar
7f6c76a76000-7f6c79000000 rw-p 00000000 00:00 0 
7f6c79000000-7f6c79270000 rwxp 00000000 00:00 0 
7f6c79270000-7f6c7c2d4000 rw-p 00000000 00:00 0 
7f6c7c2d4000-7f6c80000000 ---p 00000000 00:00 0 
7f6c80028000-7f6c80029000 ---p 00000000 00:00 0 
7f6c80029000-7f6c80129000 rw-p 00000000 00:00 0                          [stack:3018]
7f6c80129000-7f6c8012a000 ---p 00000000 00:00 0 
7f6c8012a000-7f6c8022a000 rw-p 00000000 00:00 0                          [stack:3017]
7f6c8022a000-7f6c8022b000 ---p 00000000 00:00 0 
7f6c8022b000-7f6c8032b000 rw-p 00000000 00:00 0                          [stack:3016]
7f6c8032b000-7f6c8032c000 ---p 00000000 00:00 0 
7f6c8032c000-7f6c80437000 rw-p 00000000 00:00 0                          [stack:3015]
7f6c80437000-7f6c80455000 rw-p 00000000 00:00 0 
7f6c80455000-7f6c80474000 rw-p 00000000 00:00 0 
7f6c80474000-7f6c805ab000 rw-p 00000000 00:00 0 
7f6c805ab000-7f6c805b6000 rw-p 00000000 00:00 0 
7f6c805b6000-7f6c805d4000 rw-p 00000000 00:00 0 
7f6c805d4000-7f6c805f3000 rw-p 00000000 00:00 0 
7f6c805f3000-7f6c80729000 rw-p 00000000 00:00 0 
7f6c80729000-7f6c80745000 rw-p 00000000 00:00 0 
7f6c80745000-7f6c807d4000 rw-p 00000000 00:00 0 
7f6c807d4000-7f6c807d5000 rw-p 00000000 00:00 0 
7f6c807d5000-7f6c807ef000 r-xp 00000000 08:05 1978068                    /usr/lib/jvm/java-7-oracle/jre/lib/amd64/libzip.so
7f6c807ef000-7f6c809ef000 ---p 0001a000 08:05 1978068                    /usr/lib/jvm/java-7-oracle/jre/lib/amd64/libzip.so
7f6c809ef000-7f6c809f0000 rw-p 0001a000 08:05 1978068                    /usr/lib/jvm/java-7-oracle/jre/lib/amd64/libzip.so
7f6c809f0000-7f6c809fb000 r-xp 00000000 08:05 2505604                    /lib/x86_64-linux-gnu/libnss_files-2.19.so
7f6c809fb000-7f6c80bfa000 ---p 0000b000 08:05 2505604                    /lib/x86_64-linux-gnu/libnss_files-2.19.so
7f6c80bfa000-7f6c80bfb000 r--p 0000a000 08:05 2505604                    /lib/x86_64-linux-gnu/libnss_files-2.19.so
7f6c80bfb000-7f6c80bfc000 rw-p 0000b000 08:05 2505604                    /lib/x86_64-linux-gnu/libnss_files-2.19.so
7f6c80bfc000-7f6c80c07000 r-xp 00000000 08:05 2505645                    /lib/x86_64-linux-gnu/libnss_nis-2.19.so
7f6c80c07000-7f6c80e06000 ---p 0000b000 08:05 2505645                    /lib/x86_64-linux-gnu/libnss_nis-2.19.so
7f6c80e06000-7f6c80e07000 r--p 0000a000 08:05 2505645                    /lib/x86_64-linux-gnu/libnss_nis-2.19.so
7f6c80e07000-7f6c80e08000 rw-p 0000b000 08:05 2505645                    /lib/x86_64-linux-gnu/libnss_nis-2.19.so
7f6c80e08000-7f6c80e1f000 r-xp 00000000 08:05 2505623                    /lib/x86_64-linux-gnu/libnsl-2.19.so
7f6c80e1f000-7f6c8101e000 ---p 00017000 08:05 2505623                    /lib/x86_64-linux-gnu/libnsl-2.19.so
7f6c8101e000-7f6c8101f000 r--p 00016000 08:05 2505623                    /lib/x86_64-linux-gnu/libnsl-2.19.so
7f6c8101f000-7f6c81020000 rw-p 00017000 08:05 2505623                    /lib/x86_64-linux-gnu/libnsl-2.19.so
7f6c81020000-7f6c81022000 rw-p 00000000 00:00 0 
7f6c81022000-7f6c8102b000 r-xp 00000000 08:05 2505621                    /lib/x86_64-linux-gnu/libnss_compat-2.19.so
7f6c8102b000-7f6c8122a000 ---p 00009000 08:05 2505621                    /lib/x86_64-linux-gnu/libnss_compat-2.19.so
7f6c8122a000-7f6c8122b000 r--p 00008000 08:05 2505621                    /lib/x86_64-linux-gnu/libnss_compat-2.19.so
7f6c8122b000-7f6c8122c000 rw-p 00009000 08:05 2505621                    /lib/x86_64-linux-gnu/libnss_compat-2.19.so
7f6c8122c000-7f6c81255000 r-xp 00000000 08:05 1978065                    /usr/lib/jvm/java-7-oracle/jre/lib/amd64/libjava.so
7f6c81255000-7f6c81455000 ---p 00029000 08:05 1978065                    /usr/lib/jvm/java-7-oracle/jre/lib/amd64/libjava.so
7f6c81455000-7f6c81457000 rw-p 00029000 08:05 1978065                    /usr/lib/jvm/java-7-oracle/jre/lib/amd64/libjava.so
7f6c81457000-7f6c81464000 r-xp 00000000 08:05 1978791                    /usr/lib/jvm/java-7-oracle/jre/lib/amd64/libverify.so
7f6c81464000-7f6c81663000 ---p 0000d000 08:05 1978791                    /usr/lib/jvm/java-7-oracle/jre/lib/amd64/libverify.so
7f6c81663000-7f6c81665000 rw-p 0000c000 08:05 1978791                    /usr/lib/jvm/java-7-oracle/jre/lib/amd64/libverify.so
7f6c81665000-7f6c8166c000 r-xp 00000000 08:05 2505639                    /lib/x86_64-linux-gnu/librt-2.19.so
7f6c8166c000-7f6c8186b000 ---p 00007000 08:05 2505639                    /lib/x86_64-linux-gnu/librt-2.19.so
7f6c8186b000-7f6c8186c000 r--p 00006000 08:05 2505639                    /lib/x86_64-linux-gnu/librt-2.19.so
7f6c8186c000-7f6c8186d000 rw-p 00007000 08:05 2505639                    /lib/x86_64-linux-gnu/librt-2.19.so
7f6c8186d000-7f6c81972000 r-xp 00000000 08:05 2505603                    /lib/x86_64-linux-gnu/libm-2.19.so
7f6c81972000-7f6c81b71000 ---p 00105000 08:05 2505603                    /lib/x86_64-linux-gnu/libm-2.19.so
7f6c81b71000-7f6c81b72000 r--p 00104000 08:05 2505603                    /lib/x86_64-linux-gnu/libm-2.19.so
7f6c81b72000-7f6c81b73000 rw-p 00105000 08:05 2505603                    /lib/x86_64-linux-gnu/libm-2.19.so
7f6c81b73000-7f6c826e8000 r-xp 00000000 08:05 1978771                    /usr/lib/jvm/java-7-oracle/jre/lib/amd64/server/libjvm.so
7f6c826e8000-7f6c828e8000 ---p 00b75000 08:05 1978771                    /usr/lib/jvm/java-7-oracle/jre/lib/amd64/server/libjvm.so
7f6c828e8000-7f6c829ac000 rw-p 00b75000 08:05 1978771                    /usr/lib/jvm/java-7-oracle/jre/lib/amd64/server/libjvm.so
7f6c829ac000-7f6c829ed000 rw-p 00000000 00:00 0 
7f6c829ed000-7f6c82ba8000 r-xp 00000000 08:05 2505633                    /lib/x86_64-linux-gnu/libc-2.19.so
7f6c82ba8000-7f6c82da7000 ---p 001bb000 08:05 2505633                    /lib/x86_64-linux-gnu/libc-2.19.so
7f6c82da7000-7f6c82dab000 r--p 001ba000 08:05 2505633                    /lib/x86_64-linux-gnu/libc-2.19.so
7f6c82dab000-7f6c82dad000 rw-p 001be000 08:05 2505633                    /lib/x86_64-linux-gnu/libc-2.19.so
7f6c82dad000-7f6c82db2000 rw-p 00000000 00:00 0 
7f6c82db2000-7f6c82db5000 r-xp 00000000 08:05 2505614                    /lib/x86_64-linux-gnu/libdl-2.19.so
7f6c82db5000-7f6c82fb4000 ---p 00003000 08:05 2505614                    /lib/x86_64-linux-gnu/libdl-2.19.so
7f6c82fb4000-7f6c82fb5000 r--p 00002000 08:05 2505614                    /lib/x86_64-linux-gnu/libdl-2.19.so
7f6c82fb5000-7f6c82fb6000 rw-p 00003000 08:05 2505614                    /lib/x86_64-linux-gnu/libdl-2.19.so
7f6c82fb6000-7f6c82fcc000 r-xp 00000000 08:05 1978802                    /usr/lib/jvm/java-7-oracle/jre/lib/amd64/jli/libjli.so
7f6c82fcc000-7f6c831cc000 ---p 00016000 08:05 1978802                    /usr/lib/jvm/java-7-oracle/jre/lib/amd64/jli/libjli.so
7f6c831cc000-7f6c831cd000 rw-p 00016000 08:05 1978802                    /usr/lib/jvm/java-7-oracle/jre/lib/amd64/jli/libjli.so
7f6c831cd000-7f6c831e6000 r-xp 00000000 08:05 2505635                    /lib/x86_64-linux-gnu/libpthread-2.19.so
7f6c831e6000-7f6c833e5000 ---p 00019000 08:05 2505635                    /lib/x86_64-linux-gnu/libpthread-2.19.so
7f6c833e5000-7f6c833e6000 r--p 00018000 08:05 2505635                    /lib/x86_64-linux-gnu/libpthread-2.19.so
7f6c833e6000-7f6c833e7000 rw-p 00019000 08:05 2505635                    /lib/x86_64-linux-gnu/libpthread-2.19.so
7f6c833e7000-7f6c833eb000 rw-p 00000000 00:00 0 
7f6c833eb000-7f6c8340e000 r-xp 00000000 08:05 2505627                    /lib/x86_64-linux-gnu/ld-2.19.so
7f6c83411000-7f6c83415000 r--s 0008b000 08:05 1978053                    /usr/lib/jvm/java-7-oracle/jre/lib/jsse.jar
7f6c83415000-7f6c83424000 r--s 000dd000 08:05 3948531                    /home/vladislav/Development/android-sdk-linux/build-tools/22.0.0/lib/dx.jar
7f6c83424000-7f6c8342e000 rw-p 00000000 00:00 0 
7f6c8342e000-7f6c834e4000 rw-p 00000000 00:00 0 
7f6c834e4000-7f6c834e7000 ---p 00000000 00:00 0 
7f6c834e7000-7f6c835e9000 rw-p 00000000 00:00 0                          [stack:3009]
7f6c835ea000-7f6c83601000 rw-p 00000000 00:00 0 
7f6c83601000-7f6c83609000 rw-s 00000000 08:05 1723786                    /tmp/hsperfdata_vladislav/2997
7f6c83609000-7f6c8360a000 rw-p 00000000 00:00 0 
7f6c8360a000-7f6c8360b000 ---p 00000000 00:00 0 
7f6c8360b000-7f6c8360d000 rw-p 00000000 00:00 0 
7f6c8360d000-7f6c8360e000 r--p 00022000 08:05 2505627                    /lib/x86_64-linux-gnu/ld-2.19.so
7f6c8360e000-7f6c8360f000 rw-p 00023000 08:05 2505627                    /lib/x86_64-linux-gnu/ld-2.19.so
7f6c8360f000-7f6c83610000 rw-p 00000000 00:00 0 
7fff35c33000-7fff35c55000 rw-p 00000000 00:00 0                          [stack]
7fff35caa000-7fff35cac000 r-xp 00000000 00:00 0                          [vdso]
ffffffffff600000-ffffffffff601000 r-xp 00000000 00:00 0                  [vsyscall]

VM Arguments:
jvm_args: -Xmx1024M 
java_command: /home/vladislav/Development/android-sdk-linux/build-tools/22.0.0/lib/dx.jar --dex --no-optimize --output /home/vladislav/workspace/helper-android/app/build/intermediates/dex/debug --input-list=/home/vladislav/workspace/helper-android/app/build/intermediates/tmp/dex/debug/inputList.txt
Launcher Type: SUN_STANDARD

Environment Variables:
PATH=/home/vladislav/.rvm/gems/ruby-2.1.3/bin:/home/vladislav/.rvm/gems/ruby-2.1.3@global/bin:/home/vladislav/.rvm/rubies/ruby-2.1.3/bin:/usr/local/sbin:/usr/local/bin:/usr/sbin:/usr/bin:/sbin:/bin:/usr/games:/usr/local/games:/home/vladislav/Development/android-sdk-linux/tools:/home/vladislav/Development/android-sdk-linux/platform-tools:/home/vladislav/Development/idea-IC-139.224.1/bin:/home/vladislav/.rvm/bin:/home/vladislav/Development/android-studio/bin:/home/vladislav/Development/gradle-2.2.1:/home/vladislav/Development/android-sdk-linux/tools:/home/vladislav/Development/android-sdk-linux/platform-tools:/home/vladislav/Development/idea-IC-139.224.1/bin:/home/vladislav/.rvm/bin:/home/vladislav/.rvm/bin:/home/vladislav/Development/android-studio/bin:/home/vladislav/Development/gradle-2.2.1
LD_LIBRARY_PATH=/home/vladislav/Development/android-studio/bin:
SHELL=/bin/bash
DISPLAY=:0

Signal Handlers:
SIGSEGV: [libjvm.so+0x9a3bd0], sa_mask[0]=0x7ffbfeff, sa_flags=0x10000004
SIGBUS: [libjvm.so+0x9a3bd0], sa_mask[0]=0x7ffbfeff, sa_flags=0x10000004
SIGFPE: [libjvm.so+0x81cb60], sa_mask[0]=0x7ffbfeff, sa_flags=0x10000004
SIGPIPE: [libjvm.so+0x81cb60], sa_mask[0]=0x7ffbfeff, sa_flags=0x10000004
SIGXFSZ: [libjvm.so+0x81cb60], sa_mask[0]=0x7ffbfeff, sa_flags=0x10000004
SIGILL: [libjvm.so+0x81cb60], sa_mask[0]=0x7ffbfeff, sa_flags=0x10000004
SIGUSR1: SIG_DFL, sa_mask[0]=0x00000000, sa_flags=0x00000000
SIGUSR2: [libjvm.so+0x81e360], sa_mask[0]=0x00000004, sa_flags=0x10000004
SIGHUP: [libjvm.so+0x81f480], sa_mask[0]=0x7ffbfeff, sa_flags=0x10000004
SIGINT: [libjvm.so+0x81f480], sa_mask[0]=0x7ffbfeff, sa_flags=0x10000004
SIGTERM: [libjvm.so+0x81f480], sa_mask[0]=0x7ffbfeff, sa_flags=0x10000004
SIGQUIT: [libjvm.so+0x81f480], sa_mask[0]=0x7ffbfeff, sa_flags=0x10000004


---------------  S Y S T E M  ---------------

OS:jessie/sid

uname:Linux 3.13.0-46-generic #77-Ubuntu SMP Mon Mar 2 18:23:39 UTC 2015 x86_64
libc:glibc 2.19 NPTL 2.19 
rlimit: STACK 8192k, CORE 0k, NPROC 46672, NOFILE 4096, AS infinity
load average:2.76 1.89 1.50

/proc/meminfo:
MemTotal:        5995700 kB
MemFree:          118464 kB
Buffers:            1760 kB
Cached:           752084 kB
SwapCached:            0 kB
Active:          3470436 kB
Inactive:         735420 kB
Active(anon):    3456484 kB
Inactive(anon):   708412 kB
Active(file):      13952 kB
Inactive(file):    27008 kB
Unevictable:          32 kB
Mlocked:              32 kB
SwapTotal:             0 kB
SwapFree:              0 kB
Dirty:               592 kB
Writeback:             0 kB
AnonPages:       3452552 kB
Mapped:          1682628 kB
Shmem:            712376 kB
Slab:              88788 kB
SReclaimable:      33708 kB
SUnreclaim:        55080 kB
KernelStack:        6240 kB
PageTables:        50332 kB
NFS_Unstable:          0 kB
Bounce:                0 kB
WritebackTmp:          0 kB
CommitLimit:     2997848 kB
Committed_AS:   10981908 kB
VmallocTotal:   34359738367 kB
VmallocUsed:      412192 kB
VmallocChunk:   34359298276 kB
HardwareCorrupted:     0 kB
AnonHugePages:   1337344 kB
HugePages_Total:       0
HugePages_Free:        0
HugePages_Rsvd:        0
HugePages_Surp:        0
Hugepagesize:       2048 kB
DirectMap4k:       92184 kB
DirectMap2M:     6082560 kB


CPU:total 4 (2 cores per cpu, 2 threads per core) family 6 model 58 stepping 9, cmov, cx8, fxsr, mmx, sse, sse2, sse3, ssse3, sse4.1, sse4.2, popcnt, avx, aes, erms, ht, tsc, tscinvbit, tscinv

/proc/cpuinfo:
processor	: 0
vendor_id	: GenuineIntel
cpu family	: 6
model		: 58
model name	: Intel(R) Core(TM) i5-3230M CPU @ 2.60GHz
stepping	: 9
microcode	: 0x15
cpu MHz		: 1200.000
cache size	: 3072 KB
physical id	: 0
siblings	: 4
core id		: 0
cpu cores	: 2
apicid		: 0
initial apicid	: 0
fpu		: yes
fpu_exception	: yes
cpuid level	: 13
wp		: yes
flags		: fpu vme de pse tsc msr pae mce cx8 apic sep mtrr pge mca cmov pat pse36 clflush dts acpi mmx fxsr sse sse2 ss ht tm pbe syscall nx rdtscp lm constant_tsc arch_perfmon pebs bts rep_good nopl xtopology nonstop_tsc aperfmperf eagerfpu pni pclmulqdq dtes64 monitor ds_cpl vmx est tm2 ssse3 cx16 xtpr pdcm pcid sse4_1 sse4_2 x2apic popcnt tsc_deadline_timer aes xsave avx f16c rdrand lahf_lm ida arat epb xsaveopt pln pts dtherm tpr_shadow vnmi flexpriority ept vpid fsgsbase smep erms
bogomips	: 5188.27
clflush size	: 64
cache_alignment	: 64
address sizes	: 36 bits physical, 48 bits virtual
power management:

processor	: 1
vendor_id	: GenuineIntel
cpu family	: 6
model		: 58
model name	: Intel(R) Core(TM) i5-3230M CPU @ 2.60GHz
stepping	: 9
microcode	: 0x15
cpu MHz		: 1200.000
cache size	: 3072 KB
physical id	: 0
siblings	: 4
core id		: 1
cpu cores	: 2
apicid		: 2
initial apicid	: 2
fpu		: yes
fpu_exception	: yes
cpuid level	: 13
wp		: yes
flags		: fpu vme de pse tsc msr pae mce cx8 apic sep mtrr pge mca cmov pat pse36 clflush dts acpi mmx fxsr sse sse2 ss ht tm pbe syscall nx rdtscp lm constant_tsc arch_perfmon pebs bts rep_good nopl xtopology nonstop_tsc aperfmperf eagerfpu pni pclmulqdq dtes64 monitor ds_cpl vmx est tm2 ssse3 cx16 xtpr pdcm pcid sse4_1 sse4_2 x2apic popcnt tsc_deadline_timer aes xsave avx f16c rdrand lahf_lm ida arat epb xsaveopt pln pts dtherm tpr_shadow vnmi flexpriority ept vpid fsgsbase smep erms
bogomips	: 5188.27
clflush size	: 64
cache_alignment	: 64
address sizes	: 36 bits physical, 48 bits virtual
power management:

processor	: 2
vendor_id	: GenuineIntel
cpu family	: 6
model		: 58
model name	: Intel(R) Core(TM) i5-3230M CPU @ 2.60GHz
stepping	: 9
microcode	: 0x15
cpu MHz		: 1200.000
cache size	: 3072 KB
physical id	: 0
siblings	: 4
core id		: 0
cpu cores	: 2
apicid		: 1
initial apicid	: 1
fpu		: yes
fpu_exception	: yes
cpuid level	: 13
wp		: yes
flags		: fpu vme de pse tsc msr pae mce cx8 apic sep mtrr pge mca cmov pat pse36 clflush dts acpi mmx fxsr sse sse2 ss ht tm pbe syscall nx rdtscp lm constant_tsc arch_perfmon pebs bts rep_good nopl xtopology nonstop_tsc aperfmperf eagerfpu pni pclmulqdq dtes64 monitor ds_cpl vmx est tm2 ssse3 cx16 xtpr pdcm pcid sse4_1 sse4_2 x2apic popcnt tsc_deadline_timer aes xsave avx f16c rdrand lahf_lm ida arat epb xsaveopt pln pts dtherm tpr_shadow vnmi flexpriority ept vpid fsgsbase smep erms
bogomips	: 5188.27
clflush size	: 64
cache_alignment	: 64
address sizes	: 36 bits physical, 48 bits virtual
power management:

processor	: 3
vendor_id	: GenuineIntel
cpu family	: 6
model		: 58
model name	: Intel(R) Core(TM) i5-3230M CPU @ 2.60GHz
stepping	: 9
microcode	: 0x15
cpu MHz		: 2601.000
cache size	: 3072 KB
physical id	: 0
siblings	: 4
core id		: 1
cpu cores	: 2
apicid		: 3
initial apicid	: 3
fpu		: yes
fpu_exception	: yes
cpuid level	: 13
wp		: yes
flags		: fpu vme de pse tsc msr pae mce cx8 apic sep mtrr pge mca cmov pat pse36 clflush dts acpi mmx fxsr sse sse2 ss ht tm pbe syscall nx rdtscp lm constant_tsc arch_perfmon pebs bts rep_good nopl xtopology nonstop_tsc aperfmperf eagerfpu pni pclmulqdq dtes64 monitor ds_cpl vmx est tm2 ssse3 cx16 xtpr pdcm pcid sse4_1 sse4_2 x2apic popcnt tsc_deadline_timer aes xsave avx f16c rdrand lahf_lm ida arat epb xsaveopt pln pts dtherm tpr_shadow vnmi flexpriority ept vpid fsgsbase smep erms
bogomips	: 5188.27
clflush size	: 64
cache_alignment	: 64
address sizes	: 36 bits physical, 48 bits virtual
power management:



Memory: 4k page, physical 5995700k(118464k free), swap 0k(0k free)

vm_info: Java HotSpot(TM) 64-Bit Server VM (24.76-b04) for linux-amd64 JRE (1.7.0_76-b13), built on Dec 18 2014 16:58:39 by "java_re" with gcc 4.3.0 20080428 (Red Hat 4.3.0-8)

time: Sun Apr 19 17:25:36 2015
elapsed time: 8 seconds

