#
# There is insufficient memory for the Java Runtime Environment to continue.
# Native memory allocation (malloc) failed to allocate 133169152 bytes for committing reserved memory.
# Possible reasons:
#   The system is out of physical RAM or swap space
#   In 32 bit mode, the process size limit was hit
# Possible solutions:
#   Reduce memory load on the system
#   Increase physical memory or swap space
#   Check if swap backing store is full
#   Use 64 bit Java on a 64 bit OS
#   Decrease Java heap size (-Xmx/-Xms)
#   Decrease number of Java threads
#   Decrease Java thread stack sizes (-Xss)
#   Set larger code cache with -XX:ReservedCodeCacheSize=
# This output file may be truncated or incomplete.
#
#  Out of Memory Error (os_linux.cpp:2756), pid=8918, tid=140717432362752
#
# JRE version: Java(TM) SE Runtime Environment (7.0_76-b13) (build 1.7.0_76-b13)
# Java VM: Java HotSpot(TM) 64-Bit Server VM (24.76-b04 mixed mode linux-amd64 compressed oops)
# Failed to write core dump. Core dumps have been disabled. To enable core dumping, try "ulimit -c unlimited" before starting Java again
#

---------------  T H R E A D  ---------------

Current thread (0x00007ffb50131000):  VMThread [stack: 0x00007ffb5481d000,0x00007ffb5491e000] [id=8931]

Stack: [0x00007ffb5481d000,0x00007ffb5491e000],  sp=0x00007ffb5491c240,  free space=1020k
Native frames: (J=compiled Java code, j=interpreted, Vv=VM code, C=native code)
V  [libjvm.so+0x9a32ba]  VMError::report_and_die()+0x2ea
V  [libjvm.so+0x497f7b]  report_vm_out_of_memory(char const*, int, unsigned long, char const*)+0x9b
V  [libjvm.so+0x81fcce]  os::Linux::commit_memory_impl(char*, unsigned long, bool)+0xfe
V  [libjvm.so+0x820219]  os::pd_commit_memory(char*, unsigned long, unsigned long, bool)+0x29
V  [libjvm.so+0x819faa]  os::commit_memory(char*, unsigned long, unsigned long, bool)+0x2a
V  [libjvm.so+0x88d843]  PSVirtualSpace::expand_by(unsigned long)+0x53
V  [libjvm.so+0x88ec18]  PSYoungGen::resize_generation(unsigned long, unsigned long)+0xf8
V  [libjvm.so+0x88dd82]  PSYoungGen::resize(unsigned long, unsigned long)+0x22
V  [libjvm.so+0x88b13d]  PSScavenge::invoke_no_policy()+0xf3d
V  [libjvm.so+0x88b981]  PSScavenge::invoke()+0x41
V  [libjvm.so+0x842300]  ParallelScavengeHeap::failed_mem_allocate(unsigned long)+0x70
V  [libjvm.so+0x9a4b47]  VM_ParallelGCFailedAllocation::doit()+0x97
V  [libjvm.so+0x9abfe5]  VM_Operation::evaluate()+0x55
V  [libjvm.so+0x9aa3aa]  VMThread::evaluate_operation(VM_Operation*)+0xba
V  [libjvm.so+0x9aa72e]  VMThread::loop()+0x1ce
V  [libjvm.so+0x9aaba0]  VMThread::run()+0x70
V  [libjvm.so+0x821ca8]  java_start(Thread*)+0x108

VM_Operation (0x00007ffb592ec210): ParallelGCFailedAllocation, mode: safepoint, requested by thread 0x00007ffb5000a000


---------------  P R O C E S S  ---------------

Java Threads: ( => current thread )
  0x00007ffb5015f800 JavaThread "Service Thread" daemon [_thread_blocked, id=8937, stack(0x00007ffb54217000,0x00007ffb54318000)]
  0x00007ffb5015d800 JavaThread "C2 CompilerThread1" daemon [_thread_blocked, id=8936, stack(0x00007ffb54318000,0x00007ffb54419000)]
  0x00007ffb5015a800 JavaThread "C2 CompilerThread0" daemon [_thread_blocked, id=8935, stack(0x00007ffb54419000,0x00007ffb5451a000)]
  0x00007ffb50158000 JavaThread "Signal Dispatcher" daemon [_thread_blocked, id=8934, stack(0x00007ffb5451a000,0x00007ffb5461b000)]
  0x00007ffb50137000 JavaThread "Finalizer" daemon [_thread_blocked, id=8933, stack(0x00007ffb5461b000,0x00007ffb5471c000)]
  0x00007ffb50135000 JavaThread "Reference Handler" daemon [_thread_blocked, id=8932, stack(0x00007ffb5471c000,0x00007ffb5481d000)]
  0x00007ffb5000a000 JavaThread "main" [_thread_blocked, id=8926, stack(0x00007ffb591ed000,0x00007ffb592ee000)]

Other Threads:
=>0x00007ffb50131000 VMThread [stack: 0x00007ffb5481d000,0x00007ffb5491e000] [id=8931]
  0x00007ffb5016a800 WatcherThread [stack: 0x00007ffb54116000,0x00007ffb54217000] [id=8938]

VM state:at safepoint (normal execution)

VM Mutex/Monitor currently owned by a thread:  ([mutex/lock_event])
[0x00007ffb50006260] Threads_lock - owner thread: 0x00007ffb50131000
[0x00007ffb50006760] Heap_lock - owner thread: 0x00007ffb5000a000

Heap
 PSYoungGen      total 99840K, used 3568K [0x00000000eaa80000, 0x00000000f0f80000, 0x0000000100000000)
  eden space 96256K, 0% used [0x00000000eaa80000,0x00000000eaa80000,0x00000000f0880000)
  from space 3584K, 99% used [0x00000000f0880000,0x00000000f0bfc2e8,0x00000000f0c00000)
  to   space 3584K, 0% used [0x00000000f0c00000,0x00000000f0c00000,0x00000000f0f80000)
 ParOldGen       total 62464K, used 45779K [0x00000000c0000000, 0x00000000c3d00000, 0x00000000eaa80000)
  object space 62464K, 73% used [0x00000000c0000000,0x00000000c2cb4f98,0x00000000c3d00000)
 PSPermGen       total 21504K, used 6394K [0x00000000bae00000, 0x00000000bc300000, 0x00000000c0000000)
  object space 21504K, 29% used [0x00000000bae00000,0x00000000bb43eba0,0x00000000bc300000)

Card table byte_map: [0x00007ffb562b4000,0x00007ffb564de000] byte_map_base: 0x00007ffb55cdd000

Polling page: 0x00007ffb59313000

Code Cache  [0x00007ffb4d000000, 0x00007ffb4d270000, 0x00007ffb50000000)
 total_blobs=898 nmethods=651 adapters=200 free_code_cache=47369Kb largest_free_block=48477504

Compilation events (10 events):
Event: 3.068 Thread 0x00007ffb5015a800  654             com.android.dx.merge.DexMerger::transformClassDef (160 bytes)
Event: 3.068 Thread 0x00007ffb5015d800  655             com.android.dx.merge.IndexMap::adjustAnnotationDirectory (18 bytes)
Event: 3.072 Thread 0x00007ffb5015d800 nmethod 655 0x00007ffb4d0bf990 code [0x00007ffb4d0bfb00, 0x00007ffb4d0bfdb8]
Event: 3.072 Thread 0x00007ffb5015d800  656             com.android.dx.merge.IndexMap::adjustStaticValues (18 bytes)
Event: 3.076 Thread 0x00007ffb5015d800 nmethod 656 0x00007ffb4d1bb790 code [0x00007ffb4d1bb900, 0x00007ffb4d1bbbb8]
Event: 3.082 Thread 0x00007ffb5015d800  657             com.android.dx.io.instructions.InstructionCodec$11::decode (38 bytes)
Event: 3.083 Thread 0x00007ffb5015d800 nmethod 657 0x00007ffb4d1bb310 code [0x00007ffb4d1bb460, 0x00007ffb4d1bb618]
Event: 3.083 Thread 0x00007ffb5015d800  658             com.android.dx.io.instructions.InstructionCodec$11::encode (22 bytes)
Event: 3.085 Thread 0x00007ffb5015d800 nmethod 658 0x00007ffb4d1c44d0 code [0x00007ffb4d1c4640, 0x00007ffb4d1c4838]
Event: 3.097 Thread 0x00007ffb5015d800  659             com.android.dex.Dex::readClassData (28 bytes)

GC Heap History (9 events):
Event: 0.984 GC heap before
{Heap before GC invocations=1 (full 0):
 PSYoungGen      total 27648K, used 24064K [0x00000000eaa80000, 0x00000000ec900000, 0x0000000100000000)
  eden space 24064K, 100% used [0x00000000eaa80000,0x00000000ec200000,0x00000000ec200000)
  from space 3584K, 0% used [0x00000000ec580000,0x00000000ec580000,0x00000000ec900000)
  to   space 3584K, 0% used [0x00000000ec200000,0x00000000ec200000,0x00000000ec580000)
 ParOldGen       total 62464K, used 0K [0x00000000c0000000, 0x00000000c3d00000, 0x00000000eaa80000)
  object space 62464K, 0% used [0x00000000c0000000,0x00000000c0000000,0x00000000c3d00000)
 PSPermGen       total 21504K, used 4961K [0x00000000bae00000, 0x00000000bc300000, 0x00000000c0000000)
  object space 21504K, 23% used [0x00000000bae00000,0x00000000bb2d8400,0x00000000bc300000)
Event: 0.999 GC heap after
Heap after GC invocations=1 (full 0):
 PSYoungGen      total 27648K, used 3559K [0x00000000eaa80000, 0x00000000ee080000, 0x0000000100000000)
  eden space 24064K, 0% used [0x00000000eaa80000,0x00000000eaa80000,0x00000000ec200000)
  from space 3584K, 99% used [0x00000000ec200000,0x00000000ec579c78,0x00000000ec580000)
  to   space 3584K, 0% used [0x00000000edd00000,0x00000000edd00000,0x00000000ee080000)
 ParOldGen       total 62464K, used 7101K [0x00000000c0000000, 0x00000000c3d00000, 0x00000000eaa80000)
  object space 62464K, 11% used [0x00000000c0000000,0x00000000c06ef7e8,0x00000000c3d00000)
 PSPermGen       total 21504K, used 4961K [0x00000000bae00000, 0x00000000bc300000, 0x00000000c0000000)
  object space 21504K, 23% used [0x00000000bae00000,0x00000000bb2d8400,0x00000000bc300000)
}
Event: 1.750 GC heap before
{Heap before GC invocations=2 (full 0):
 PSYoungGen      total 27648K, used 27623K [0x00000000eaa80000, 0x00000000ee080000, 0x0000000100000000)
  eden space 24064K, 100% used [0x00000000eaa80000,0x00000000ec200000,0x00000000ec200000)
  from space 3584K, 99% used [0x00000000ec200000,0x00000000ec579c78,0x00000000ec580000)
  to   space 3584K, 0% used [0x00000000edd00000,0x00000000edd00000,0x00000000ee080000)
 ParOldGen       total 62464K, used 7101K [0x00000000c0000000, 0x00000000c3d00000, 0x00000000eaa80000)
  object space 62464K, 11% used [0x00000000c0000000,0x00000000c06ef7e8,0x00000000c3d00000)
 PSPermGen       total 21504K, used 6289K [0x00000000bae00000, 0x00000000bc300000, 0x00000000c0000000)
  object space 21504K, 29% used [0x00000000bae00000,0x00000000bb424770,0x00000000bc300000)
Event: 1.759 GC heap after
Heap after GC invocations=2 (full 0):
 PSYoungGen      total 51712K, used 3583K [0x00000000eaa80000, 0x00000000ee080000, 0x0000000100000000)
  eden space 48128K, 0% used [0x00000000eaa80000,0x00000000eaa80000,0x00000000ed980000)
  from space 3584K, 99% used [0x00000000edd00000,0x00000000ee07fcd0,0x00000000ee080000)
  to   space 3584K, 0% used [0x00000000ed980000,0x00000000ed980000,0x00000000edd00000)
 ParOldGen       total 62464K, used 12634K [0x00000000c0000000, 0x00000000c3d00000, 0x00000000eaa80000)
  object space 62464K, 20% used [0x00000000c0000000,0x00000000c0c569d8,0x00000000c3d00000)
 PSPermGen       total 21504K, used 6289K [0x00000000bae00000, 0x00000000bc300000, 0x00000000c0000000)
  object space 21504K, 29% used [0x00000000bae00000,0x00000000bb424770,0x00000000bc300000)
}
Event: 2.196 GC heap before
{Heap before GC invocations=3 (full 0):
 PSYoungGen      total 51712K, used 51711K [0x00000000eaa80000, 0x00000000ee080000, 0x0000000100000000)
  eden space 48128K, 100% used [0x00000000eaa80000,0x00000000ed980000,0x00000000ed980000)
  from space 3584K, 99% used [0x00000000edd00000,0x00000000ee07fcd0,0x00000000ee080000)
  to   space 3584K, 0% used [0x00000000ed980000,0x00000000ed980000,0x00000000edd00000)
 ParOldGen       total 62464K, used 12634K [0x00000000c0000000, 0x00000000c3d00000, 0x00000000eaa80000)
  object space 62464K, 20% used [0x00000000c0000000,0x00000000c0c569d8,0x00000000c3d00000)
 PSPermGen       total 21504K, used 6359K [0x00000000bae00000, 0x00000000bc300000, 0x00000000c0000000)
  object space 21504K, 29% used [0x00000000bae00000,0x00000000bb435c78,0x00000000bc300000)
Event: 2.216 GC heap after
Heap after GC invocations=3 (full 0):
 PSYoungGen      total 51712K, used 3552K [0x00000000eaa80000, 0x00000000f0f80000, 0x0000000100000000)
  eden space 48128K, 0% used [0x00000000eaa80000,0x00000000eaa80000,0x00000000ed980000)
  from space 3584K, 99% used [0x00000000ed980000,0x00000000edcf8048,0x00000000edd00000)
  to   space 3584K, 0% used [0x00000000f0c00000,0x00000000f0c00000,0x00000000f0f80000)
 ParOldGen       total 62464K, used 16614K [0x00000000c0000000, 0x00000000c3d00000, 0x00000000eaa80000)
  object space 62464K, 26% used [0x00000000c0000000,0x00000000c10398b0,0x00000000c3d00000)
 PSPermGen       total 21504K, used 6359K [0x00000000bae00000, 0x00000000bc300000, 0x00000000c0000000)
  object space 21504K, 29% used [0x00000000bae00000,0x00000000bb435c78,0x00000000bc300000)
}
Event: 2.475 GC heap before
{Heap before GC invocations=4 (full 0):
 PSYoungGen      total 51712K, used 51680K [0x00000000eaa80000, 0x00000000f0f80000, 0x0000000100000000)
  eden space 48128K, 100% used [0x00000000eaa80000,0x00000000ed980000,0x00000000ed980000)
  from space 3584K, 99% used [0x00000000ed980000,0x00000000edcf8048,0x00000000edd00000)
  to   space 3584K, 0% used [0x00000000f0c00000,0x00000000f0c00000,0x00000000f0f80000)
 ParOldGen       total 62464K, used 16614K [0x00000000c0000000, 0x00000000c3d00000, 0x00000000eaa80000)
  object space 62464K, 26% used [0x00000000c0000000,0x00000000c10398b0,0x00000000c3d00000)
 PSPermGen       total 21504K, used 6381K [0x00000000bae00000, 0x00000000bc300000, 0x00000000c0000000)
  object space 21504K, 29% used [0x00000000bae00000,0x00000000bb43b490,0x00000000bc300000)
Event: 2.484 GC heap after
Heap after GC invocations=4 (full 0):
 PSYoungGen      total 99840K, used 3574K [0x00000000eaa80000, 0x00000000f0f80000, 0x0000000100000000)
  eden space 96256K, 0% used [0x00000000eaa80000,0x00000000eaa80000,0x00000000f0880000)
  from space 3584K, 99% used [0x00000000f0c00000,0x00000000f0f7da60,0x00000000f0f80000)
  to   space 3584K, 0% used [0x00000000f0880000,0x00000000f0880000,0x00000000f0c00000)
 ParOldGen       total 62464K, used 29228K [0x00000000c0000000, 0x00000000c3d00000, 0x00000000eaa80000)
  object space 62464K, 46% used [0x00000000c0000000,0x00000000c1c8b0d0,0x00000000c3d00000)
 PSPermGen       total 21504K, used 6381K [0x00000000bae00000, 0x00000000bc300000, 0x00000000c0000000)
  object space 21504K, 29% used [0x00000000bae00000,0x00000000bb43b490,0x00000000bc300000)
}
Event: 3.102 GC heap before
{Heap before GC invocations=5 (full 0):
 PSYoungGen      total 99840K, used 99830K [0x00000000eaa80000, 0x00000000f0f80000, 0x0000000100000000)
  eden space 96256K, 100% used [0x00000000eaa80000,0x00000000f0880000,0x00000000f0880000)
  from space 3584K, 99% used [0x00000000f0c00000,0x00000000f0f7da60,0x00000000f0f80000)
  to   space 3584K, 0% used [0x00000000f0880000,0x00000000f0880000,0x00000000f0c00000)
 ParOldGen       total 62464K, used 29228K [0x00000000c0000000, 0x00000000c3d00000, 0x00000000eaa80000)
  object space 62464K, 46% used [0x00000000c0000000,0x00000000c1c8b0d0,0x00000000c3d00000)
 PSPermGen       total 21504K, used 6394K [0x00000000bae00000, 0x00000000bc300000, 0x00000000c0000000)
  object space 21504K, 29% used [0x00000000bae00000,0x00000000bb43eba0,0x00000000bc300000)

Deoptimization events (10 events):
Event: 1.954 Thread 0x00007ffb5000a000 Uncommon trap: reason=unloaded action=reinterpret pc=0x00007ffb4d14ea64 method=com.android.dx.merge.IndexMap$EncodedValueTransformer.transform(Lcom/android/dex/EncodedValueReader;)V @ 263
Event: 2.136 Thread 0x00007ffb5000a000 Uncommon trap: reason=predicate action=maybe_recompile pc=0x00007ffb4d173e90 method=java.util.ComparableTimSort.binarySort([Ljava/lang/Object;III)V @ 37
Event: 2.255 Thread 0x00007ffb5000a000 Uncommon trap: reason=array_check action=maybe_recompile pc=0x00007ffb4d17c290 method=java.util.ComparableTimSort.binarySort([Ljava/lang/Object;III)V @ 193
Event: 2.471 Thread 0x00007ffb5000a000 Uncommon trap: reason=array_check action=maybe_recompile pc=0x00007ffb4d17c290 method=java.util.ComparableTimSort.binarySort([Ljava/lang/Object;III)V @ 193
Event: 2.617 Thread 0x00007ffb5000a000 Uncommon trap: reason=array_check action=maybe_recompile pc=0x00007ffb4d17c290 method=java.util.ComparableTimSort.binarySort([Ljava/lang/Object;III)V @ 193
Event: 2.644 Thread 0x00007ffb5000a000 Uncommon trap: reason=predicate action=maybe_recompile pc=0x00007ffb4d08abd8 method=java.util.TimSort.binarySort([Ljava/lang/Object;IIILjava/util/Comparator;)V @ 37
Event: 2.761 Thread 0x00007ffb5000a000 Uncommon trap: reason=array_check action=maybe_recompile pc=0x00007ffb4d0a2e88 method=java.util.TimSort.binarySort([Ljava/lang/Object;IIILjava/util/Comparator;)V @ 193
Event: 2.761 Thread 0x00007ffb5000a000 Uncommon trap: reason=array_check action=maybe_recompile pc=0x00007ffb4d0a2f4c method=java.util.TimSort.binarySort([Ljava/lang/Object;IIILjava/util/Comparator;)V @ 183
Event: 2.761 Thread 0x00007ffb5000a000 Uncommon trap: reason=array_check action=maybe_recompile pc=0x00007ffb4d0a2e88 method=java.util.TimSort.binarySort([Ljava/lang/Object;IIILjava/util/Comparator;)V @ 193
Event: 2.761 Thread 0x00007ffb5000a000 Uncommon trap: reason=array_check action=maybe_recompile pc=0x00007ffb4d0a2e88 method=java.util.TimSort.binarySort([Ljava/lang/Object;IIILjava/util/Comparator;)V @ 193

Internal exceptions (10 events):
Event: 1.568 Thread 0x00007ffb5000a000 Threw 0x00000000ebbdbfe8 at /HUDSON/workspace/7u-2-build-linux-amd64/jdk7u76/1941/hotspot/src/share/vm/prims/jvm.cpp:1304
Event: 1.568 Thread 0x00007ffb5000a000 Threw 0x00000000ebbdf3b8 at /HUDSON/workspace/7u-2-build-linux-amd64/jdk7u76/1941/hotspot/src/share/vm/prims/jvm.cpp:1304
Event: 1.568 Thread 0x00007ffb5000a000 Threw 0x00000000ebbe28d8 at /HUDSON/workspace/7u-2-build-linux-amd64/jdk7u76/1941/hotspot/src/share/vm/prims/jvm.cpp:1304
Event: 1.569 Thread 0x00007ffb5000a000 Threw 0x00000000ebbe7cb0 at /HUDSON/workspace/7u-2-build-linux-amd64/jdk7u76/1941/hotspot/src/share/vm/prims/jvm.cpp:1304
Event: 1.569 Thread 0x00007ffb5000a000 Threw 0x00000000ebbeab90 at /HUDSON/workspace/7u-2-build-linux-amd64/jdk7u76/1941/hotspot/src/share/vm/prims/jvm.cpp:1304
Event: 1.570 Thread 0x00007ffb5000a000 Threw 0x00000000ebbedc30 at /HUDSON/workspace/7u-2-build-linux-amd64/jdk7u76/1941/hotspot/src/share/vm/prims/jvm.cpp:1304
Event: 1.570 Thread 0x00007ffb5000a000 Threw 0x00000000ebbf10f8 at /HUDSON/workspace/7u-2-build-linux-amd64/jdk7u76/1941/hotspot/src/share/vm/prims/jvm.cpp:1304
Event: 1.572 Thread 0x00007ffb5000a000 Threw 0x00000000ebc38388 at /HUDSON/workspace/7u-2-build-linux-amd64/jdk7u76/1941/hotspot/src/share/vm/prims/jvm.cpp:1304
Event: 1.572 Thread 0x00007ffb5000a000 Threw 0x00000000ebc3a5d8 at /HUDSON/workspace/7u-2-build-linux-amd64/jdk7u76/1941/hotspot/src/share/vm/prims/jvm.cpp:1304
Event: 1.982 Thread 0x00007ffb5000a000 Threw 0x00000000ebda88c0 at /HUDSON/workspace/7u-2-build-linux-amd64/jdk7u76/1941/hotspot/src/share/vm/prims/jvm.cpp:1304

Events (10 events):
Event: 2.761 Thread 0x00007ffb5000a000 Uncommon trap: trap_request=0xffffffd6 fr.pc=0x00007ffb4d0a2f4c
Event: 2.761 Thread 0x00007ffb5000a000 DEOPT PACKING pc=0x00007ffb4d0a2f4c sp=0x00007ffb592ec460
Event: 2.761 Thread 0x00007ffb5000a000 DEOPT UNPACKING pc=0x00007ffb4d039445 sp=0x00007ffb592ec428 mode 2
Event: 2.761 Thread 0x00007ffb5000a000 Uncommon trap: trap_request=0xffffffd6 fr.pc=0x00007ffb4d0a2e88
Event: 2.761 Thread 0x00007ffb5000a000 DEOPT PACKING pc=0x00007ffb4d0a2e88 sp=0x00007ffb592ec460
Event: 2.761 Thread 0x00007ffb5000a000 DEOPT UNPACKING pc=0x00007ffb4d039445 sp=0x00007ffb592ec428 mode 2
Event: 2.761 Thread 0x00007ffb5000a000 Uncommon trap: trap_request=0xffffffd6 fr.pc=0x00007ffb4d0a2e88
Event: 2.761 Thread 0x00007ffb5000a000 DEOPT PACKING pc=0x00007ffb4d0a2e88 sp=0x00007ffb592ec460
Event: 2.761 Thread 0x00007ffb5000a000 DEOPT UNPACKING pc=0x00007ffb4d039445 sp=0x00007ffb592ec428 mode 2
Event: 3.102 Executing VM operation: ParallelGCFailedAllocation


Dynamic libraries:
00400000-00401000 r-xp 00000000 08:05 1977939                            /usr/lib/jvm/java-7-oracle/jre/bin/java
00600000-00601000 rw-p 00000000 08:05 1977939                            /usr/lib/jvm/java-7-oracle/jre/bin/java
009d0000-009f1000 rw-p 00000000 00:00 0                                  [heap]
bae00000-bc300000 rw-p 00000000 00:00 0 
bc300000-c0000000 rw-p 00000000 00:00 0 
c0000000-c3d00000 rw-p 00000000 00:00 0 
c3d00000-eaa80000 rw-p 00000000 00:00 0 
eaa80000-f0f80000 rw-p 00000000 00:00 0 
f8e80000-100000000 rw-p 00000000 00:00 0 
7ffb10000000-7ffb10021000 rw-p 00000000 00:00 0 
7ffb10021000-7ffb14000000 ---p 00000000 00:00 0 
7ffb18000000-7ffb18ab6000 rw-p 00000000 00:00 0 
7ffb18ab6000-7ffb1c000000 ---p 00000000 00:00 0 
7ffb1c000000-7ffb1c021000 rw-p 00000000 00:00 0 
7ffb1c021000-7ffb20000000 ---p 00000000 00:00 0 
7ffb20000000-7ffb20021000 rw-p 00000000 00:00 0 
7ffb20021000-7ffb24000000 ---p 00000000 00:00 0 
7ffb24000000-7ffb249af000 rw-p 00000000 00:00 0 
7ffb249af000-7ffb28000000 ---p 00000000 00:00 0 
7ffb28000000-7ffb28021000 rw-p 00000000 00:00 0 
7ffb28021000-7ffb2c000000 ---p 00000000 00:00 0 
7ffb2c000000-7ffb2c021000 rw-p 00000000 00:00 0 
7ffb2c021000-7ffb30000000 ---p 00000000 00:00 0 
7ffb30000000-7ffb30021000 rw-p 00000000 00:00 0 
7ffb30021000-7ffb34000000 ---p 00000000 00:00 0 
7ffb34000000-7ffb340e2000 rw-p 00000000 00:00 0 
7ffb340e2000-7ffb38000000 ---p 00000000 00:00 0 
7ffb38000000-7ffb38021000 rw-p 00000000 00:00 0 
7ffb38021000-7ffb3c000000 ---p 00000000 00:00 0 
7ffb40000000-7ffb40021000 rw-p 00000000 00:00 0 
7ffb40021000-7ffb44000000 ---p 00000000 00:00 0 
7ffb45d70000-7ffb48000000 rw-p 00000000 00:00 0 
7ffb48000000-7ffb48021000 rw-p 00000000 00:00 0 
7ffb48021000-7ffb4c000000 ---p 00000000 00:00 0 
7ffb4c389000-7ffb4c4f6000 rw-p 00000000 00:00 0 
7ffb4c4f6000-7ffb4c50c000 r-xp 00000000 08:05 1978792                    /usr/lib/jvm/java-7-oracle/jre/lib/amd64/libnet.so
7ffb4c50c000-7ffb4c70c000 ---p 00016000 08:05 1978792                    /usr/lib/jvm/java-7-oracle/jre/lib/amd64/libnet.so
7ffb4c70c000-7ffb4c70d000 rw-p 00016000 08:05 1978792                    /usr/lib/jvm/java-7-oracle/jre/lib/amd64/libnet.so
7ffb4c70d000-7ffb4c71d000 r-xp 00000000 08:05 1978795                    /usr/lib/jvm/java-7-oracle/jre/lib/amd64/libnio.so
7ffb4c71d000-7ffb4c91d000 ---p 00010000 08:05 1978795                    /usr/lib/jvm/java-7-oracle/jre/lib/amd64/libnio.so
7ffb4c91d000-7ffb4c91e000 rw-p 00010000 08:05 1978795                    /usr/lib/jvm/java-7-oracle/jre/lib/amd64/libnio.so
7ffb4c91e000-7ffb4d000000 r--p 00000000 08:05 1973176                    /usr/lib/locale/locale-archive
7ffb4d000000-7ffb4d270000 rwxp 00000000 00:00 0 
7ffb4d270000-7ffb50341000 rw-p 00000000 00:00 0 
7ffb50341000-7ffb54000000 ---p 00000000 00:00 0 
7ffb54116000-7ffb54117000 ---p 00000000 00:00 0 
7ffb54117000-7ffb54217000 rw-p 00000000 00:00 0                          [stack:8938]
7ffb54217000-7ffb5421a000 ---p 00000000 00:00 0 
7ffb5421a000-7ffb54318000 rw-p 00000000 00:00 0                          [stack:8937]
7ffb54318000-7ffb5431b000 ---p 00000000 00:00 0 
7ffb5431b000-7ffb54419000 rw-p 00000000 00:00 0                          [stack:8936]
7ffb54419000-7ffb5441c000 ---p 00000000 00:00 0 
7ffb5441c000-7ffb5451a000 rw-p 00000000 00:00 0                          [stack:8935]
7ffb5451a000-7ffb5451d000 ---p 00000000 00:00 0 
7ffb5451d000-7ffb5461b000 rw-p 00000000 00:00 0                          [stack:8934]
7ffb5461b000-7ffb5461e000 ---p 00000000 00:00 0 
7ffb5461e000-7ffb5471c000 rw-p 00000000 00:00 0                          [stack:8933]
7ffb5471c000-7ffb5471f000 ---p 00000000 00:00 0 
7ffb5471f000-7ffb5481d000 rw-p 00000000 00:00 0                          [stack:8932]
7ffb5481d000-7ffb5481e000 ---p 00000000 00:00 0 
7ffb5481e000-7ffb55878000 rw-p 00000000 00:00 0                          [stack:8931]
7ffb55878000-7ffb55a37000 r--s 039f0000 08:05 1978874                    /usr/lib/jvm/java-7-oracle/jre/lib/rt.jar
7ffb55a37000-7ffb55d31000 rw-p 00000000 00:00 0 
7ffb55d31000-7ffb55d32000 ---p 00000000 00:00 0 
7ffb55d32000-7ffb55e32000 rw-p 00000000 00:00 0                          [stack:8930]
7ffb55e32000-7ffb55e33000 ---p 00000000 00:00 0 
7ffb55e33000-7ffb55f33000 rw-p 00000000 00:00 0                          [stack:8929]
7ffb55f33000-7ffb55f34000 ---p 00000000 00:00 0 
7ffb55f34000-7ffb56034000 rw-p 00000000 00:00 0                          [stack:8928]
7ffb56034000-7ffb56035000 ---p 00000000 00:00 0 
7ffb56035000-7ffb56140000 rw-p 00000000 00:00 0                          [stack:8927]
7ffb56140000-7ffb5615e000 rw-p 00000000 00:00 0 
7ffb5615e000-7ffb5617d000 rw-p 00000000 00:00 0 
7ffb5617d000-7ffb562b4000 rw-p 00000000 00:00 0 
7ffb562b4000-7ffb562bf000 rw-p 00000000 00:00 0 
7ffb562bf000-7ffb562dd000 rw-p 00000000 00:00 0 
7ffb562dd000-7ffb562fc000 rw-p 00000000 00:00 0 
7ffb562fc000-7ffb56432000 rw-p 00000000 00:00 0 
7ffb56432000-7ffb56465000 rw-p 00000000 00:00 0 
7ffb56465000-7ffb564dd000 rw-p 00000000 00:00 0 
7ffb564dd000-7ffb564de000 rw-p 00000000 00:00 0 
7ffb564de000-7ffb564f8000 r-xp 00000000 08:05 1978068                    /usr/lib/jvm/java-7-oracle/jre/lib/amd64/libzip.so
7ffb564f8000-7ffb566f8000 ---p 0001a000 08:05 1978068                    /usr/lib/jvm/java-7-oracle/jre/lib/amd64/libzip.so
7ffb566f8000-7ffb566f9000 rw-p 0001a000 08:05 1978068                    /usr/lib/jvm/java-7-oracle/jre/lib/amd64/libzip.so
7ffb566f9000-7ffb56704000 r-xp 00000000 08:05 2505604                    /lib/x86_64-linux-gnu/libnss_files-2.19.so
7ffb56704000-7ffb56903000 ---p 0000b000 08:05 2505604                    /lib/x86_64-linux-gnu/libnss_files-2.19.so
7ffb56903000-7ffb56904000 r--p 0000a000 08:05 2505604                    /lib/x86_64-linux-gnu/libnss_files-2.19.so
7ffb56904000-7ffb56905000 rw-p 0000b000 08:05 2505604                    /lib/x86_64-linux-gnu/libnss_files-2.19.so
7ffb56905000-7ffb56910000 r-xp 00000000 08:05 2505645                    /lib/x86_64-linux-gnu/libnss_nis-2.19.so
7ffb56910000-7ffb56b0f000 ---p 0000b000 08:05 2505645                    /lib/x86_64-linux-gnu/libnss_nis-2.19.so
7ffb56b0f000-7ffb56b10000 r--p 0000a000 08:05 2505645                    /lib/x86_64-linux-gnu/libnss_nis-2.19.so
7ffb56b10000-7ffb56b11000 rw-p 0000b000 08:05 2505645                    /lib/x86_64-linux-gnu/libnss_nis-2.19.so
7ffb56b11000-7ffb56b28000 r-xp 00000000 08:05 2505623                    /lib/x86_64-linux-gnu/libnsl-2.19.so
7ffb56b28000-7ffb56d27000 ---p 00017000 08:05 2505623                    /lib/x86_64-linux-gnu/libnsl-2.19.so
7ffb56d27000-7ffb56d28000 r--p 00016000 08:05 2505623                    /lib/x86_64-linux-gnu/libnsl-2.19.so
7ffb56d28000-7ffb56d29000 rw-p 00017000 08:05 2505623                    /lib/x86_64-linux-gnu/libnsl-2.19.so
7ffb56d29000-7ffb56d2b000 rw-p 00000000 00:00 0 
7ffb56d2b000-7ffb56d34000 r-xp 00000000 08:05 2505621                    /lib/x86_64-linux-gnu/libnss_compat-2.19.so
7ffb56d34000-7ffb56f33000 ---p 00009000 08:05 2505621                    /lib/x86_64-linux-gnu/libnss_compat-2.19.so
7ffb56f33000-7ffb56f34000 r--p 00008000 08:05 2505621                    /lib/x86_64-linux-gnu/libnss_compat-2.19.so
7ffb56f34000-7ffb56f35000 rw-p 00009000 08:05 2505621                    /lib/x86_64-linux-gnu/libnss_compat-2.19.so
7ffb56f35000-7ffb56f5e000 r-xp 00000000 08:05 1978065                    /usr/lib/jvm/java-7-oracle/jre/lib/amd64/libjava.so
7ffb56f5e000-7ffb5715e000 ---p 00029000 08:05 1978065                    /usr/lib/jvm/java-7-oracle/jre/lib/amd64/libjava.so
7ffb5715e000-7ffb57160000 rw-p 00029000 08:05 1978065                    /usr/lib/jvm/java-7-oracle/jre/lib/amd64/libjava.so
7ffb57160000-7ffb5716d000 r-xp 00000000 08:05 1978791                    /usr/lib/jvm/java-7-oracle/jre/lib/amd64/libverify.so
7ffb5716d000-7ffb5736c000 ---p 0000d000 08:05 1978791                    /usr/lib/jvm/java-7-oracle/jre/lib/amd64/libverify.so
7ffb5736c000-7ffb5736e000 rw-p 0000c000 08:05 1978791                    /usr/lib/jvm/java-7-oracle/jre/lib/amd64/libverify.so
7ffb5736e000-7ffb57375000 r-xp 00000000 08:05 2505639                    /lib/x86_64-linux-gnu/librt-2.19.so
7ffb57375000-7ffb57574000 ---p 00007000 08:05 2505639                    /lib/x86_64-linux-gnu/librt-2.19.so
7ffb57574000-7ffb57575000 r--p 00006000 08:05 2505639                    /lib/x86_64-linux-gnu/librt-2.19.so
7ffb57575000-7ffb57576000 rw-p 00007000 08:05 2505639                    /lib/x86_64-linux-gnu/librt-2.19.so
7ffb57576000-7ffb5767b000 r-xp 00000000 08:05 2505603                    /lib/x86_64-linux-gnu/libm-2.19.so
7ffb5767b000-7ffb5787a000 ---p 00105000 08:05 2505603                    /lib/x86_64-linux-gnu/libm-2.19.so
7ffb5787a000-7ffb5787b000 r--p 00104000 08:05 2505603                    /lib/x86_64-linux-gnu/libm-2.19.so
7ffb5787b000-7ffb5787c000 rw-p 00105000 08:05 2505603                    /lib/x86_64-linux-gnu/libm-2.19.so
7ffb5787c000-7ffb583f1000 r-xp 00000000 08:05 1978771                    /usr/lib/jvm/java-7-oracle/jre/lib/amd64/server/libjvm.so
7ffb583f1000-7ffb585f1000 ---p 00b75000 08:05 1978771                    /usr/lib/jvm/java-7-oracle/jre/lib/amd64/server/libjvm.so
7ffb585f1000-7ffb586b5000 rw-p 00b75000 08:05 1978771                    /usr/lib/jvm/java-7-oracle/jre/lib/amd64/server/libjvm.so
7ffb586b5000-7ffb586f6000 rw-p 00000000 00:00 0 
7ffb586f6000-7ffb588b1000 r-xp 00000000 08:05 2505633                    /lib/x86_64-linux-gnu/libc-2.19.so
7ffb588b1000-7ffb58ab0000 ---p 001bb000 08:05 2505633                    /lib/x86_64-linux-gnu/libc-2.19.so
7ffb58ab0000-7ffb58ab4000 r--p 001ba000 08:05 2505633                    /lib/x86_64-linux-gnu/libc-2.19.so
7ffb58ab4000-7ffb58ab6000 rw-p 001be000 08:05 2505633                    /lib/x86_64-linux-gnu/libc-2.19.so
7ffb58ab6000-7ffb58abb000 rw-p 00000000 00:00 0 
7ffb58abb000-7ffb58abe000 r-xp 00000000 08:05 2505614                    /lib/x86_64-linux-gnu/libdl-2.19.so
7ffb58abe000-7ffb58cbd000 ---p 00003000 08:05 2505614                    /lib/x86_64-linux-gnu/libdl-2.19.so
7ffb58cbd000-7ffb58cbe000 r--p 00002000 08:05 2505614                    /lib/x86_64-linux-gnu/libdl-2.19.so
7ffb58cbe000-7ffb58cbf000 rw-p 00003000 08:05 2505614                    /lib/x86_64-linux-gnu/libdl-2.19.so
7ffb58cbf000-7ffb58cd5000 r-xp 00000000 08:05 1978802                    /usr/lib/jvm/java-7-oracle/jre/lib/amd64/jli/libjli.so
7ffb58cd5000-7ffb58ed5000 ---p 00016000 08:05 1978802                    /usr/lib/jvm/java-7-oracle/jre/lib/amd64/jli/libjli.so
7ffb58ed5000-7ffb58ed6000 rw-p 00016000 08:05 1978802                    /usr/lib/jvm/java-7-oracle/jre/lib/amd64/jli/libjli.so
7ffb58ed6000-7ffb58eef000 r-xp 00000000 08:05 2505635                    /lib/x86_64-linux-gnu/libpthread-2.19.so
7ffb58eef000-7ffb590ee000 ---p 00019000 08:05 2505635                    /lib/x86_64-linux-gnu/libpthread-2.19.so
7ffb590ee000-7ffb590ef000 r--p 00018000 08:05 2505635                    /lib/x86_64-linux-gnu/libpthread-2.19.so
7ffb590ef000-7ffb590f0000 rw-p 00019000 08:05 2505635                    /lib/x86_64-linux-gnu/libpthread-2.19.so
7ffb590f0000-7ffb590f4000 rw-p 00000000 00:00 0 
7ffb590f4000-7ffb59117000 r-xp 00000000 08:05 2505627                    /lib/x86_64-linux-gnu/ld-2.19.so
7ffb5911a000-7ffb5911e000 r--s 0008b000 08:05 1978053                    /usr/lib/jvm/java-7-oracle/jre/lib/jsse.jar
7ffb5911e000-7ffb5912d000 r--s 000dd000 08:05 3948531                    /home/vladislav/Development/android-sdk-linux/build-tools/22.0.0/lib/dx.jar
7ffb5912d000-7ffb59137000 rw-p 00000000 00:00 0 
7ffb59137000-7ffb591ed000 rw-p 00000000 00:00 0 
7ffb591ed000-7ffb591f0000 ---p 00000000 00:00 0 
7ffb591f0000-7ffb592f2000 rw-p 00000000 00:00 0                          [stack:8926]
7ffb592f3000-7ffb5930a000 rw-p 00000000 00:00 0 
7ffb5930a000-7ffb59312000 rw-s 00000000 08:05 1723788                    /tmp/hsperfdata_vladislav/8918
7ffb59312000-7ffb59313000 rw-p 00000000 00:00 0 
7ffb59313000-7ffb59314000 ---p 00000000 00:00 0 
7ffb59314000-7ffb59316000 rw-p 00000000 00:00 0 
7ffb59316000-7ffb59317000 r--p 00022000 08:05 2505627                    /lib/x86_64-linux-gnu/ld-2.19.so
7ffb59317000-7ffb59318000 rw-p 00023000 08:05 2505627                    /lib/x86_64-linux-gnu/ld-2.19.so
7ffb59318000-7ffb59319000 rw-p 00000000 00:00 0 
7fffebe46000-7fffebe68000 rw-p 00000000 00:00 0                          [stack]
7fffebe71000-7fffebe73000 r-xp 00000000 00:00 0                          [vdso]
ffffffffff600000-ffffffffff601000 r-xp 00000000 00:00 0                  [vsyscall]

VM Arguments:
jvm_args: -Xmx1024M 
java_command: /home/vladislav/Development/android-sdk-linux/build-tools/22.0.0/lib/dx.jar --dex --no-optimize --output /home/vladislav/workspace/helper-android/app/build/intermediates/dex/debug --input-list=/home/vladislav/workspace/helper-android/app/build/intermediates/tmp/dex/debug/inputList.txt
Launcher Type: SUN_STANDARD

Environment Variables:
PATH=/home/vladislav/.rvm/gems/ruby-2.1.3/bin:/home/vladislav/.rvm/gems/ruby-2.1.3@global/bin:/home/vladislav/.rvm/rubies/ruby-2.1.3/bin:/usr/local/sbin:/usr/local/bin:/usr/sbin:/usr/bin:/sbin:/bin:/usr/games:/usr/local/games:/home/vladislav/Development/android-sdk-linux/tools:/home/vladislav/Development/android-sdk-linux/platform-tools:/home/vladislav/Development/idea-IC-139.224.1/bin:/home/vladislav/.rvm/bin:/home/vladislav/Development/android-studio/bin:/home/vladislav/Development/gradle-2.2.1:/home/vladislav/Development/android-sdk-linux/tools:/home/vladislav/Development/android-sdk-linux/platform-tools:/home/vladislav/Development/idea-IC-139.224.1/bin:/home/vladislav/.rvm/bin:/home/vladislav/.rvm/bin:/home/vladislav/Development/android-studio/bin:/home/vladislav/Development/gradle-2.2.1
LD_LIBRARY_PATH=/home/vladislav/Development/android-studio/bin:
SHELL=/bin/bash
DISPLAY=:0

Signal Handlers:
SIGSEGV: [libjvm.so+0x9a3bd0], sa_mask[0]=0x7ffbfeff, sa_flags=0x10000004
SIGBUS: [libjvm.so+0x9a3bd0], sa_mask[0]=0x7ffbfeff, sa_flags=0x10000004
SIGFPE: [libjvm.so+0x81cb60], sa_mask[0]=0x7ffbfeff, sa_flags=0x10000004
SIGPIPE: [libjvm.so+0x81cb60], sa_mask[0]=0x7ffbfeff, sa_flags=0x10000004
SIGXFSZ: [libjvm.so+0x81cb60], sa_mask[0]=0x7ffbfeff, sa_flags=0x10000004
SIGILL: [libjvm.so+0x81cb60], sa_mask[0]=0x7ffbfeff, sa_flags=0x10000004
SIGUSR1: SIG_DFL, sa_mask[0]=0x00000000, sa_flags=0x00000000
SIGUSR2: [libjvm.so+0x81e360], sa_mask[0]=0x00000004, sa_flags=0x10000004
SIGHUP: [libjvm.so+0x81f480], sa_mask[0]=0x7ffbfeff, sa_flags=0x10000004
SIGINT: [libjvm.so+0x81f480], sa_mask[0]=0x7ffbfeff, sa_flags=0x10000004
SIGTERM: [libjvm.so+0x81f480], sa_mask[0]=0x7ffbfeff, sa_flags=0x10000004
SIGQUIT: [libjvm.so+0x81f480], sa_mask[0]=0x7ffbfeff, sa_flags=0x10000004


---------------  S Y S T E M  ---------------

OS:jessie/sid

uname:Linux 3.13.0-46-generic #77-Ubuntu SMP Mon Mar 2 18:23:39 UTC 2015 x86_64
libc:glibc 2.19 NPTL 2.19 
rlimit: STACK 8192k, CORE 0k, NPROC 46672, NOFILE 4096, AS infinity
load average:2.18 1.53 1.40

/proc/meminfo:
MemTotal:        5995700 kB
MemFree:          112692 kB
Buffers:            2928 kB
Cached:           792164 kB
SwapCached:            0 kB
Active:          3639548 kB
Inactive:         740236 kB
Active(anon):    3587728 kB
Inactive(anon):   679236 kB
Active(file):      51820 kB
Inactive(file):    61000 kB
Unevictable:          32 kB
Mlocked:              32 kB
SwapTotal:             0 kB
SwapFree:              0 kB
Dirty:              8952 kB
Writeback:             0 kB
AnonPages:       3584764 kB
Mapped:          1499348 kB
Shmem:            682232 kB
Slab:              84184 kB
SReclaimable:      37916 kB
SUnreclaim:        46268 kB
KernelStack:        4888 kB
PageTables:        41932 kB
NFS_Unstable:          0 kB
Bounce:                0 kB
WritebackTmp:          0 kB
CommitLimit:     2997848 kB
Committed_AS:    9166176 kB
VmallocTotal:   34359738367 kB
VmallocUsed:      412192 kB
VmallocChunk:   34359318796 kB
HardwareCorrupted:     0 kB
AnonHugePages:   1585152 kB
HugePages_Total:       0
HugePages_Free:        0
HugePages_Rsvd:        0
HugePages_Surp:        0
Hugepagesize:       2048 kB
DirectMap4k:       98328 kB
DirectMap2M:     6076416 kB


CPU:total 4 (2 cores per cpu, 2 threads per core) family 6 model 58 stepping 9, cmov, cx8, fxsr, mmx, sse, sse2, sse3, ssse3, sse4.1, sse4.2, popcnt, avx, aes, erms, ht, tsc, tscinvbit, tscinv

/proc/cpuinfo:
processor	: 0
vendor_id	: GenuineIntel
cpu family	: 6
model		: 58
model name	: Intel(R) Core(TM) i5-3230M CPU @ 2.60GHz
stepping	: 9
microcode	: 0x15
cpu MHz		: 1200.000
cache size	: 3072 KB
physical id	: 0
siblings	: 4
core id		: 0
cpu cores	: 2
apicid		: 0
initial apicid	: 0
fpu		: yes
fpu_exception	: yes
cpuid level	: 13
wp		: yes
flags		: fpu vme de pse tsc msr pae mce cx8 apic sep mtrr pge mca cmov pat pse36 clflush dts acpi mmx fxsr sse sse2 ss ht tm pbe syscall nx rdtscp lm constant_tsc arch_perfmon pebs bts rep_good nopl xtopology nonstop_tsc aperfmperf eagerfpu pni pclmulqdq dtes64 monitor ds_cpl vmx est tm2 ssse3 cx16 xtpr pdcm pcid sse4_1 sse4_2 x2apic popcnt tsc_deadline_timer aes xsave avx f16c rdrand lahf_lm ida arat epb xsaveopt pln pts dtherm tpr_shadow vnmi flexpriority ept vpid fsgsbase smep erms
bogomips	: 5188.65
clflush size	: 64
cache_alignment	: 64
address sizes	: 36 bits physical, 48 bits virtual
power management:

processor	: 1
vendor_id	: GenuineIntel
cpu family	: 6
model		: 58
model name	: Intel(R) Core(TM) i5-3230M CPU @ 2.60GHz
stepping	: 9
microcode	: 0x15
cpu MHz		: 1200.000
cache size	: 3072 KB
physical id	: 0
siblings	: 4
core id		: 1
cpu cores	: 2
apicid		: 2
initial apicid	: 2
fpu		: yes
fpu_exception	: yes
cpuid level	: 13
wp		: yes
flags		: fpu vme de pse tsc msr pae mce cx8 apic sep mtrr pge mca cmov pat pse36 clflush dts acpi mmx fxsr sse sse2 ss ht tm pbe syscall nx rdtscp lm constant_tsc arch_perfmon pebs bts rep_good nopl xtopology nonstop_tsc aperfmperf eagerfpu pni pclmulqdq dtes64 monitor ds_cpl vmx est tm2 ssse3 cx16 xtpr pdcm pcid sse4_1 sse4_2 x2apic popcnt tsc_deadline_timer aes xsave avx f16c rdrand lahf_lm ida arat epb xsaveopt pln pts dtherm tpr_shadow vnmi flexpriority ept vpid fsgsbase smep erms
bogomips	: 5188.65
clflush size	: 64
cache_alignment	: 64
address sizes	: 36 bits physical, 48 bits virtual
power management:

processor	: 2
vendor_id	: GenuineIntel
cpu family	: 6
model		: 58
model name	: Intel(R) Core(TM) i5-3230M CPU @ 2.60GHz
stepping	: 9
microcode	: 0x15
cpu MHz		: 2601.000
cache size	: 3072 KB
physical id	: 0
siblings	: 4
core id		: 0
cpu cores	: 2
apicid		: 1
initial apicid	: 1
fpu		: yes
fpu_exception	: yes
cpuid level	: 13
wp		: yes
flags		: fpu vme de pse tsc msr pae mce cx8 apic sep mtrr pge mca cmov pat pse36 clflush dts acpi mmx fxsr sse sse2 ss ht tm pbe syscall nx rdtscp lm constant_tsc arch_perfmon pebs bts rep_good nopl xtopology nonstop_tsc aperfmperf eagerfpu pni pclmulqdq dtes64 monitor ds_cpl vmx est tm2 ssse3 cx16 xtpr pdcm pcid sse4_1 sse4_2 x2apic popcnt tsc_deadline_timer aes xsave avx f16c rdrand lahf_lm ida arat epb xsaveopt pln pts dtherm tpr_shadow vnmi flexpriority ept vpid fsgsbase smep erms
bogomips	: 5188.65
clflush size	: 64
cache_alignment	: 64
address sizes	: 36 bits physical, 48 bits virtual
power management:

processor	: 3
vendor_id	: GenuineIntel
cpu family	: 6
model		: 58
model name	: Intel(R) Core(TM) i5-3230M CPU @ 2.60GHz
stepping	: 9
microcode	: 0x15
cpu MHz		: 1200.000
cache size	: 3072 KB
physical id	: 0
siblings	: 4
core id		: 1
cpu cores	: 2
apicid		: 3
initial apicid	: 3
fpu		: yes
fpu_exception	: yes
cpuid level	: 13
wp		: yes
flags		: fpu vme de pse tsc msr pae mce cx8 apic sep mtrr pge mca cmov pat pse36 clflush dts acpi mmx fxsr sse sse2 ss ht tm pbe syscall nx rdtscp lm constant_tsc arch_perfmon pebs bts rep_good nopl xtopology nonstop_tsc aperfmperf eagerfpu pni pclmulqdq dtes64 monitor ds_cpl vmx est tm2 ssse3 cx16 xtpr pdcm pcid sse4_1 sse4_2 x2apic popcnt tsc_deadline_timer aes xsave avx f16c rdrand lahf_lm ida arat epb xsaveopt pln pts dtherm tpr_shadow vnmi flexpriority ept vpid fsgsbase smep erms
bogomips	: 5188.65
clflush size	: 64
cache_alignment	: 64
address sizes	: 36 bits physical, 48 bits virtual
power management:



Memory: 4k page, physical 5995700k(112692k free), swap 0k(0k free)

vm_info: Java HotSpot(TM) 64-Bit Server VM (24.76-b04) for linux-amd64 JRE (1.7.0_76-b13), built on Dec 18 2014 16:58:39 by "java_re" with gcc 4.3.0 20080428 (Red Hat 4.3.0-8)

time: Sun Apr 19 19:31:20 2015
elapsed time: 5 seconds

