#
# There is insufficient memory for the Java Runtime Environment to continue.
# Native memory allocation (malloc) failed to allocate 138412032 bytes for committing reserved memory.
# Possible reasons:
#   The system is out of physical RAM or swap space
#   In 32 bit mode, the process size limit was hit
# Possible solutions:
#   Reduce memory load on the system
#   Increase physical memory or swap space
#   Check if swap backing store is full
#   Use 64 bit Java on a 64 bit OS
#   Decrease Java heap size (-Xmx/-Xms)
#   Decrease number of Java threads
#   Decrease Java thread stack sizes (-Xss)
#   Set larger code cache with -XX:ReservedCodeCacheSize=
# This output file may be truncated or incomplete.
#
#  Out of Memory Error (os_linux.cpp:2756), pid=28764, tid=140098085496576
#
# JRE version: Java(TM) SE Runtime Environment (7.0_76-b13) (build 1.7.0_76-b13)
# Java VM: Java HotSpot(TM) 64-Bit Server VM (24.76-b04 mixed mode linux-amd64 compressed oops)
# Failed to write core dump. Core dumps have been disabled. To enable core dumping, try "ulimit -c unlimited" before starting Java again
#

---------------  T H R E A D  ---------------

Current thread (0x00007f6b1c131000):  VMThread [stack: 0x00007f6b208ea000,0x00007f6b209eb000] [id=28777]

Stack: [0x00007f6b208ea000,0x00007f6b209eb000],  sp=0x00007f6b209e9340,  free space=1020k
Native frames: (J=compiled Java code, j=interpreted, Vv=VM code, C=native code)
V  [libjvm.so+0x9a32ba]  VMError::report_and_die()+0x2ea
V  [libjvm.so+0x497f7b]  report_vm_out_of_memory(char const*, int, unsigned long, char const*)+0x9b
V  [libjvm.so+0x81fcce]  os::Linux::commit_memory_impl(char*, unsigned long, bool)+0xfe
V  [libjvm.so+0x820219]  os::pd_commit_memory(char*, unsigned long, unsigned long, bool)+0x29
V  [libjvm.so+0x819faa]  os::commit_memory(char*, unsigned long, unsigned long, bool)+0x2a
V  [libjvm.so+0x88d843]  PSVirtualSpace::expand_by(unsigned long)+0x53
V  [libjvm.so+0x88ec18]  PSYoungGen::resize_generation(unsigned long, unsigned long)+0xf8
V  [libjvm.so+0x88dd82]  PSYoungGen::resize(unsigned long, unsigned long)+0x22
V  [libjvm.so+0x88b13d]  PSScavenge::invoke_no_policy()+0xf3d
V  [libjvm.so+0x88b981]  PSScavenge::invoke()+0x41
V  [libjvm.so+0x842300]  ParallelScavengeHeap::failed_mem_allocate(unsigned long)+0x70
V  [libjvm.so+0x9a4b47]  VM_ParallelGCFailedAllocation::doit()+0x97
V  [libjvm.so+0x9abfe5]  VM_Operation::evaluate()+0x55
V  [libjvm.so+0x9aa3aa]  VMThread::evaluate_operation(VM_Operation*)+0xba
V  [libjvm.so+0x9aa72e]  VMThread::loop()+0x1ce
V  [libjvm.so+0x9aaba0]  VMThread::run()+0x70
V  [libjvm.so+0x821ca8]  java_start(Thread*)+0x108

VM_Operation (0x00007f6b253b91b0): ParallelGCFailedAllocation, mode: safepoint, requested by thread 0x00007f6b1c00a000


---------------  P R O C E S S  ---------------

Java Threads: ( => current thread )
  0x00007f6b1c167800 JavaThread "Service Thread" daemon [_thread_blocked, id=28783, stack(0x00007f6b18bfc000,0x00007f6b18cfd000)]
  0x00007f6b1c165800 JavaThread "C2 CompilerThread1" daemon [_thread_blocked, id=28782, stack(0x00007f6b18cfd000,0x00007f6b18dfe000)]
  0x00007f6b1c162800 JavaThread "C2 CompilerThread0" daemon [_thread_blocked, id=28781, stack(0x00007f6b18dfe000,0x00007f6b18eff000)]
  0x00007f6b1c160000 JavaThread "Signal Dispatcher" daemon [_thread_blocked, id=28780, stack(0x00007f6b18eff000,0x00007f6b19000000)]
  0x00007f6b1c137000 JavaThread "Finalizer" daemon [_thread_blocked, id=28779, stack(0x00007f6b206e8000,0x00007f6b207e9000)]
  0x00007f6b1c135000 JavaThread "Reference Handler" daemon [_thread_blocked, id=28778, stack(0x00007f6b207e9000,0x00007f6b208ea000)]
  0x00007f6b1c00a000 JavaThread "main" [_thread_blocked, id=28772, stack(0x00007f6b252ba000,0x00007f6b253bb000)]

Other Threads:
=>0x00007f6b1c131000 VMThread [stack: 0x00007f6b208ea000,0x00007f6b209eb000] [id=28777]
  0x00007f6b1c17a800 WatcherThread [stack: 0x00007f6b18afb000,0x00007f6b18bfc000] [id=28784]

VM state:at safepoint (normal execution)

VM Mutex/Monitor currently owned by a thread:  ([mutex/lock_event])
[0x00007f6b1c006260] Threads_lock - owner thread: 0x00007f6b1c131000
[0x00007f6b1c006760] Heap_lock - owner thread: 0x00007f6b1c00a000

Heap
 PSYoungGen      total 99840K, used 3568K [0x00000000eaa80000, 0x00000000f0f80000, 0x0000000100000000)
  eden space 96256K, 0% used [0x00000000eaa80000,0x00000000eaa80000,0x00000000f0880000)
  from space 3584K, 99% used [0x00000000f0880000,0x00000000f0bfc040,0x00000000f0c00000)
  to   space 3584K, 0% used [0x00000000f0c00000,0x00000000f0c00000,0x00000000f0f80000)
 ParOldGen       total 62464K, used 44052K [0x00000000c0000000, 0x00000000c3d00000, 0x00000000eaa80000)
  object space 62464K, 70% used [0x00000000c0000000,0x00000000c2b05128,0x00000000c3d00000)
 PSPermGen       total 21504K, used 6394K [0x00000000bae00000, 0x00000000bc300000, 0x00000000c0000000)
  object space 21504K, 29% used [0x00000000bae00000,0x00000000bb43ea40,0x00000000bc300000)

Card table byte_map: [0x00007f6b22381000,0x00007f6b225ab000] byte_map_base: 0x00007f6b21daa000

Polling page: 0x00007f6b253e0000

Code Cache  [0x00007f6b19000000, 0x00007f6b19270000, 0x00007f6b1c000000)
 total_blobs=873 nmethods=626 adapters=200 free_code_cache=47440Kb largest_free_block=48547968

Compilation events (10 events):
Event: 3.254 Thread 0x00007f6b1c162800 nmethod 627 0x00007f6b190bcdd0 code [0x00007f6b190bcf60, 0x00007f6b190bd5f8]
Event: 3.254 Thread 0x00007f6b1c162800  630             java.util.TimSort::binarySort (223 bytes)
Event: 3.257 Thread 0x00007f6b1c165800 nmethod 629 0x00007f6b191b0a50 code [0x00007f6b191b0c20, 0x00007f6b191b1050]
Event: 3.257 Thread 0x00007f6b1c165800  631             com.android.dx.io.instructions.DecodedInstruction::getLiteralUnit (55 bytes)
Event: 3.258 Thread 0x00007f6b1c165800 nmethod 631 0x00007f6b190bcad0 code [0x00007f6b190bcc00, 0x00007f6b190bcc78]
Event: 3.258 Thread 0x00007f6b1c165800  632             com.android.dx.merge.DexMerger::transformClassDef (160 bytes)
Event: 3.272 Thread 0x00007f6b1c162800 nmethod 630 0x00007f6b190be8d0 code [0x00007f6b190bea80, 0x00007f6b190bf498]
Event: 3.272 Thread 0x00007f6b1c162800  633             com.android.dx.merge.IndexMap::adjustAnnotationDirectory (18 bytes)
Event: 3.277 Thread 0x00007f6b1c162800 nmethod 633 0x00007f6b191b1650 code [0x00007f6b191b17c0, 0x00007f6b191b1a78]
Event: 3.277 Thread 0x00007f6b1c162800  634             com.android.dx.merge.IndexMap::adjustStaticValues (18 bytes)

GC Heap History (9 events):
Event: 1.173 GC heap before
{Heap before GC invocations=1 (full 0):
 PSYoungGen      total 27648K, used 24064K [0x00000000eaa80000, 0x00000000ec900000, 0x0000000100000000)
  eden space 24064K, 100% used [0x00000000eaa80000,0x00000000ec200000,0x00000000ec200000)
  from space 3584K, 0% used [0x00000000ec580000,0x00000000ec580000,0x00000000ec900000)
  to   space 3584K, 0% used [0x00000000ec200000,0x00000000ec200000,0x00000000ec580000)
 ParOldGen       total 62464K, used 0K [0x00000000c0000000, 0x00000000c3d00000, 0x00000000eaa80000)
  object space 62464K, 0% used [0x00000000c0000000,0x00000000c0000000,0x00000000c3d00000)
 PSPermGen       total 21504K, used 4960K [0x00000000bae00000, 0x00000000bc300000, 0x00000000c0000000)
  object space 21504K, 23% used [0x00000000bae00000,0x00000000bb2d82f0,0x00000000bc300000)
Event: 1.190 GC heap after
Heap after GC invocations=1 (full 0):
 PSYoungGen      total 27648K, used 3554K [0x00000000eaa80000, 0x00000000ee080000, 0x0000000100000000)
  eden space 24064K, 0% used [0x00000000eaa80000,0x00000000eaa80000,0x00000000ec200000)
  from space 3584K, 99% used [0x00000000ec200000,0x00000000ec578960,0x00000000ec580000)
  to   space 3584K, 0% used [0x00000000edd00000,0x00000000edd00000,0x00000000ee080000)
 ParOldGen       total 62464K, used 7127K [0x00000000c0000000, 0x00000000c3d00000, 0x00000000eaa80000)
  object space 62464K, 11% used [0x00000000c0000000,0x00000000c06f5e08,0x00000000c3d00000)
 PSPermGen       total 21504K, used 4960K [0x00000000bae00000, 0x00000000bc300000, 0x00000000c0000000)
  object space 21504K, 23% used [0x00000000bae00000,0x00000000bb2d82f0,0x00000000bc300000)
}
Event: 2.034 GC heap before
{Heap before GC invocations=2 (full 0):
 PSYoungGen      total 27648K, used 27618K [0x00000000eaa80000, 0x00000000ee080000, 0x0000000100000000)
  eden space 24064K, 100% used [0x00000000eaa80000,0x00000000ec200000,0x00000000ec200000)
  from space 3584K, 99% used [0x00000000ec200000,0x00000000ec578960,0x00000000ec580000)
  to   space 3584K, 0% used [0x00000000edd00000,0x00000000edd00000,0x00000000ee080000)
 ParOldGen       total 62464K, used 7127K [0x00000000c0000000, 0x00000000c3d00000, 0x00000000eaa80000)
  object space 62464K, 11% used [0x00000000c0000000,0x00000000c06f5e08,0x00000000c3d00000)
 PSPermGen       total 21504K, used 6290K [0x00000000bae00000, 0x00000000bc300000, 0x00000000c0000000)
  object space 21504K, 29% used [0x00000000bae00000,0x00000000bb424850,0x00000000bc300000)
Event: 2.047 GC heap after
Heap after GC invocations=2 (full 0):
 PSYoungGen      total 51712K, used 3568K [0x00000000eaa80000, 0x00000000ee080000, 0x0000000100000000)
  eden space 48128K, 0% used [0x00000000eaa80000,0x00000000eaa80000,0x00000000ed980000)
  from space 3584K, 99% used [0x00000000edd00000,0x00000000ee07c2d0,0x00000000ee080000)
  to   space 3584K, 0% used [0x00000000ed980000,0x00000000ed980000,0x00000000edd00000)
 ParOldGen       total 62464K, used 12822K [0x00000000c0000000, 0x00000000c3d00000, 0x00000000eaa80000)
  object space 62464K, 20% used [0x00000000c0000000,0x00000000c0c85908,0x00000000c3d00000)
 PSPermGen       total 21504K, used 6290K [0x00000000bae00000, 0x00000000bc300000, 0x00000000c0000000)
  object space 21504K, 29% used [0x00000000bae00000,0x00000000bb424850,0x00000000bc300000)
}
Event: 2.603 GC heap before
{Heap before GC invocations=3 (full 0):
 PSYoungGen      total 51712K, used 51696K [0x00000000eaa80000, 0x00000000ee080000, 0x0000000100000000)
  eden space 48128K, 100% used [0x00000000eaa80000,0x00000000ed980000,0x00000000ed980000)
  from space 3584K, 99% used [0x00000000edd00000,0x00000000ee07c2d0,0x00000000ee080000)
  to   space 3584K, 0% used [0x00000000ed980000,0x00000000ed980000,0x00000000edd00000)
 ParOldGen       total 62464K, used 12822K [0x00000000c0000000, 0x00000000c3d00000, 0x00000000eaa80000)
  object space 62464K, 20% used [0x00000000c0000000,0x00000000c0c85908,0x00000000c3d00000)
 PSPermGen       total 21504K, used 6358K [0x00000000bae00000, 0x00000000bc300000, 0x00000000c0000000)
  object space 21504K, 29% used [0x00000000bae00000,0x00000000bb435b18,0x00000000bc300000)
Event: 2.615 GC heap after
Heap after GC invocations=3 (full 0):
 PSYoungGen      total 51712K, used 3552K [0x00000000eaa80000, 0x00000000f0f80000, 0x0000000100000000)
  eden space 48128K, 0% used [0x00000000eaa80000,0x00000000eaa80000,0x00000000ed980000)
  from space 3584K, 99% used [0x00000000ed980000,0x00000000edcf80c8,0x00000000edd00000)
  to   space 3584K, 0% used [0x00000000f0c00000,0x00000000f0c00000,0x00000000f0f80000)
 ParOldGen       total 62464K, used 15425K [0x00000000c0000000, 0x00000000c3d00000, 0x00000000eaa80000)
  object space 62464K, 24% used [0x00000000c0000000,0x00000000c0f106a0,0x00000000c3d00000)
 PSPermGen       total 21504K, used 6358K [0x00000000bae00000, 0x00000000bc300000, 0x00000000c0000000)
  object space 21504K, 29% used [0x00000000bae00000,0x00000000bb435b18,0x00000000bc300000)
}
Event: 2.911 GC heap before
{Heap before GC invocations=4 (full 0):
 PSYoungGen      total 51712K, used 51680K [0x00000000eaa80000, 0x00000000f0f80000, 0x0000000100000000)
  eden space 48128K, 100% used [0x00000000eaa80000,0x00000000ed980000,0x00000000ed980000)
  from space 3584K, 99% used [0x00000000ed980000,0x00000000edcf80c8,0x00000000edd00000)
  to   space 3584K, 0% used [0x00000000f0c00000,0x00000000f0c00000,0x00000000f0f80000)
 ParOldGen       total 62464K, used 15425K [0x00000000c0000000, 0x00000000c3d00000, 0x00000000eaa80000)
  object space 62464K, 24% used [0x00000000c0000000,0x00000000c0f106a0,0x00000000c3d00000)
 PSPermGen       total 21504K, used 6380K [0x00000000bae00000, 0x00000000bc300000, 0x00000000c0000000)
  object space 21504K, 29% used [0x00000000bae00000,0x00000000bb43b330,0x00000000bc300000)
Event: 2.924 GC heap after
Heap after GC invocations=4 (full 0):
 PSYoungGen      total 99840K, used 3567K [0x00000000eaa80000, 0x00000000f0f80000, 0x0000000100000000)
  eden space 96256K, 0% used [0x00000000eaa80000,0x00000000eaa80000,0x00000000f0880000)
  from space 3584K, 99% used [0x00000000f0c00000,0x00000000f0f7bf28,0x00000000f0f80000)
  to   space 3584K, 0% used [0x00000000f0880000,0x00000000f0880000,0x00000000f0c00000)
 ParOldGen       total 62464K, used 24374K [0x00000000c0000000, 0x00000000c3d00000, 0x00000000eaa80000)
  object space 62464K, 39% used [0x00000000c0000000,0x00000000c17cd9b8,0x00000000c3d00000)
 PSPermGen       total 21504K, used 6380K [0x00000000bae00000, 0x00000000bc300000, 0x00000000c0000000)
  object space 21504K, 29% used [0x00000000bae00000,0x00000000bb43b330,0x00000000bc300000)
}
Event: 3.279 GC heap before
{Heap before GC invocations=5 (full 0):
 PSYoungGen      total 99840K, used 99823K [0x00000000eaa80000, 0x00000000f0f80000, 0x0000000100000000)
  eden space 96256K, 100% used [0x00000000eaa80000,0x00000000f0880000,0x00000000f0880000)
  from space 3584K, 99% used [0x00000000f0c00000,0x00000000f0f7bf28,0x00000000f0f80000)
  to   space 3584K, 0% used [0x00000000f0880000,0x00000000f0880000,0x00000000f0c00000)
 ParOldGen       total 62464K, used 24374K [0x00000000c0000000, 0x00000000c3d00000, 0x00000000eaa80000)
  object space 62464K, 39% used [0x00000000c0000000,0x00000000c17cd9b8,0x00000000c3d00000)
 PSPermGen       total 21504K, used 6394K [0x00000000bae00000, 0x00000000bc300000, 0x00000000c0000000)
  object space 21504K, 29% used [0x00000000bae00000,0x00000000bb43ea40,0x00000000bc300000)

Deoptimization events (10 events):
Event: 2.208 Thread 0x00007f6b1c00a000 Uncommon trap: reason=unloaded action=reinterpret pc=0x00007f6b19142624 method=com.android.dx.merge.IndexMap$EncodedValueTransformer.transform(Lcom/android/dex/EncodedValueReader;)V @ 263
Event: 2.418 Thread 0x00007f6b1c00a000 Uncommon trap: reason=predicate action=maybe_recompile pc=0x00007f6b19167210 method=java.util.ComparableTimSort.binarySort([Ljava/lang/Object;III)V @ 37
Event: 2.651 Thread 0x00007f6b1c00a000 Uncommon trap: reason=array_check action=maybe_recompile pc=0x00007f6b19170e10 method=java.util.ComparableTimSort.binarySort([Ljava/lang/Object;III)V @ 193
Event: 2.907 Thread 0x00007f6b1c00a000 Uncommon trap: reason=array_check action=maybe_recompile pc=0x00007f6b19170e10 method=java.util.ComparableTimSort.binarySort([Ljava/lang/Object;III)V @ 193
Event: 3.031 Thread 0x00007f6b1c00a000 Uncommon trap: reason=array_check action=maybe_recompile pc=0x00007f6b19170e10 method=java.util.ComparableTimSort.binarySort([Ljava/lang/Object;III)V @ 193
Event: 3.066 Thread 0x00007f6b1c00a000 Uncommon trap: reason=predicate action=maybe_recompile pc=0x00007f6b190a6818 method=java.util.TimSort.binarySort([Ljava/lang/Object;IIILjava/util/Comparator;)V @ 37
Event: 3.198 Thread 0x00007f6b1c00a000 Uncommon trap: reason=array_check action=maybe_recompile pc=0x00007f6b190c2c48 method=java.util.TimSort.binarySort([Ljava/lang/Object;IIILjava/util/Comparator;)V @ 193
Event: 3.199 Thread 0x00007f6b1c00a000 Uncommon trap: reason=array_check action=maybe_recompile pc=0x00007f6b190c2d0c method=java.util.TimSort.binarySort([Ljava/lang/Object;IIILjava/util/Comparator;)V @ 183
Event: 3.199 Thread 0x00007f6b1c00a000 Uncommon trap: reason=array_check action=maybe_recompile pc=0x00007f6b190c2c48 method=java.util.TimSort.binarySort([Ljava/lang/Object;IIILjava/util/Comparator;)V @ 193
Event: 3.199 Thread 0x00007f6b1c00a000 Uncommon trap: reason=array_check action=maybe_recompile pc=0x00007f6b190c2c48 method=java.util.TimSort.binarySort([Ljava/lang/Object;IIILjava/util/Comparator;)V @ 193

Internal exceptions (10 events):
Event: 1.830 Thread 0x00007f6b1c00a000 Threw 0x00000000ebbb79b0 at /HUDSON/workspace/7u-2-build-linux-amd64/jdk7u76/1941/hotspot/src/share/vm/prims/jvm.cpp:1304
Event: 1.831 Thread 0x00007f6b1c00a000 Threw 0x00000000ebbbad80 at /HUDSON/workspace/7u-2-build-linux-amd64/jdk7u76/1941/hotspot/src/share/vm/prims/jvm.cpp:1304
Event: 1.831 Thread 0x00007f6b1c00a000 Threw 0x00000000ebbbe2a0 at /HUDSON/workspace/7u-2-build-linux-amd64/jdk7u76/1941/hotspot/src/share/vm/prims/jvm.cpp:1304
Event: 1.832 Thread 0x00007f6b1c00a000 Threw 0x00000000ebbc3678 at /HUDSON/workspace/7u-2-build-linux-amd64/jdk7u76/1941/hotspot/src/share/vm/prims/jvm.cpp:1304
Event: 1.832 Thread 0x00007f6b1c00a000 Threw 0x00000000ebbc6558 at /HUDSON/workspace/7u-2-build-linux-amd64/jdk7u76/1941/hotspot/src/share/vm/prims/jvm.cpp:1304
Event: 1.832 Thread 0x00007f6b1c00a000 Threw 0x00000000ebbc95f8 at /HUDSON/workspace/7u-2-build-linux-amd64/jdk7u76/1941/hotspot/src/share/vm/prims/jvm.cpp:1304
Event: 1.833 Thread 0x00007f6b1c00a000 Threw 0x00000000ebbccac0 at /HUDSON/workspace/7u-2-build-linux-amd64/jdk7u76/1941/hotspot/src/share/vm/prims/jvm.cpp:1304
Event: 1.835 Thread 0x00007f6b1c00a000 Threw 0x00000000ebbd3d38 at /HUDSON/workspace/7u-2-build-linux-amd64/jdk7u76/1941/hotspot/src/share/vm/prims/jvm.cpp:1304
Event: 1.835 Thread 0x00007f6b1c00a000 Threw 0x00000000ebbd5f88 at /HUDSON/workspace/7u-2-build-linux-amd64/jdk7u76/1941/hotspot/src/share/vm/prims/jvm.cpp:1304
Event: 2.238 Thread 0x00007f6b1c00a000 Threw 0x00000000ebd80670 at /HUDSON/workspace/7u-2-build-linux-amd64/jdk7u76/1941/hotspot/src/share/vm/prims/jvm.cpp:1304

Events (10 events):
Event: 3.198 Thread 0x00007f6b1c00a000 Uncommon trap: trap_request=0xffffffd6 fr.pc=0x00007f6b190c2d0c
Event: 3.199 Thread 0x00007f6b1c00a000 DEOPT PACKING pc=0x00007f6b190c2d0c sp=0x00007f6b253b9460
Event: 3.199 Thread 0x00007f6b1c00a000 DEOPT UNPACKING pc=0x00007f6b19039445 sp=0x00007f6b253b9428 mode 2
Event: 3.199 Thread 0x00007f6b1c00a000 Uncommon trap: trap_request=0xffffffd6 fr.pc=0x00007f6b190c2c48
Event: 3.199 Thread 0x00007f6b1c00a000 DEOPT PACKING pc=0x00007f6b190c2c48 sp=0x00007f6b253b9460
Event: 3.199 Thread 0x00007f6b1c00a000 DEOPT UNPACKING pc=0x00007f6b19039445 sp=0x00007f6b253b9428 mode 2
Event: 3.199 Thread 0x00007f6b1c00a000 Uncommon trap: trap_request=0xffffffd6 fr.pc=0x00007f6b190c2c48
Event: 3.199 Thread 0x00007f6b1c00a000 DEOPT PACKING pc=0x00007f6b190c2c48 sp=0x00007f6b253b9460
Event: 3.199 Thread 0x00007f6b1c00a000 DEOPT UNPACKING pc=0x00007f6b19039445 sp=0x00007f6b253b9428 mode 2
Event: 3.279 Executing VM operation: ParallelGCFailedAllocation


Dynamic libraries:
00400000-00401000 r-xp 00000000 08:05 1977939                            /usr/lib/jvm/java-7-oracle/jre/bin/java
00600000-00601000 rw-p 00000000 08:05 1977939                            /usr/lib/jvm/java-7-oracle/jre/bin/java
010b9000-010da000 rw-p 00000000 00:00 0                                  [heap]
bae00000-bc300000 rw-p 00000000 00:00 0 
bc300000-c0000000 rw-p 00000000 00:00 0 
c0000000-c3d00000 rw-p 00000000 00:00 0 
c3d00000-eaa80000 rw-p 00000000 00:00 0 
eaa80000-f0f80000 rw-p 00000000 00:00 0 
f9380000-100000000 rw-p 00000000 00:00 0 
7f6adc000000-7f6adc021000 rw-p 00000000 00:00 0 
7f6adc021000-7f6ae0000000 ---p 00000000 00:00 0 
7f6ae4000000-7f6ae4e7d000 rw-p 00000000 00:00 0 
7f6ae4e7d000-7f6ae8000000 ---p 00000000 00:00 0 
7f6ae8000000-7f6ae8021000 rw-p 00000000 00:00 0 
7f6ae8021000-7f6aec000000 ---p 00000000 00:00 0 
7f6aec000000-7f6aec021000 rw-p 00000000 00:00 0 
7f6aec021000-7f6af0000000 ---p 00000000 00:00 0 
7f6af0000000-7f6af09f6000 rw-p 00000000 00:00 0 
7f6af09f6000-7f6af4000000 ---p 00000000 00:00 0 
7f6af4000000-7f6af4021000 rw-p 00000000 00:00 0 
7f6af4021000-7f6af8000000 ---p 00000000 00:00 0 
7f6af8000000-7f6af8021000 rw-p 00000000 00:00 0 
7f6af8021000-7f6afc000000 ---p 00000000 00:00 0 
7f6afc000000-7f6afc021000 rw-p 00000000 00:00 0 
7f6afc021000-7f6b00000000 ---p 00000000 00:00 0 
7f6b00000000-7f6b000e2000 rw-p 00000000 00:00 0 
7f6b000e2000-7f6b04000000 ---p 00000000 00:00 0 
7f6b04000000-7f6b04021000 rw-p 00000000 00:00 0 
7f6b04021000-7f6b08000000 ---p 00000000 00:00 0 
7f6b0c000000-7f6b0c021000 rw-p 00000000 00:00 0 
7f6b0c021000-7f6b10000000 ---p 00000000 00:00 0 
7f6b11d70000-7f6b14000000 rw-p 00000000 00:00 0 
7f6b14000000-7f6b14021000 rw-p 00000000 00:00 0 
7f6b14021000-7f6b18000000 ---p 00000000 00:00 0 
7f6b18566000-7f6b186d3000 rw-p 00000000 00:00 0 
7f6b186d3000-7f6b186e9000 r-xp 00000000 08:05 1978792                    /usr/lib/jvm/java-7-oracle/jre/lib/amd64/libnet.so
7f6b186e9000-7f6b188e9000 ---p 00016000 08:05 1978792                    /usr/lib/jvm/java-7-oracle/jre/lib/amd64/libnet.so
7f6b188e9000-7f6b188ea000 rw-p 00016000 08:05 1978792                    /usr/lib/jvm/java-7-oracle/jre/lib/amd64/libnet.so
7f6b188ea000-7f6b188fa000 r-xp 00000000 08:05 1978795                    /usr/lib/jvm/java-7-oracle/jre/lib/amd64/libnio.so
7f6b188fa000-7f6b18afa000 ---p 00010000 08:05 1978795                    /usr/lib/jvm/java-7-oracle/jre/lib/amd64/libnio.so
7f6b18afa000-7f6b18afb000 rw-p 00010000 08:05 1978795                    /usr/lib/jvm/java-7-oracle/jre/lib/amd64/libnio.so
7f6b18afb000-7f6b18afc000 ---p 00000000 00:00 0 
7f6b18afc000-7f6b18bfc000 rw-p 00000000 00:00 0                          [stack:28784]
7f6b18bfc000-7f6b18bff000 ---p 00000000 00:00 0 
7f6b18bff000-7f6b18cfd000 rw-p 00000000 00:00 0                          [stack:28783]
7f6b18cfd000-7f6b18d00000 ---p 00000000 00:00 0 
7f6b18d00000-7f6b18dfe000 rw-p 00000000 00:00 0                          [stack:28782]
7f6b18dfe000-7f6b18e01000 ---p 00000000 00:00 0 
7f6b18e01000-7f6b18eff000 rw-p 00000000 00:00 0                          [stack:28781]
7f6b18eff000-7f6b18f02000 ---p 00000000 00:00 0 
7f6b18f02000-7f6b19000000 rw-p 00000000 00:00 0                          [stack:28780]
7f6b19000000-7f6b19270000 rwxp 00000000 00:00 0 
7f6b19270000-7f6b1c321000 rw-p 00000000 00:00 0 
7f6b1c321000-7f6b20000000 ---p 00000000 00:00 0 
7f6b20006000-7f6b206e8000 r--p 00000000 08:05 1973176                    /usr/lib/locale/locale-archive
7f6b206e8000-7f6b206eb000 ---p 00000000 00:00 0 
7f6b206eb000-7f6b207e9000 rw-p 00000000 00:00 0                          [stack:28779]
7f6b207e9000-7f6b207ec000 ---p 00000000 00:00 0 
7f6b207ec000-7f6b208ea000 rw-p 00000000 00:00 0                          [stack:28778]
7f6b208ea000-7f6b208eb000 ---p 00000000 00:00 0 
7f6b208eb000-7f6b21945000 rw-p 00000000 00:00 0                          [stack:28777]
7f6b21945000-7f6b21b04000 r--s 039f0000 08:05 1978874                    /usr/lib/jvm/java-7-oracle/jre/lib/rt.jar
7f6b21b04000-7f6b21dfe000 rw-p 00000000 00:00 0 
7f6b21dfe000-7f6b21dff000 ---p 00000000 00:00 0 
7f6b21dff000-7f6b21eff000 rw-p 00000000 00:00 0                          [stack:28776]
7f6b21eff000-7f6b21f00000 ---p 00000000 00:00 0 
7f6b21f00000-7f6b22000000 rw-p 00000000 00:00 0                          [stack:28775]
7f6b22000000-7f6b22001000 ---p 00000000 00:00 0 
7f6b22001000-7f6b22101000 rw-p 00000000 00:00 0                          [stack:28774]
7f6b22101000-7f6b22102000 ---p 00000000 00:00 0 
7f6b22102000-7f6b2220d000 rw-p 00000000 00:00 0                          [stack:28773]
7f6b2220d000-7f6b2222b000 rw-p 00000000 00:00 0 
7f6b2222b000-7f6b2224a000 rw-p 00000000 00:00 0 
7f6b2224a000-7f6b22381000 rw-p 00000000 00:00 0 
7f6b22381000-7f6b2238c000 rw-p 00000000 00:00 0 
7f6b2238c000-7f6b223aa000 rw-p 00000000 00:00 0 
7f6b223aa000-7f6b223c9000 rw-p 00000000 00:00 0 
7f6b223c9000-7f6b224ff000 rw-p 00000000 00:00 0 
7f6b224ff000-7f6b22532000 rw-p 00000000 00:00 0 
7f6b22532000-7f6b225aa000 rw-p 00000000 00:00 0 
7f6b225aa000-7f6b225ab000 rw-p 00000000 00:00 0 
7f6b225ab000-7f6b225c5000 r-xp 00000000 08:05 1978068                    /usr/lib/jvm/java-7-oracle/jre/lib/amd64/libzip.so
7f6b225c5000-7f6b227c5000 ---p 0001a000 08:05 1978068                    /usr/lib/jvm/java-7-oracle/jre/lib/amd64/libzip.so
7f6b227c5000-7f6b227c6000 rw-p 0001a000 08:05 1978068                    /usr/lib/jvm/java-7-oracle/jre/lib/amd64/libzip.so
7f6b227c6000-7f6b227d1000 r-xp 00000000 08:05 2505604                    /lib/x86_64-linux-gnu/libnss_files-2.19.so
7f6b227d1000-7f6b229d0000 ---p 0000b000 08:05 2505604                    /lib/x86_64-linux-gnu/libnss_files-2.19.so
7f6b229d0000-7f6b229d1000 r--p 0000a000 08:05 2505604                    /lib/x86_64-linux-gnu/libnss_files-2.19.so
7f6b229d1000-7f6b229d2000 rw-p 0000b000 08:05 2505604                    /lib/x86_64-linux-gnu/libnss_files-2.19.so
7f6b229d2000-7f6b229dd000 r-xp 00000000 08:05 2505645                    /lib/x86_64-linux-gnu/libnss_nis-2.19.so
7f6b229dd000-7f6b22bdc000 ---p 0000b000 08:05 2505645                    /lib/x86_64-linux-gnu/libnss_nis-2.19.so
7f6b22bdc000-7f6b22bdd000 r--p 0000a000 08:05 2505645                    /lib/x86_64-linux-gnu/libnss_nis-2.19.so
7f6b22bdd000-7f6b22bde000 rw-p 0000b000 08:05 2505645                    /lib/x86_64-linux-gnu/libnss_nis-2.19.so
7f6b22bde000-7f6b22bf5000 r-xp 00000000 08:05 2505623                    /lib/x86_64-linux-gnu/libnsl-2.19.so
7f6b22bf5000-7f6b22df4000 ---p 00017000 08:05 2505623                    /lib/x86_64-linux-gnu/libnsl-2.19.so
7f6b22df4000-7f6b22df5000 r--p 00016000 08:05 2505623                    /lib/x86_64-linux-gnu/libnsl-2.19.so
7f6b22df5000-7f6b22df6000 rw-p 00017000 08:05 2505623                    /lib/x86_64-linux-gnu/libnsl-2.19.so
7f6b22df6000-7f6b22df8000 rw-p 00000000 00:00 0 
7f6b22df8000-7f6b22e01000 r-xp 00000000 08:05 2505621                    /lib/x86_64-linux-gnu/libnss_compat-2.19.so
7f6b22e01000-7f6b23000000 ---p 00009000 08:05 2505621                    /lib/x86_64-linux-gnu/libnss_compat-2.19.so
7f6b23000000-7f6b23001000 r--p 00008000 08:05 2505621                    /lib/x86_64-linux-gnu/libnss_compat-2.19.so
7f6b23001000-7f6b23002000 rw-p 00009000 08:05 2505621                    /lib/x86_64-linux-gnu/libnss_compat-2.19.so
7f6b23002000-7f6b2302b000 r-xp 00000000 08:05 1978065                    /usr/lib/jvm/java-7-oracle/jre/lib/amd64/libjava.so
7f6b2302b000-7f6b2322b000 ---p 00029000 08:05 1978065                    /usr/lib/jvm/java-7-oracle/jre/lib/amd64/libjava.so
7f6b2322b000-7f6b2322d000 rw-p 00029000 08:05 1978065                    /usr/lib/jvm/java-7-oracle/jre/lib/amd64/libjava.so
7f6b2322d000-7f6b2323a000 r-xp 00000000 08:05 1978791                    /usr/lib/jvm/java-7-oracle/jre/lib/amd64/libverify.so
7f6b2323a000-7f6b23439000 ---p 0000d000 08:05 1978791                    /usr/lib/jvm/java-7-oracle/jre/lib/amd64/libverify.so
7f6b23439000-7f6b2343b000 rw-p 0000c000 08:05 1978791                    /usr/lib/jvm/java-7-oracle/jre/lib/amd64/libverify.so
7f6b2343b000-7f6b23442000 r-xp 00000000 08:05 2505639                    /lib/x86_64-linux-gnu/librt-2.19.so
7f6b23442000-7f6b23641000 ---p 00007000 08:05 2505639                    /lib/x86_64-linux-gnu/librt-2.19.so
7f6b23641000-7f6b23642000 r--p 00006000 08:05 2505639                    /lib/x86_64-linux-gnu/librt-2.19.so
7f6b23642000-7f6b23643000 rw-p 00007000 08:05 2505639                    /lib/x86_64-linux-gnu/librt-2.19.so
7f6b23643000-7f6b23748000 r-xp 00000000 08:05 2505603                    /lib/x86_64-linux-gnu/libm-2.19.so
7f6b23748000-7f6b23947000 ---p 00105000 08:05 2505603                    /lib/x86_64-linux-gnu/libm-2.19.so
7f6b23947000-7f6b23948000 r--p 00104000 08:05 2505603                    /lib/x86_64-linux-gnu/libm-2.19.so
7f6b23948000-7f6b23949000 rw-p 00105000 08:05 2505603                    /lib/x86_64-linux-gnu/libm-2.19.so
7f6b23949000-7f6b244be000 r-xp 00000000 08:05 1978771                    /usr/lib/jvm/java-7-oracle/jre/lib/amd64/server/libjvm.so
7f6b244be000-7f6b246be000 ---p 00b75000 08:05 1978771                    /usr/lib/jvm/java-7-oracle/jre/lib/amd64/server/libjvm.so
7f6b246be000-7f6b24782000 rw-p 00b75000 08:05 1978771                    /usr/lib/jvm/java-7-oracle/jre/lib/amd64/server/libjvm.so
7f6b24782000-7f6b247c3000 rw-p 00000000 00:00 0 
7f6b247c3000-7f6b2497e000 r-xp 00000000 08:05 2505633                    /lib/x86_64-linux-gnu/libc-2.19.so
7f6b2497e000-7f6b24b7d000 ---p 001bb000 08:05 2505633                    /lib/x86_64-linux-gnu/libc-2.19.so
7f6b24b7d000-7f6b24b81000 r--p 001ba000 08:05 2505633                    /lib/x86_64-linux-gnu/libc-2.19.so
7f6b24b81000-7f6b24b83000 rw-p 001be000 08:05 2505633                    /lib/x86_64-linux-gnu/libc-2.19.so
7f6b24b83000-7f6b24b88000 rw-p 00000000 00:00 0 
7f6b24b88000-7f6b24b8b000 r-xp 00000000 08:05 2505614                    /lib/x86_64-linux-gnu/libdl-2.19.so
7f6b24b8b000-7f6b24d8a000 ---p 00003000 08:05 2505614                    /lib/x86_64-linux-gnu/libdl-2.19.so
7f6b24d8a000-7f6b24d8b000 r--p 00002000 08:05 2505614                    /lib/x86_64-linux-gnu/libdl-2.19.so
7f6b24d8b000-7f6b24d8c000 rw-p 00003000 08:05 2505614                    /lib/x86_64-linux-gnu/libdl-2.19.so
7f6b24d8c000-7f6b24da2000 r-xp 00000000 08:05 1978802                    /usr/lib/jvm/java-7-oracle/jre/lib/amd64/jli/libjli.so
7f6b24da2000-7f6b24fa2000 ---p 00016000 08:05 1978802                    /usr/lib/jvm/java-7-oracle/jre/lib/amd64/jli/libjli.so
7f6b24fa2000-7f6b24fa3000 rw-p 00016000 08:05 1978802                    /usr/lib/jvm/java-7-oracle/jre/lib/amd64/jli/libjli.so
7f6b24fa3000-7f6b24fbc000 r-xp 00000000 08:05 2505635                    /lib/x86_64-linux-gnu/libpthread-2.19.so
7f6b24fbc000-7f6b251bb000 ---p 00019000 08:05 2505635                    /lib/x86_64-linux-gnu/libpthread-2.19.so
7f6b251bb000-7f6b251bc000 r--p 00018000 08:05 2505635                    /lib/x86_64-linux-gnu/libpthread-2.19.so
7f6b251bc000-7f6b251bd000 rw-p 00019000 08:05 2505635                    /lib/x86_64-linux-gnu/libpthread-2.19.so
7f6b251bd000-7f6b251c1000 rw-p 00000000 00:00 0 
7f6b251c1000-7f6b251e4000 r-xp 00000000 08:05 2505627                    /lib/x86_64-linux-gnu/ld-2.19.so
7f6b251e7000-7f6b251eb000 r--s 0008b000 08:05 1978053                    /usr/lib/jvm/java-7-oracle/jre/lib/jsse.jar
7f6b251eb000-7f6b251fa000 r--s 000dd000 08:05 3948531                    /home/vladislav/Development/android-sdk-linux/build-tools/22.0.0/lib/dx.jar
7f6b251fa000-7f6b25204000 rw-p 00000000 00:00 0 
7f6b25204000-7f6b252ba000 rw-p 00000000 00:00 0 
7f6b252ba000-7f6b252bd000 ---p 00000000 00:00 0 
7f6b252bd000-7f6b253bf000 rw-p 00000000 00:00 0                          [stack:28772]
7f6b253c0000-7f6b253d7000 rw-p 00000000 00:00 0 
7f6b253d7000-7f6b253df000 rw-s 00000000 08:05 1723782                    /tmp/hsperfdata_vladislav/28764
7f6b253df000-7f6b253e0000 rw-p 00000000 00:00 0 
7f6b253e0000-7f6b253e1000 ---p 00000000 00:00 0 
7f6b253e1000-7f6b253e3000 rw-p 00000000 00:00 0 
7f6b253e3000-7f6b253e4000 r--p 00022000 08:05 2505627                    /lib/x86_64-linux-gnu/ld-2.19.so
7f6b253e4000-7f6b253e5000 rw-p 00023000 08:05 2505627                    /lib/x86_64-linux-gnu/ld-2.19.so
7f6b253e5000-7f6b253e6000 rw-p 00000000 00:00 0 
7fffd98ec000-7fffd990e000 rw-p 00000000 00:00 0                          [stack]
7fffd995a000-7fffd995c000 r-xp 00000000 00:00 0                          [vdso]
ffffffffff600000-ffffffffff601000 r-xp 00000000 00:00 0                  [vsyscall]

VM Arguments:
jvm_args: -Xmx1024M 
java_command: /home/vladislav/Development/android-sdk-linux/build-tools/22.0.0/lib/dx.jar --dex --no-optimize --output /home/vladislav/workspace/helper-android/app/build/intermediates/dex/debug --input-list=/home/vladislav/workspace/helper-android/app/build/intermediates/tmp/dex/debug/inputList.txt
Launcher Type: SUN_STANDARD

Environment Variables:
PATH=/home/vladislav/.rvm/gems/ruby-2.1.3/bin:/home/vladislav/.rvm/gems/ruby-2.1.3@global/bin:/home/vladislav/.rvm/rubies/ruby-2.1.3/bin:/usr/local/sbin:/usr/local/bin:/usr/sbin:/usr/bin:/sbin:/bin:/usr/games:/usr/local/games:/home/vladislav/Development/android-sdk-linux/tools:/home/vladislav/Development/android-sdk-linux/platform-tools:/home/vladislav/Development/idea-IC-139.224.1/bin:/home/vladislav/.rvm/bin:/home/vladislav/Development/android-studio/bin:/home/vladislav/Development/gradle-2.2.1:/home/vladislav/Development/android-sdk-linux/tools:/home/vladislav/Development/android-sdk-linux/platform-tools:/home/vladislav/Development/idea-IC-139.224.1/bin:/home/vladislav/.rvm/bin:/home/vladislav/.rvm/bin:/home/vladislav/Development/android-studio/bin:/home/vladislav/Development/gradle-2.2.1
LD_LIBRARY_PATH=/home/vladislav/Development/android-studio/bin:
SHELL=/bin/bash
DISPLAY=:0

Signal Handlers:
SIGSEGV: [libjvm.so+0x9a3bd0], sa_mask[0]=0x7ffbfeff, sa_flags=0x10000004
SIGBUS: [libjvm.so+0x9a3bd0], sa_mask[0]=0x7ffbfeff, sa_flags=0x10000004
SIGFPE: [libjvm.so+0x81cb60], sa_mask[0]=0x7ffbfeff, sa_flags=0x10000004
SIGPIPE: [libjvm.so+0x81cb60], sa_mask[0]=0x7ffbfeff, sa_flags=0x10000004
SIGXFSZ: [libjvm.so+0x81cb60], sa_mask[0]=0x7ffbfeff, sa_flags=0x10000004
SIGILL: [libjvm.so+0x81cb60], sa_mask[0]=0x7ffbfeff, sa_flags=0x10000004
SIGUSR1: SIG_DFL, sa_mask[0]=0x00000000, sa_flags=0x00000000
SIGUSR2: [libjvm.so+0x81e360], sa_mask[0]=0x00000004, sa_flags=0x10000004
SIGHUP: [libjvm.so+0x81f480], sa_mask[0]=0x7ffbfeff, sa_flags=0x10000004
SIGINT: [libjvm.so+0x81f480], sa_mask[0]=0x7ffbfeff, sa_flags=0x10000004
SIGTERM: [libjvm.so+0x81f480], sa_mask[0]=0x7ffbfeff, sa_flags=0x10000004
SIGQUIT: [libjvm.so+0x81f480], sa_mask[0]=0x7ffbfeff, sa_flags=0x10000004


---------------  S Y S T E M  ---------------

OS:jessie/sid

uname:Linux 3.13.0-46-generic #77-Ubuntu SMP Mon Mar 2 18:23:39 UTC 2015 x86_64
libc:glibc 2.19 NPTL 2.19 
rlimit: STACK 8192k, CORE 0k, NPROC 46672, NOFILE 4096, AS infinity
load average:1.61 1.68 1.82

/proc/meminfo:
MemTotal:        5995700 kB
MemFree:          127660 kB
Buffers:            2732 kB
Cached:           681964 kB
SwapCached:            0 kB
Active:          3754256 kB
Inactive:         650592 kB
Active(anon):    3724076 kB
Inactive(anon):   604168 kB
Active(file):      30180 kB
Inactive(file):    46424 kB
Unevictable:          32 kB
Mlocked:              32 kB
SwapTotal:             0 kB
SwapFree:              0 kB
Dirty:              9680 kB
Writeback:            68 kB
AnonPages:       3720716 kB
Mapped:          1502984 kB
Shmem:            607560 kB
Slab:              82988 kB
SReclaimable:      34536 kB
SUnreclaim:        48452 kB
KernelStack:        5344 kB
PageTables:        45276 kB
NFS_Unstable:          0 kB
Bounce:                0 kB
WritebackTmp:          0 kB
CommitLimit:     2997848 kB
Committed_AS:    9785044 kB
VmallocTotal:   34359738367 kB
VmallocUsed:      412160 kB
VmallocChunk:   34359315452 kB
HardwareCorrupted:     0 kB
AnonHugePages:   1722368 kB
HugePages_Total:       0
HugePages_Free:        0
HugePages_Rsvd:        0
HugePages_Surp:        0
Hugepagesize:       2048 kB
DirectMap4k:       92184 kB
DirectMap2M:     6082560 kB


CPU:total 4 (2 cores per cpu, 2 threads per core) family 6 model 58 stepping 9, cmov, cx8, fxsr, mmx, sse, sse2, sse3, ssse3, sse4.1, sse4.2, popcnt, avx, aes, erms, ht, tsc, tscinvbit, tscinv

/proc/cpuinfo:
processor	: 0
vendor_id	: GenuineIntel
cpu family	: 6
model		: 58
model name	: Intel(R) Core(TM) i5-3230M CPU @ 2.60GHz
stepping	: 9
microcode	: 0x15
cpu MHz		: 1200.000
cache size	: 3072 KB
physical id	: 0
siblings	: 4
core id		: 0
cpu cores	: 2
apicid		: 0
initial apicid	: 0
fpu		: yes
fpu_exception	: yes
cpuid level	: 13
wp		: yes
flags		: fpu vme de pse tsc msr pae mce cx8 apic sep mtrr pge mca cmov pat pse36 clflush dts acpi mmx fxsr sse sse2 ss ht tm pbe syscall nx rdtscp lm constant_tsc arch_perfmon pebs bts rep_good nopl xtopology nonstop_tsc aperfmperf eagerfpu pni pclmulqdq dtes64 monitor ds_cpl vmx est tm2 ssse3 cx16 xtpr pdcm pcid sse4_1 sse4_2 x2apic popcnt tsc_deadline_timer aes xsave avx f16c rdrand lahf_lm ida arat epb xsaveopt pln pts dtherm tpr_shadow vnmi flexpriority ept vpid fsgsbase smep erms
bogomips	: 5188.27
clflush size	: 64
cache_alignment	: 64
address sizes	: 36 bits physical, 48 bits virtual
power management:

processor	: 1
vendor_id	: GenuineIntel
cpu family	: 6
model		: 58
model name	: Intel(R) Core(TM) i5-3230M CPU @ 2.60GHz
stepping	: 9
microcode	: 0x15
cpu MHz		: 1200.000
cache size	: 3072 KB
physical id	: 0
siblings	: 4
core id		: 1
cpu cores	: 2
apicid		: 2
initial apicid	: 2
fpu		: yes
fpu_exception	: yes
cpuid level	: 13
wp		: yes
flags		: fpu vme de pse tsc msr pae mce cx8 apic sep mtrr pge mca cmov pat pse36 clflush dts acpi mmx fxsr sse sse2 ss ht tm pbe syscall nx rdtscp lm constant_tsc arch_perfmon pebs bts rep_good nopl xtopology nonstop_tsc aperfmperf eagerfpu pni pclmulqdq dtes64 monitor ds_cpl vmx est tm2 ssse3 cx16 xtpr pdcm pcid sse4_1 sse4_2 x2apic popcnt tsc_deadline_timer aes xsave avx f16c rdrand lahf_lm ida arat epb xsaveopt pln pts dtherm tpr_shadow vnmi flexpriority ept vpid fsgsbase smep erms
bogomips	: 5188.27
clflush size	: 64
cache_alignment	: 64
address sizes	: 36 bits physical, 48 bits virtual
power management:

processor	: 2
vendor_id	: GenuineIntel
cpu family	: 6
model		: 58
model name	: Intel(R) Core(TM) i5-3230M CPU @ 2.60GHz
stepping	: 9
microcode	: 0x15
cpu MHz		: 1800.000
cache size	: 3072 KB
physical id	: 0
siblings	: 4
core id		: 0
cpu cores	: 2
apicid		: 1
initial apicid	: 1
fpu		: yes
fpu_exception	: yes
cpuid level	: 13
wp		: yes
flags		: fpu vme de pse tsc msr pae mce cx8 apic sep mtrr pge mca cmov pat pse36 clflush dts acpi mmx fxsr sse sse2 ss ht tm pbe syscall nx rdtscp lm constant_tsc arch_perfmon pebs bts rep_good nopl xtopology nonstop_tsc aperfmperf eagerfpu pni pclmulqdq dtes64 monitor ds_cpl vmx est tm2 ssse3 cx16 xtpr pdcm pcid sse4_1 sse4_2 x2apic popcnt tsc_deadline_timer aes xsave avx f16c rdrand lahf_lm ida arat epb xsaveopt pln pts dtherm tpr_shadow vnmi flexpriority ept vpid fsgsbase smep erms
bogomips	: 5188.27
clflush size	: 64
cache_alignment	: 64
address sizes	: 36 bits physical, 48 bits virtual
power management:

processor	: 3
vendor_id	: GenuineIntel
cpu family	: 6
model		: 58
model name	: Intel(R) Core(TM) i5-3230M CPU @ 2.60GHz
stepping	: 9
microcode	: 0x15
cpu MHz		: 2601.000
cache size	: 3072 KB
physical id	: 0
siblings	: 4
core id		: 1
cpu cores	: 2
apicid		: 3
initial apicid	: 3
fpu		: yes
fpu_exception	: yes
cpuid level	: 13
wp		: yes
flags		: fpu vme de pse tsc msr pae mce cx8 apic sep mtrr pge mca cmov pat pse36 clflush dts acpi mmx fxsr sse sse2 ss ht tm pbe syscall nx rdtscp lm constant_tsc arch_perfmon pebs bts rep_good nopl xtopology nonstop_tsc aperfmperf eagerfpu pni pclmulqdq dtes64 monitor ds_cpl vmx est tm2 ssse3 cx16 xtpr pdcm pcid sse4_1 sse4_2 x2apic popcnt tsc_deadline_timer aes xsave avx f16c rdrand lahf_lm ida arat epb xsaveopt pln pts dtherm tpr_shadow vnmi flexpriority ept vpid fsgsbase smep erms
bogomips	: 5188.27
clflush size	: 64
cache_alignment	: 64
address sizes	: 36 bits physical, 48 bits virtual
power management:



Memory: 4k page, physical 5995700k(127660k free), swap 0k(0k free)

vm_info: Java HotSpot(TM) 64-Bit Server VM (24.76-b04) for linux-amd64 JRE (1.7.0_76-b13), built on Dec 18 2014 16:58:39 by "java_re" with gcc 4.3.0 20080428 (Red Hat 4.3.0-8)

time: Sun Apr 19 13:03:49 2015
elapsed time: 5 seconds

