#
# There is insufficient memory for the Java Runtime Environment to continue.
# Native memory allocation (malloc) failed to allocate 72351744 bytes for committing reserved memory.
# Possible reasons:
#   The system is out of physical RAM or swap space
#   In 32 bit mode, the process size limit was hit
# Possible solutions:
#   Reduce memory load on the system
#   Increase physical memory or swap space
#   Check if swap backing store is full
#   Use 64 bit Java on a 64 bit OS
#   Decrease Java heap size (-Xmx/-Xms)
#   Decrease number of Java threads
#   Decrease Java thread stack sizes (-Xss)
#   Set larger code cache with -XX:ReservedCodeCacheSize=
# This output file may be truncated or incomplete.
#
#  Out of Memory Error (os_linux.cpp:2756), pid=28854, tid=140350286984960
#
# JRE version: Java(TM) SE Runtime Environment (7.0_76-b13) (build 1.7.0_76-b13)
# Java VM: Java HotSpot(TM) 64-Bit Server VM (24.76-b04 mixed mode linux-amd64 compressed oops)
# Failed to write core dump. Core dumps have been disabled. To enable core dumping, try "ulimit -c unlimited" before starting Java again
#

---------------  T H R E A D  ---------------

Current thread (0x00007fa5dc131000):  VMThread [stack: 0x00007fa5d8eff000,0x00007fa5d9000000] [id=28867]

Stack: [0x00007fa5d8eff000,0x00007fa5d9000000],  sp=0x00007fa5d8ffe240,  free space=1020k
Native frames: (J=compiled Java code, j=interpreted, Vv=VM code, C=native code)
V  [libjvm.so+0x9a32ba]  VMError::report_and_die()+0x2ea
V  [libjvm.so+0x497f7b]  report_vm_out_of_memory(char const*, int, unsigned long, char const*)+0x9b
V  [libjvm.so+0x81fcce]  os::Linux::commit_memory_impl(char*, unsigned long, bool)+0xfe
V  [libjvm.so+0x820219]  os::pd_commit_memory(char*, unsigned long, unsigned long, bool)+0x29
V  [libjvm.so+0x819faa]  os::commit_memory(char*, unsigned long, unsigned long, bool)+0x2a
V  [libjvm.so+0x88d843]  PSVirtualSpace::expand_by(unsigned long)+0x53
V  [libjvm.so+0x88ec18]  PSYoungGen::resize_generation(unsigned long, unsigned long)+0xf8
V  [libjvm.so+0x88dd82]  PSYoungGen::resize(unsigned long, unsigned long)+0x22
V  [libjvm.so+0x88b13d]  PSScavenge::invoke_no_policy()+0xf3d
V  [libjvm.so+0x88b981]  PSScavenge::invoke()+0x41
V  [libjvm.so+0x842300]  ParallelScavengeHeap::failed_mem_allocate(unsigned long)+0x70
V  [libjvm.so+0x9a4b47]  VM_ParallelGCFailedAllocation::doit()+0x97
V  [libjvm.so+0x9abfe5]  VM_Operation::evaluate()+0x55
V  [libjvm.so+0x9aa3aa]  VMThread::evaluate_operation(VM_Operation*)+0xba
V  [libjvm.so+0x9aa72e]  VMThread::loop()+0x1ce
V  [libjvm.so+0x9aaba0]  VMThread::run()+0x70
V  [libjvm.so+0x821ca8]  java_start(Thread*)+0x108

VM_Operation (0x00007fa5e4ac8450): ParallelGCFailedAllocation, mode: safepoint, requested by thread 0x00007fa5dc00a000


---------------  P R O C E S S  ---------------

Java Threads: ( => current thread )
  0x00007fa5dc15f800 JavaThread "Service Thread" daemon [_thread_blocked, id=28873, stack(0x00007fa5d8217000,0x00007fa5d8318000)]
  0x00007fa5dc15d800 JavaThread "C2 CompilerThread1" daemon [_thread_blocked, id=28872, stack(0x00007fa5d8318000,0x00007fa5d8419000)]
  0x00007fa5dc15a800 JavaThread "C2 CompilerThread0" daemon [_thread_blocked, id=28871, stack(0x00007fa5d8419000,0x00007fa5d851a000)]
  0x00007fa5dc158000 JavaThread "Signal Dispatcher" daemon [_thread_blocked, id=28870, stack(0x00007fa5d851a000,0x00007fa5d861b000)]
  0x00007fa5dc137000 JavaThread "Finalizer" daemon [_thread_blocked, id=28869, stack(0x00007fa5d8cfd000,0x00007fa5d8dfe000)]
  0x00007fa5dc135000 JavaThread "Reference Handler" daemon [_thread_blocked, id=28868, stack(0x00007fa5d8dfe000,0x00007fa5d8eff000)]
  0x00007fa5dc00a000 JavaThread "main" [_thread_blocked, id=28862, stack(0x00007fa5e49c9000,0x00007fa5e4aca000)]

Other Threads:
=>0x00007fa5dc131000 VMThread [stack: 0x00007fa5d8eff000,0x00007fa5d9000000] [id=28867]
  0x00007fa5dc16a800 WatcherThread [stack: 0x00007fa5d8116000,0x00007fa5d8217000] [id=28874]

VM state:at safepoint (normal execution)

VM Mutex/Monitor currently owned by a thread:  ([mutex/lock_event])
[0x00007fa5dc006260] Threads_lock - owner thread: 0x00007fa5dc131000
[0x00007fa5dc006760] Heap_lock - owner thread: 0x00007fa5dc00a000

Heap
 PSYoungGen      total 51712K, used 3574K [0x00000000eaa80000, 0x00000000ee080000, 0x0000000100000000)
  eden space 48128K, 0% used [0x00000000eaa80000,0x00000000eaa80000,0x00000000ed980000)
  from space 3584K, 99% used [0x00000000ed980000,0x00000000edcfd900,0x00000000edd00000)
  to   space 3584K, 0% used [0x00000000edd00000,0x00000000edd00000,0x00000000ee080000)
 ParOldGen       total 62464K, used 35044K [0x00000000c0000000, 0x00000000c3d00000, 0x00000000eaa80000)
  object space 62464K, 56% used [0x00000000c0000000,0x00000000c22392b0,0x00000000c3d00000)
 PSPermGen       total 21504K, used 6373K [0x00000000bae00000, 0x00000000bc300000, 0x00000000c0000000)
  object space 21504K, 29% used [0x00000000bae00000,0x00000000bb4396c0,0x00000000bc300000)

Card table byte_map: [0x00007fa5e1a90000,0x00007fa5e1cba000] byte_map_base: 0x00007fa5e14b9000

Polling page: 0x00007fa5e4aef000

Code Cache  [0x00007fa5d9000000, 0x00007fa5d9270000, 0x00007fa5dc000000)
 total_blobs=834 nmethods=587 adapters=200 free_code_cache=47595Kb largest_free_block=48704832

Compilation events (10 events):
Event: 11.287 Thread 0x00007fa5dc15a800  592             com.android.dex.ClassDef::getStaticValuesOffset (5 bytes)
Event: 11.287 Thread 0x00007fa5dc15a800 nmethod 592 0x00007fa5d9187850 code [0x00007fa5d9187980, 0x00007fa5d91879d8]
Event: 11.288 Thread 0x00007fa5dc15a800  593             com.android.dx.io.instructions.InstructionCodec$6::decode (40 bytes)
Event: 11.289 Thread 0x00007fa5dc15a800 nmethod 593 0x00007fa5d9187490 code [0x00007fa5d91875e0, 0x00007fa5d9187738]
Event: 11.289 Thread 0x00007fa5dc15a800  594             com.android.dx.io.instructions.InstructionCodec$6::encode (26 bytes)
Event: 11.291 Thread 0x00007fa5dc15a800 nmethod 594 0x00007fa5d9187010 code [0x00007fa5d9187160, 0x00007fa5d91872b8]
Event: 11.291 Thread 0x00007fa5dc15a800  595             com.android.dx.io.instructions.DecodedInstruction::getTargetByte (48 bytes)
Event: 11.291 Thread 0x00007fa5dc15a800 nmethod 595 0x00007fa5d9186dd0 code [0x00007fa5d9186f00, 0x00007fa5d9186f78]
Event: 11.320 Thread 0x00007fa5dc15a800  596             java.nio.HeapByteBuffer::get (54 bytes)
Event: 11.323 Thread 0x00007fa5dc15a800 nmethod 596 0x00007fa5d9186950 code [0x00007fa5d9186aa0, 0x00007fa5d9186c58]

GC Heap History (9 events):
Event: 7.905 GC heap before
{Heap before GC invocations=1 (full 0):
 PSYoungGen      total 27648K, used 24064K [0x00000000eaa80000, 0x00000000ec900000, 0x0000000100000000)
  eden space 24064K, 100% used [0x00000000eaa80000,0x00000000ec200000,0x00000000ec200000)
  from space 3584K, 0% used [0x00000000ec580000,0x00000000ec580000,0x00000000ec900000)
  to   space 3584K, 0% used [0x00000000ec200000,0x00000000ec200000,0x00000000ec580000)
 ParOldGen       total 62464K, used 0K [0x00000000c0000000, 0x00000000c3d00000, 0x00000000eaa80000)
  object space 62464K, 0% used [0x00000000c0000000,0x00000000c0000000,0x00000000c3d00000)
 PSPermGen       total 21504K, used 4954K [0x00000000bae00000, 0x00000000bc300000, 0x00000000c0000000)
  object space 21504K, 23% used [0x00000000bae00000,0x00000000bb2d6868,0x00000000bc300000)
Event: 7.929 GC heap after
Heap after GC invocations=1 (full 0):
 PSYoungGen      total 27648K, used 3568K [0x00000000eaa80000, 0x00000000ec900000, 0x0000000100000000)
  eden space 24064K, 0% used [0x00000000eaa80000,0x00000000eaa80000,0x00000000ec200000)
  from space 3584K, 99% used [0x00000000ec200000,0x00000000ec57c038,0x00000000ec580000)
  to   space 3584K, 0% used [0x00000000ec580000,0x00000000ec580000,0x00000000ec900000)
 ParOldGen       total 62464K, used 6901K [0x00000000c0000000, 0x00000000c3d00000, 0x00000000eaa80000)
  object space 62464K, 11% used [0x00000000c0000000,0x00000000c06bd750,0x00000000c3d00000)
 PSPermGen       total 21504K, used 4954K [0x00000000bae00000, 0x00000000bc300000, 0x00000000c0000000)
  object space 21504K, 23% used [0x00000000bae00000,0x00000000bb2d6868,0x00000000bc300000)
}
Event: 10.410 GC heap before
{Heap before GC invocations=2 (full 0):
 PSYoungGen      total 27648K, used 27632K [0x00000000eaa80000, 0x00000000ec900000, 0x0000000100000000)
  eden space 24064K, 100% used [0x00000000eaa80000,0x00000000ec200000,0x00000000ec200000)
  from space 3584K, 99% used [0x00000000ec200000,0x00000000ec57c038,0x00000000ec580000)
  to   space 3584K, 0% used [0x00000000ec580000,0x00000000ec580000,0x00000000ec900000)
 ParOldGen       total 62464K, used 6901K [0x00000000c0000000, 0x00000000c3d00000, 0x00000000eaa80000)
  object space 62464K, 11% used [0x00000000c0000000,0x00000000c06bd750,0x00000000c3d00000)
 PSPermGen       total 21504K, used 6283K [0x00000000bae00000, 0x00000000bc300000, 0x00000000c0000000)
  object space 21504K, 29% used [0x00000000bae00000,0x00000000bb422c20,0x00000000bc300000)
Event: 10.432 GC heap after
Heap after GC invocations=2 (full 0):
 PSYoungGen      total 27648K, used 3568K [0x00000000eaa80000, 0x00000000ec900000, 0x0000000100000000)
  eden space 24064K, 0% used [0x00000000eaa80000,0x00000000eaa80000,0x00000000ec200000)
  from space 3584K, 99% used [0x00000000ec580000,0x00000000ec8fc2d0,0x00000000ec900000)
  to   space 3584K, 0% used [0x00000000ec200000,0x00000000ec200000,0x00000000ec580000)
 ParOldGen       total 62464K, used 13254K [0x00000000c0000000, 0x00000000c3d00000, 0x00000000eaa80000)
  object space 62464K, 21% used [0x00000000c0000000,0x00000000c0cf1b78,0x00000000c3d00000)
 PSPermGen       total 21504K, used 6283K [0x00000000bae00000, 0x00000000bc300000, 0x00000000c0000000)
  object space 21504K, 29% used [0x00000000bae00000,0x00000000bb422c20,0x00000000bc300000)
}
Event: 10.727 GC heap before
{Heap before GC invocations=3 (full 0):
 PSYoungGen      total 27648K, used 27632K [0x00000000eaa80000, 0x00000000ec900000, 0x0000000100000000)
  eden space 24064K, 100% used [0x00000000eaa80000,0x00000000ec200000,0x00000000ec200000)
  from space 3584K, 99% used [0x00000000ec580000,0x00000000ec8fc2d0,0x00000000ec900000)
  to   space 3584K, 0% used [0x00000000ec200000,0x00000000ec200000,0x00000000ec580000)
 ParOldGen       total 62464K, used 13254K [0x00000000c0000000, 0x00000000c3d00000, 0x00000000eaa80000)
  object space 62464K, 21% used [0x00000000c0000000,0x00000000c0cf1b78,0x00000000c3d00000)
 PSPermGen       total 21504K, used 6329K [0x00000000bae00000, 0x00000000bc300000, 0x00000000c0000000)
  object space 21504K, 29% used [0x00000000bae00000,0x00000000bb42e7a8,0x00000000bc300000)
Event: 10.738 GC heap after
Heap after GC invocations=3 (full 0):
 PSYoungGen      total 27648K, used 3568K [0x00000000eaa80000, 0x00000000ee080000, 0x0000000100000000)
  eden space 24064K, 0% used [0x00000000eaa80000,0x00000000eaa80000,0x00000000ec200000)
  from space 3584K, 99% used [0x00000000ec200000,0x00000000ec57c2f0,0x00000000ec580000)
  to   space 3584K, 0% used [0x00000000edd00000,0x00000000edd00000,0x00000000ee080000)
 ParOldGen       total 62464K, used 22208K [0x00000000c0000000, 0x00000000c3d00000, 0x00000000eaa80000)
  object space 62464K, 35% used [0x00000000c0000000,0x00000000c15b0020,0x00000000c3d00000)
 PSPermGen       total 21504K, used 6329K [0x00000000bae00000, 0x00000000bc300000, 0x00000000c0000000)
  object space 21504K, 29% used [0x00000000bae00000,0x00000000bb42e7a8,0x00000000bc300000)
}
Event: 10.943 GC heap before
{Heap before GC invocations=4 (full 0):
 PSYoungGen      total 27648K, used 27632K [0x00000000eaa80000, 0x00000000ee080000, 0x0000000100000000)
  eden space 24064K, 100% used [0x00000000eaa80000,0x00000000ec200000,0x00000000ec200000)
  from space 3584K, 99% used [0x00000000ec200000,0x00000000ec57c2f0,0x00000000ec580000)
  to   space 3584K, 0% used [0x00000000edd00000,0x00000000edd00000,0x00000000ee080000)
 ParOldGen       total 62464K, used 22208K [0x00000000c0000000, 0x00000000c3d00000, 0x00000000eaa80000)
  object space 62464K, 35% used [0x00000000c0000000,0x00000000c15b0020,0x00000000c3d00000)
 PSPermGen       total 21504K, used 6352K [0x00000000bae00000, 0x00000000bc300000, 0x00000000c0000000)
  object space 21504K, 29% used [0x00000000bae00000,0x00000000bb434028,0x00000000bc300000)
Event: 10.961 GC heap after
Heap after GC invocations=4 (full 0):
 PSYoungGen      total 51712K, used 3552K [0x00000000eaa80000, 0x00000000ee080000, 0x0000000100000000)
  eden space 48128K, 0% used [0x00000000eaa80000,0x00000000eaa80000,0x00000000ed980000)
  from space 3584K, 99% used [0x00000000edd00000,0x00000000ee078030,0x00000000ee080000)
  to   space 3584K, 0% used [0x00000000ed980000,0x00000000ed980000,0x00000000edd00000)
 ParOldGen       total 62464K, used 26172K [0x00000000c0000000, 0x00000000c3d00000, 0x00000000eaa80000)
  object space 62464K, 41% used [0x00000000c0000000,0x00000000c198f0c0,0x00000000c3d00000)
 PSPermGen       total 21504K, used 6352K [0x00000000bae00000, 0x00000000bc300000, 0x00000000c0000000)
  object space 21504K, 29% used [0x00000000bae00000,0x00000000bb434028,0x00000000bc300000)
}
Event: 11.334 GC heap before
{Heap before GC invocations=5 (full 0):
 PSYoungGen      total 51712K, used 51680K [0x00000000eaa80000, 0x00000000ee080000, 0x0000000100000000)
  eden space 48128K, 100% used [0x00000000eaa80000,0x00000000ed980000,0x00000000ed980000)
  from space 3584K, 99% used [0x00000000edd00000,0x00000000ee078030,0x00000000ee080000)
  to   space 3584K, 0% used [0x00000000ed980000,0x00000000ed980000,0x00000000edd00000)
 ParOldGen       total 62464K, used 26172K [0x00000000c0000000, 0x00000000c3d00000, 0x00000000eaa80000)
  object space 62464K, 41% used [0x00000000c0000000,0x00000000c198f0c0,0x00000000c3d00000)
 PSPermGen       total 21504K, used 6373K [0x00000000bae00000, 0x00000000bc300000, 0x00000000c0000000)
  object space 21504K, 29% used [0x00000000bae00000,0x00000000bb4396c0,0x00000000bc300000)

Deoptimization events (10 events):
Event: 8.433 Thread 0x00007fa5dc00a000 Uncommon trap: reason=bimorphic action=maybe_recompile pc=0x00007fa5d90f6858 method=com.android.dx.dex.code.OutputFinisher.calculateReservedCount([Lcom/android/dx/dex/code/Dop;)I @ 72
Event: 9.399 Thread 0x00007fa5dc00a000 Uncommon trap: reason=class_check action=maybe_recompile pc=0x00007fa5d91014c4 method=com.android.dex.Leb128.writeUnsignedLeb128(Lcom/android/dex/util/ByteOutput;I)V @ 40
Event: 9.399 Thread 0x00007fa5dc00a000 Uncommon trap: reason=class_check action=maybe_recompile pc=0x00007fa5d91014c4 method=com.android.dex.Leb128.writeUnsignedLeb128(Lcom/android/dex/util/ByteOutput;I)V @ 40
Event: 9.399 Thread 0x00007fa5dc00a000 Uncommon trap: reason=class_check action=maybe_recompile pc=0x00007fa5d91014c4 method=com.android.dex.Leb128.writeUnsignedLeb128(Lcom/android/dex/util/ByteOutput;I)V @ 40
Event: 9.399 Thread 0x00007fa5dc00a000 Uncommon trap: reason=class_check action=maybe_recompile pc=0x00007fa5d91014c4 method=com.android.dex.Leb128.writeUnsignedLeb128(Lcom/android/dex/util/ByteOutput;I)V @ 40
Event: 10.322 Thread 0x00007fa5dc00a000 Uncommon trap: reason=predicate action=maybe_recompile pc=0x00007fa5d9116990 method=com.android.dex.Leb128.readUnsignedLeb128(Lcom/android/dex/util/ByteInput;)I @ 41
Event: 10.638 Thread 0x00007fa5dc00a000 Uncommon trap: reason=unloaded action=reinterpret pc=0x00007fa5d90a2ba4 method=com.android.dx.merge.IndexMap$EncodedValueTransformer.transform(Lcom/android/dex/EncodedValueReader;)V @ 263
Event: 10.861 Thread 0x00007fa5dc00a000 Uncommon trap: reason=predicate action=maybe_recompile pc=0x00007fa5d913e0d0 method=java.util.ComparableTimSort.binarySort([Ljava/lang/Object;III)V @ 37
Event: 11.008 Thread 0x00007fa5dc00a000 Uncommon trap: reason=array_check action=maybe_recompile pc=0x00007fa5d913ffd0 method=java.util.ComparableTimSort.binarySort([Ljava/lang/Object;III)V @ 193
Event: 11.324 Thread 0x00007fa5dc00a000 Uncommon trap: reason=array_check action=maybe_recompile pc=0x00007fa5d913ffd0 method=java.util.ComparableTimSort.binarySort([Ljava/lang/Object;III)V @ 193

Internal exceptions (10 events):
Event: 9.504 Thread 0x00007fa5dc00a000 Threw 0x00000000ebbddec8 at /HUDSON/workspace/7u-2-build-linux-amd64/jdk7u76/1941/hotspot/src/share/vm/prims/jvm.cpp:1304
Event: 9.504 Thread 0x00007fa5dc00a000 Threw 0x00000000ebbe1298 at /HUDSON/workspace/7u-2-build-linux-amd64/jdk7u76/1941/hotspot/src/share/vm/prims/jvm.cpp:1304
Event: 9.505 Thread 0x00007fa5dc00a000 Threw 0x00000000ebbe47b8 at /HUDSON/workspace/7u-2-build-linux-amd64/jdk7u76/1941/hotspot/src/share/vm/prims/jvm.cpp:1304
Event: 9.506 Thread 0x00007fa5dc00a000 Threw 0x00000000ebbe9b90 at /HUDSON/workspace/7u-2-build-linux-amd64/jdk7u76/1941/hotspot/src/share/vm/prims/jvm.cpp:1304
Event: 9.506 Thread 0x00007fa5dc00a000 Threw 0x00000000ebbeca70 at /HUDSON/workspace/7u-2-build-linux-amd64/jdk7u76/1941/hotspot/src/share/vm/prims/jvm.cpp:1304
Event: 9.506 Thread 0x00007fa5dc00a000 Threw 0x00000000ebbefb10 at /HUDSON/workspace/7u-2-build-linux-amd64/jdk7u76/1941/hotspot/src/share/vm/prims/jvm.cpp:1304
Event: 9.506 Thread 0x00007fa5dc00a000 Threw 0x00000000ebbf2fd8 at /HUDSON/workspace/7u-2-build-linux-amd64/jdk7u76/1941/hotspot/src/share/vm/prims/jvm.cpp:1304
Event: 9.508 Thread 0x00007fa5dc00a000 Threw 0x00000000ebc3a268 at /HUDSON/workspace/7u-2-build-linux-amd64/jdk7u76/1941/hotspot/src/share/vm/prims/jvm.cpp:1304
Event: 9.509 Thread 0x00007fa5dc00a000 Threw 0x00000000ebc3c4b8 at /HUDSON/workspace/7u-2-build-linux-amd64/jdk7u76/1941/hotspot/src/share/vm/prims/jvm.cpp:1304
Event: 10.668 Thread 0x00007fa5dc00a000 Threw 0x00000000ebda5c48 at /HUDSON/workspace/7u-2-build-linux-amd64/jdk7u76/1941/hotspot/src/share/vm/prims/jvm.cpp:1304

Events (10 events):
Event: 10.943 Executing VM operation: ParallelGCFailedAllocation
Event: 10.961 Executing VM operation: ParallelGCFailedAllocation done
Event: 11.008 Thread 0x00007fa5dc00a000 Uncommon trap: trap_request=0xffffffd6 fr.pc=0x00007fa5d913ffd0
Event: 11.008 Thread 0x00007fa5dc00a000 DEOPT PACKING pc=0x00007fa5d913ffd0 sp=0x00007fa5e4ac8410
Event: 11.008 Thread 0x00007fa5dc00a000 DEOPT UNPACKING pc=0x00007fa5d9039445 sp=0x00007fa5e4ac83e8 mode 2
Event: 11.131 Thread 0x00007fa5dc15a800 flushing nmethod 0x00007fa5d91011d0
Event: 11.324 Thread 0x00007fa5dc00a000 Uncommon trap: trap_request=0xffffffd6 fr.pc=0x00007fa5d913ffd0
Event: 11.324 Thread 0x00007fa5dc00a000 DEOPT PACKING pc=0x00007fa5d913ffd0 sp=0x00007fa5e4ac8410
Event: 11.324 Thread 0x00007fa5dc00a000 DEOPT UNPACKING pc=0x00007fa5d9039445 sp=0x00007fa5e4ac83e8 mode 2
Event: 11.334 Executing VM operation: ParallelGCFailedAllocation


Dynamic libraries:
00400000-00401000 r-xp 00000000 08:05 1977939                            /usr/lib/jvm/java-7-oracle/jre/bin/java
00600000-00601000 rw-p 00000000 08:05 1977939                            /usr/lib/jvm/java-7-oracle/jre/bin/java
01751000-01772000 rw-p 00000000 00:00 0                                  [heap]
bae00000-bc300000 rw-p 00000000 00:00 0 
bc300000-c0000000 rw-p 00000000 00:00 0 
c0000000-c3d00000 rw-p 00000000 00:00 0 
c3d00000-eaa80000 rw-p 00000000 00:00 0 
eaa80000-ee080000 rw-p 00000000 00:00 0 
f2580000-100000000 rw-p 00000000 00:00 0 
7fa5a4000000-7fa5a4021000 rw-p 00000000 00:00 0 
7fa5a4021000-7fa5a8000000 ---p 00000000 00:00 0 
7fa5a8000000-7fa5a8021000 rw-p 00000000 00:00 0 
7fa5a8021000-7fa5ac000000 ---p 00000000 00:00 0 
7fa5ac000000-7fa5acb13000 rw-p 00000000 00:00 0 
7fa5acb13000-7fa5b0000000 ---p 00000000 00:00 0 
7fa5b0000000-7fa5b084d000 rw-p 00000000 00:00 0 
7fa5b084d000-7fa5b4000000 ---p 00000000 00:00 0 
7fa5b4000000-7fa5b4021000 rw-p 00000000 00:00 0 
7fa5b4021000-7fa5b8000000 ---p 00000000 00:00 0 
7fa5b8000000-7fa5b8021000 rw-p 00000000 00:00 0 
7fa5b8021000-7fa5bc000000 ---p 00000000 00:00 0 
7fa5bc000000-7fa5bc0e2000 rw-p 00000000 00:00 0 
7fa5bc0e2000-7fa5c0000000 ---p 00000000 00:00 0 
7fa5c0000000-7fa5c0021000 rw-p 00000000 00:00 0 
7fa5c0021000-7fa5c4000000 ---p 00000000 00:00 0 
7fa5c4000000-7fa5c4021000 rw-p 00000000 00:00 0 
7fa5c4021000-7fa5c8000000 ---p 00000000 00:00 0 
7fa5c8000000-7fa5c8021000 rw-p 00000000 00:00 0 
7fa5c8021000-7fa5cc000000 ---p 00000000 00:00 0 
7fa5cc000000-7fa5cc021000 rw-p 00000000 00:00 0 
7fa5cc021000-7fa5d0000000 ---p 00000000 00:00 0 
7fa5d17db000-7fa5d1948000 rw-p 00000000 00:00 0 
7fa5d1948000-7fa5d195e000 r-xp 00000000 08:05 1978792                    /usr/lib/jvm/java-7-oracle/jre/lib/amd64/libnet.so
7fa5d195e000-7fa5d1b5e000 ---p 00016000 08:05 1978792                    /usr/lib/jvm/java-7-oracle/jre/lib/amd64/libnet.so
7fa5d1b5e000-7fa5d1b5f000 rw-p 00016000 08:05 1978792                    /usr/lib/jvm/java-7-oracle/jre/lib/amd64/libnet.so
7fa5d1b5f000-7fa5d1b6f000 r-xp 00000000 08:05 1978795                    /usr/lib/jvm/java-7-oracle/jre/lib/amd64/libnio.so
7fa5d1b6f000-7fa5d1d6f000 ---p 00010000 08:05 1978795                    /usr/lib/jvm/java-7-oracle/jre/lib/amd64/libnio.so
7fa5d1d6f000-7fa5d1d70000 rw-p 00010000 08:05 1978795                    /usr/lib/jvm/java-7-oracle/jre/lib/amd64/libnio.so
7fa5d1d70000-7fa5d4000000 rw-p 00000000 00:00 0 
7fa5d4000000-7fa5d4021000 rw-p 00000000 00:00 0 
7fa5d4021000-7fa5d8000000 ---p 00000000 00:00 0 
7fa5d8116000-7fa5d8117000 ---p 00000000 00:00 0 
7fa5d8117000-7fa5d8217000 rw-p 00000000 00:00 0                          [stack:28874]
7fa5d8217000-7fa5d821a000 ---p 00000000 00:00 0 
7fa5d821a000-7fa5d8318000 rw-p 00000000 00:00 0                          [stack:28873]
7fa5d8318000-7fa5d831b000 ---p 00000000 00:00 0 
7fa5d831b000-7fa5d8419000 rw-p 00000000 00:00 0                          [stack:28872]
7fa5d8419000-7fa5d841c000 ---p 00000000 00:00 0 
7fa5d841c000-7fa5d851a000 rw-p 00000000 00:00 0                          [stack:28871]
7fa5d851a000-7fa5d851d000 ---p 00000000 00:00 0 
7fa5d851d000-7fa5d861b000 rw-p 00000000 00:00 0                          [stack:28870]
7fa5d861b000-7fa5d8cfd000 r--p 00000000 08:05 1973176                    /usr/lib/locale/locale-archive
7fa5d8cfd000-7fa5d8d00000 ---p 00000000 00:00 0 
7fa5d8d00000-7fa5d8dfe000 rw-p 00000000 00:00 0                          [stack:28869]
7fa5d8dfe000-7fa5d8e01000 ---p 00000000 00:00 0 
7fa5d8e01000-7fa5d8eff000 rw-p 00000000 00:00 0                          [stack:28868]
7fa5d8eff000-7fa5d8f00000 ---p 00000000 00:00 0 
7fa5d8f00000-7fa5d9000000 rw-p 00000000 00:00 0                          [stack:28867]
7fa5d9000000-7fa5d9270000 rwxp 00000000 00:00 0 
7fa5d9270000-7fa5dc2a3000 rw-p 00000000 00:00 0 
7fa5dc2a3000-7fa5e0000000 ---p 00000000 00:00 0 
7fa5e00fa000-7fa5e1054000 rw-p 00000000 00:00 0 
7fa5e1054000-7fa5e1213000 r--s 039f0000 08:05 1978874                    /usr/lib/jvm/java-7-oracle/jre/lib/rt.jar
7fa5e1213000-7fa5e150d000 rw-p 00000000 00:00 0 
7fa5e150d000-7fa5e150e000 ---p 00000000 00:00 0 
7fa5e150e000-7fa5e160e000 rw-p 00000000 00:00 0                          [stack:28866]
7fa5e160e000-7fa5e160f000 ---p 00000000 00:00 0 
7fa5e160f000-7fa5e170f000 rw-p 00000000 00:00 0                          [stack:28865]
7fa5e170f000-7fa5e1710000 ---p 00000000 00:00 0 
7fa5e1710000-7fa5e1810000 rw-p 00000000 00:00 0                          [stack:28864]
7fa5e1810000-7fa5e1811000 ---p 00000000 00:00 0 
7fa5e1811000-7fa5e191c000 rw-p 00000000 00:00 0                          [stack:28863]
7fa5e191c000-7fa5e193a000 rw-p 00000000 00:00 0 
7fa5e193a000-7fa5e1959000 rw-p 00000000 00:00 0 
7fa5e1959000-7fa5e1a90000 rw-p 00000000 00:00 0 
7fa5e1a90000-7fa5e1a9b000 rw-p 00000000 00:00 0 
7fa5e1a9b000-7fa5e1ab9000 rw-p 00000000 00:00 0 
7fa5e1ab9000-7fa5e1ad8000 rw-p 00000000 00:00 0 
7fa5e1ad8000-7fa5e1c0e000 rw-p 00000000 00:00 0 
7fa5e1c0e000-7fa5e1c2a000 rw-p 00000000 00:00 0 
7fa5e1c2a000-7fa5e1cb9000 rw-p 00000000 00:00 0 
7fa5e1cb9000-7fa5e1cba000 rw-p 00000000 00:00 0 
7fa5e1cba000-7fa5e1cd4000 r-xp 00000000 08:05 1978068                    /usr/lib/jvm/java-7-oracle/jre/lib/amd64/libzip.so
7fa5e1cd4000-7fa5e1ed4000 ---p 0001a000 08:05 1978068                    /usr/lib/jvm/java-7-oracle/jre/lib/amd64/libzip.so
7fa5e1ed4000-7fa5e1ed5000 rw-p 0001a000 08:05 1978068                    /usr/lib/jvm/java-7-oracle/jre/lib/amd64/libzip.so
7fa5e1ed5000-7fa5e1ee0000 r-xp 00000000 08:05 2505604                    /lib/x86_64-linux-gnu/libnss_files-2.19.so
7fa5e1ee0000-7fa5e20df000 ---p 0000b000 08:05 2505604                    /lib/x86_64-linux-gnu/libnss_files-2.19.so
7fa5e20df000-7fa5e20e0000 r--p 0000a000 08:05 2505604                    /lib/x86_64-linux-gnu/libnss_files-2.19.so
7fa5e20e0000-7fa5e20e1000 rw-p 0000b000 08:05 2505604                    /lib/x86_64-linux-gnu/libnss_files-2.19.so
7fa5e20e1000-7fa5e20ec000 r-xp 00000000 08:05 2505645                    /lib/x86_64-linux-gnu/libnss_nis-2.19.so
7fa5e20ec000-7fa5e22eb000 ---p 0000b000 08:05 2505645                    /lib/x86_64-linux-gnu/libnss_nis-2.19.so
7fa5e22eb000-7fa5e22ec000 r--p 0000a000 08:05 2505645                    /lib/x86_64-linux-gnu/libnss_nis-2.19.so
7fa5e22ec000-7fa5e22ed000 rw-p 0000b000 08:05 2505645                    /lib/x86_64-linux-gnu/libnss_nis-2.19.so
7fa5e22ed000-7fa5e2304000 r-xp 00000000 08:05 2505623                    /lib/x86_64-linux-gnu/libnsl-2.19.so
7fa5e2304000-7fa5e2503000 ---p 00017000 08:05 2505623                    /lib/x86_64-linux-gnu/libnsl-2.19.so
7fa5e2503000-7fa5e2504000 r--p 00016000 08:05 2505623                    /lib/x86_64-linux-gnu/libnsl-2.19.so
7fa5e2504000-7fa5e2505000 rw-p 00017000 08:05 2505623                    /lib/x86_64-linux-gnu/libnsl-2.19.so
7fa5e2505000-7fa5e2507000 rw-p 00000000 00:00 0 
7fa5e2507000-7fa5e2510000 r-xp 00000000 08:05 2505621                    /lib/x86_64-linux-gnu/libnss_compat-2.19.so
7fa5e2510000-7fa5e270f000 ---p 00009000 08:05 2505621                    /lib/x86_64-linux-gnu/libnss_compat-2.19.so
7fa5e270f000-7fa5e2710000 r--p 00008000 08:05 2505621                    /lib/x86_64-linux-gnu/libnss_compat-2.19.so
7fa5e2710000-7fa5e2711000 rw-p 00009000 08:05 2505621                    /lib/x86_64-linux-gnu/libnss_compat-2.19.so
7fa5e2711000-7fa5e273a000 r-xp 00000000 08:05 1978065                    /usr/lib/jvm/java-7-oracle/jre/lib/amd64/libjava.so
7fa5e273a000-7fa5e293a000 ---p 00029000 08:05 1978065                    /usr/lib/jvm/java-7-oracle/jre/lib/amd64/libjava.so
7fa5e293a000-7fa5e293c000 rw-p 00029000 08:05 1978065                    /usr/lib/jvm/java-7-oracle/jre/lib/amd64/libjava.so
7fa5e293c000-7fa5e2949000 r-xp 00000000 08:05 1978791                    /usr/lib/jvm/java-7-oracle/jre/lib/amd64/libverify.so
7fa5e2949000-7fa5e2b48000 ---p 0000d000 08:05 1978791                    /usr/lib/jvm/java-7-oracle/jre/lib/amd64/libverify.so
7fa5e2b48000-7fa5e2b4a000 rw-p 0000c000 08:05 1978791                    /usr/lib/jvm/java-7-oracle/jre/lib/amd64/libverify.so
7fa5e2b4a000-7fa5e2b51000 r-xp 00000000 08:05 2505639                    /lib/x86_64-linux-gnu/librt-2.19.so
7fa5e2b51000-7fa5e2d50000 ---p 00007000 08:05 2505639                    /lib/x86_64-linux-gnu/librt-2.19.so
7fa5e2d50000-7fa5e2d51000 r--p 00006000 08:05 2505639                    /lib/x86_64-linux-gnu/librt-2.19.so
7fa5e2d51000-7fa5e2d52000 rw-p 00007000 08:05 2505639                    /lib/x86_64-linux-gnu/librt-2.19.so
7fa5e2d52000-7fa5e2e57000 r-xp 00000000 08:05 2505603                    /lib/x86_64-linux-gnu/libm-2.19.so
7fa5e2e57000-7fa5e3056000 ---p 00105000 08:05 2505603                    /lib/x86_64-linux-gnu/libm-2.19.so
7fa5e3056000-7fa5e3057000 r--p 00104000 08:05 2505603                    /lib/x86_64-linux-gnu/libm-2.19.so
7fa5e3057000-7fa5e3058000 rw-p 00105000 08:05 2505603                    /lib/x86_64-linux-gnu/libm-2.19.so
7fa5e3058000-7fa5e3bcd000 r-xp 00000000 08:05 1978771                    /usr/lib/jvm/java-7-oracle/jre/lib/amd64/server/libjvm.so
7fa5e3bcd000-7fa5e3dcd000 ---p 00b75000 08:05 1978771                    /usr/lib/jvm/java-7-oracle/jre/lib/amd64/server/libjvm.so
7fa5e3dcd000-7fa5e3e91000 rw-p 00b75000 08:05 1978771                    /usr/lib/jvm/java-7-oracle/jre/lib/amd64/server/libjvm.so
7fa5e3e91000-7fa5e3ed2000 rw-p 00000000 00:00 0 
7fa5e3ed2000-7fa5e408d000 r-xp 00000000 08:05 2505633                    /lib/x86_64-linux-gnu/libc-2.19.so
7fa5e408d000-7fa5e428c000 ---p 001bb000 08:05 2505633                    /lib/x86_64-linux-gnu/libc-2.19.so
7fa5e428c000-7fa5e4290000 r--p 001ba000 08:05 2505633                    /lib/x86_64-linux-gnu/libc-2.19.so
7fa5e4290000-7fa5e4292000 rw-p 001be000 08:05 2505633                    /lib/x86_64-linux-gnu/libc-2.19.so
7fa5e4292000-7fa5e4297000 rw-p 00000000 00:00 0 
7fa5e4297000-7fa5e429a000 r-xp 00000000 08:05 2505614                    /lib/x86_64-linux-gnu/libdl-2.19.so
7fa5e429a000-7fa5e4499000 ---p 00003000 08:05 2505614                    /lib/x86_64-linux-gnu/libdl-2.19.so
7fa5e4499000-7fa5e449a000 r--p 00002000 08:05 2505614                    /lib/x86_64-linux-gnu/libdl-2.19.so
7fa5e449a000-7fa5e449b000 rw-p 00003000 08:05 2505614                    /lib/x86_64-linux-gnu/libdl-2.19.so
7fa5e449b000-7fa5e44b1000 r-xp 00000000 08:05 1978802                    /usr/lib/jvm/java-7-oracle/jre/lib/amd64/jli/libjli.so
7fa5e44b1000-7fa5e46b1000 ---p 00016000 08:05 1978802                    /usr/lib/jvm/java-7-oracle/jre/lib/amd64/jli/libjli.so
7fa5e46b1000-7fa5e46b2000 rw-p 00016000 08:05 1978802                    /usr/lib/jvm/java-7-oracle/jre/lib/amd64/jli/libjli.so
7fa5e46b2000-7fa5e46cb000 r-xp 00000000 08:05 2505635                    /lib/x86_64-linux-gnu/libpthread-2.19.so
7fa5e46cb000-7fa5e48ca000 ---p 00019000 08:05 2505635                    /lib/x86_64-linux-gnu/libpthread-2.19.so
7fa5e48ca000-7fa5e48cb000 r--p 00018000 08:05 2505635                    /lib/x86_64-linux-gnu/libpthread-2.19.so
7fa5e48cb000-7fa5e48cc000 rw-p 00019000 08:05 2505635                    /lib/x86_64-linux-gnu/libpthread-2.19.so
7fa5e48cc000-7fa5e48d0000 rw-p 00000000 00:00 0 
7fa5e48d0000-7fa5e48f3000 r-xp 00000000 08:05 2505627                    /lib/x86_64-linux-gnu/ld-2.19.so
7fa5e48f6000-7fa5e48fa000 r--s 0008b000 08:05 1978053                    /usr/lib/jvm/java-7-oracle/jre/lib/jsse.jar
7fa5e48fa000-7fa5e4909000 r--s 000dd000 08:05 3948531                    /home/vladislav/Development/android-sdk-linux/build-tools/22.0.0/lib/dx.jar
7fa5e4909000-7fa5e4913000 rw-p 00000000 00:00 0 
7fa5e4913000-7fa5e49c9000 rw-p 00000000 00:00 0 
7fa5e49c9000-7fa5e49cc000 ---p 00000000 00:00 0 
7fa5e49cc000-7fa5e4ace000 rw-p 00000000 00:00 0                          [stack:28862]
7fa5e4acf000-7fa5e4ae6000 rw-p 00000000 00:00 0 
7fa5e4ae6000-7fa5e4aee000 rw-s 00000000 08:05 1723782                    /tmp/hsperfdata_vladislav/28854
7fa5e4aee000-7fa5e4aef000 rw-p 00000000 00:00 0 
7fa5e4aef000-7fa5e4af0000 ---p 00000000 00:00 0 
7fa5e4af0000-7fa5e4af2000 rw-p 00000000 00:00 0 
7fa5e4af2000-7fa5e4af3000 r--p 00022000 08:05 2505627                    /lib/x86_64-linux-gnu/ld-2.19.so
7fa5e4af3000-7fa5e4af4000 rw-p 00023000 08:05 2505627                    /lib/x86_64-linux-gnu/ld-2.19.so
7fa5e4af4000-7fa5e4af5000 rw-p 00000000 00:00 0 
7fffea479000-7fffea49b000 rw-p 00000000 00:00 0                          [stack]
7fffea52a000-7fffea52c000 r-xp 00000000 00:00 0                          [vdso]
ffffffffff600000-ffffffffff601000 r-xp 00000000 00:00 0                  [vsyscall]

VM Arguments:
jvm_args: -Xmx1024M 
java_command: /home/vladislav/Development/android-sdk-linux/build-tools/22.0.0/lib/dx.jar --dex --no-optimize --output /home/vladislav/workspace/helper-android/app/build/intermediates/dex/debug --input-list=/home/vladislav/workspace/helper-android/app/build/intermediates/tmp/dex/debug/inputList.txt
Launcher Type: SUN_STANDARD

Environment Variables:
PATH=/home/vladislav/.rvm/gems/ruby-2.1.3/bin:/home/vladislav/.rvm/gems/ruby-2.1.3@global/bin:/home/vladislav/.rvm/rubies/ruby-2.1.3/bin:/usr/local/sbin:/usr/local/bin:/usr/sbin:/usr/bin:/sbin:/bin:/usr/games:/usr/local/games:/home/vladislav/Development/android-sdk-linux/tools:/home/vladislav/Development/android-sdk-linux/platform-tools:/home/vladislav/Development/idea-IC-139.224.1/bin:/home/vladislav/.rvm/bin:/home/vladislav/Development/android-studio/bin:/home/vladislav/Development/gradle-2.2.1:/home/vladislav/Development/android-sdk-linux/tools:/home/vladislav/Development/android-sdk-linux/platform-tools:/home/vladislav/Development/idea-IC-139.224.1/bin:/home/vladislav/.rvm/bin:/home/vladislav/.rvm/bin:/home/vladislav/Development/android-studio/bin:/home/vladislav/Development/gradle-2.2.1
LD_LIBRARY_PATH=/home/vladislav/Development/android-studio/bin:
SHELL=/bin/bash
DISPLAY=:0

Signal Handlers:
SIGSEGV: [libjvm.so+0x9a3bd0], sa_mask[0]=0x7ffbfeff, sa_flags=0x10000004
SIGBUS: [libjvm.so+0x9a3bd0], sa_mask[0]=0x7ffbfeff, sa_flags=0x10000004
SIGFPE: [libjvm.so+0x81cb60], sa_mask[0]=0x7ffbfeff, sa_flags=0x10000004
SIGPIPE: [libjvm.so+0x81cb60], sa_mask[0]=0x7ffbfeff, sa_flags=0x10000004
SIGXFSZ: [libjvm.so+0x81cb60], sa_mask[0]=0x7ffbfeff, sa_flags=0x10000004
SIGILL: [libjvm.so+0x81cb60], sa_mask[0]=0x7ffbfeff, sa_flags=0x10000004
SIGUSR1: SIG_DFL, sa_mask[0]=0x00000000, sa_flags=0x00000000
SIGUSR2: [libjvm.so+0x81e360], sa_mask[0]=0x00000004, sa_flags=0x10000004
SIGHUP: [libjvm.so+0x81f480], sa_mask[0]=0x7ffbfeff, sa_flags=0x10000004
SIGINT: [libjvm.so+0x81f480], sa_mask[0]=0x7ffbfeff, sa_flags=0x10000004
SIGTERM: [libjvm.so+0x81f480], sa_mask[0]=0x7ffbfeff, sa_flags=0x10000004
SIGQUIT: [libjvm.so+0x81f480], sa_mask[0]=0x7ffbfeff, sa_flags=0x10000004


---------------  S Y S T E M  ---------------

OS:jessie/sid

uname:Linux 3.13.0-46-generic #77-Ubuntu SMP Mon Mar 2 18:23:39 UTC 2015 x86_64
libc:glibc 2.19 NPTL 2.19 
rlimit: STACK 8192k, CORE 0k, NPROC 46672, NOFILE 4096, AS infinity
load average:3.00 2.02 1.93

/proc/meminfo:
MemTotal:        5995700 kB
MemFree:          125928 kB
Buffers:             344 kB
Cached:           669936 kB
SwapCached:            0 kB
Active:          3747896 kB
Inactive:         660388 kB
Active(anon):    3741636 kB
Inactive(anon):   635292 kB
Active(file):       6260 kB
Inactive(file):    25096 kB
Unevictable:          32 kB
Mlocked:              32 kB
SwapTotal:             0 kB
SwapFree:              0 kB
Dirty:              1512 kB
Writeback:             0 kB
AnonPages:       3738440 kB
Mapped:          1494316 kB
Shmem:            638520 kB
Slab:              80720 kB
SReclaimable:      32152 kB
SUnreclaim:        48568 kB
KernelStack:        5408 kB
PageTables:        45424 kB
NFS_Unstable:          0 kB
Bounce:                0 kB
WritebackTmp:          0 kB
CommitLimit:     2997848 kB
Committed_AS:    9783656 kB
VmallocTotal:   34359738367 kB
VmallocUsed:      412160 kB
VmallocChunk:   34359315452 kB
HardwareCorrupted:     0 kB
AnonHugePages:   1740800 kB
HugePages_Total:       0
HugePages_Free:        0
HugePages_Rsvd:        0
HugePages_Surp:        0
Hugepagesize:       2048 kB
DirectMap4k:       92184 kB
DirectMap2M:     6082560 kB


CPU:total 4 (2 cores per cpu, 2 threads per core) family 6 model 58 stepping 9, cmov, cx8, fxsr, mmx, sse, sse2, sse3, ssse3, sse4.1, sse4.2, popcnt, avx, aes, erms, ht, tsc, tscinvbit, tscinv

/proc/cpuinfo:
processor	: 0
vendor_id	: GenuineIntel
cpu family	: 6
model		: 58
model name	: Intel(R) Core(TM) i5-3230M CPU @ 2.60GHz
stepping	: 9
microcode	: 0x15
cpu MHz		: 2601.000
cache size	: 3072 KB
physical id	: 0
siblings	: 4
core id		: 0
cpu cores	: 2
apicid		: 0
initial apicid	: 0
fpu		: yes
fpu_exception	: yes
cpuid level	: 13
wp		: yes
flags		: fpu vme de pse tsc msr pae mce cx8 apic sep mtrr pge mca cmov pat pse36 clflush dts acpi mmx fxsr sse sse2 ss ht tm pbe syscall nx rdtscp lm constant_tsc arch_perfmon pebs bts rep_good nopl xtopology nonstop_tsc aperfmperf eagerfpu pni pclmulqdq dtes64 monitor ds_cpl vmx est tm2 ssse3 cx16 xtpr pdcm pcid sse4_1 sse4_2 x2apic popcnt tsc_deadline_timer aes xsave avx f16c rdrand lahf_lm ida arat epb xsaveopt pln pts dtherm tpr_shadow vnmi flexpriority ept vpid fsgsbase smep erms
bogomips	: 5188.27
clflush size	: 64
cache_alignment	: 64
address sizes	: 36 bits physical, 48 bits virtual
power management:

processor	: 1
vendor_id	: GenuineIntel
cpu family	: 6
model		: 58
model name	: Intel(R) Core(TM) i5-3230M CPU @ 2.60GHz
stepping	: 9
microcode	: 0x15
cpu MHz		: 2601.000
cache size	: 3072 KB
physical id	: 0
siblings	: 4
core id		: 1
cpu cores	: 2
apicid		: 2
initial apicid	: 2
fpu		: yes
fpu_exception	: yes
cpuid level	: 13
wp		: yes
flags		: fpu vme de pse tsc msr pae mce cx8 apic sep mtrr pge mca cmov pat pse36 clflush dts acpi mmx fxsr sse sse2 ss ht tm pbe syscall nx rdtscp lm constant_tsc arch_perfmon pebs bts rep_good nopl xtopology nonstop_tsc aperfmperf eagerfpu pni pclmulqdq dtes64 monitor ds_cpl vmx est tm2 ssse3 cx16 xtpr pdcm pcid sse4_1 sse4_2 x2apic popcnt tsc_deadline_timer aes xsave avx f16c rdrand lahf_lm ida arat epb xsaveopt pln pts dtherm tpr_shadow vnmi flexpriority ept vpid fsgsbase smep erms
bogomips	: 5188.27
clflush size	: 64
cache_alignment	: 64
address sizes	: 36 bits physical, 48 bits virtual
power management:

processor	: 2
vendor_id	: GenuineIntel
cpu family	: 6
model		: 58
model name	: Intel(R) Core(TM) i5-3230M CPU @ 2.60GHz
stepping	: 9
microcode	: 0x15
cpu MHz		: 2601.000
cache size	: 3072 KB
physical id	: 0
siblings	: 4
core id		: 0
cpu cores	: 2
apicid		: 1
initial apicid	: 1
fpu		: yes
fpu_exception	: yes
cpuid level	: 13
wp		: yes
flags		: fpu vme de pse tsc msr pae mce cx8 apic sep mtrr pge mca cmov pat pse36 clflush dts acpi mmx fxsr sse sse2 ss ht tm pbe syscall nx rdtscp lm constant_tsc arch_perfmon pebs bts rep_good nopl xtopology nonstop_tsc aperfmperf eagerfpu pni pclmulqdq dtes64 monitor ds_cpl vmx est tm2 ssse3 cx16 xtpr pdcm pcid sse4_1 sse4_2 x2apic popcnt tsc_deadline_timer aes xsave avx f16c rdrand lahf_lm ida arat epb xsaveopt pln pts dtherm tpr_shadow vnmi flexpriority ept vpid fsgsbase smep erms
bogomips	: 5188.27
clflush size	: 64
cache_alignment	: 64
address sizes	: 36 bits physical, 48 bits virtual
power management:

processor	: 3
vendor_id	: GenuineIntel
cpu family	: 6
model		: 58
model name	: Intel(R) Core(TM) i5-3230M CPU @ 2.60GHz
stepping	: 9
microcode	: 0x15
cpu MHz		: 2601.000
cache size	: 3072 KB
physical id	: 0
siblings	: 4
core id		: 1
cpu cores	: 2
apicid		: 3
initial apicid	: 3
fpu		: yes
fpu_exception	: yes
cpuid level	: 13
wp		: yes
flags		: fpu vme de pse tsc msr pae mce cx8 apic sep mtrr pge mca cmov pat pse36 clflush dts acpi mmx fxsr sse sse2 ss ht tm pbe syscall nx rdtscp lm constant_tsc arch_perfmon pebs bts rep_good nopl xtopology nonstop_tsc aperfmperf eagerfpu pni pclmulqdq dtes64 monitor ds_cpl vmx est tm2 ssse3 cx16 xtpr pdcm pcid sse4_1 sse4_2 x2apic popcnt tsc_deadline_timer aes xsave avx f16c rdrand lahf_lm ida arat epb xsaveopt pln pts dtherm tpr_shadow vnmi flexpriority ept vpid fsgsbase smep erms
bogomips	: 5188.27
clflush size	: 64
cache_alignment	: 64
address sizes	: 36 bits physical, 48 bits virtual
power management:



Memory: 4k page, physical 5995700k(125928k free), swap 0k(0k free)

vm_info: Java HotSpot(TM) 64-Bit Server VM (24.76-b04) for linux-amd64 JRE (1.7.0_76-b13), built on Dec 18 2014 16:58:39 by "java_re" with gcc 4.3.0 20080428 (Red Hat 4.3.0-8)

time: Sun Apr 19 13:04:55 2015
elapsed time: 15 seconds

